<?xml version="1.0" encoding="UTF-8"?>
<testsuite xmlns:xsi="http://www.w3.org/2001/XMLSchema-instance" xsi:noNamespaceSchemaLocation="https://maven.apache.org/surefire/maven-surefire-plugin/xsd/surefire-test-report.xsd" name="com.bytmasoft.dss.token.test.UserPrincipalUnitTest" time="0.318" tests="9" errors="0" skipped="0" failures="0">
  <properties>
[...]
</properties>
  <testcase name="testGetPassword" classname="com.bytmasoft.dss.token.test.UserPrincipalUnitTest" time="0.041"/>
  <testcase name="testGetEmail" classname="com.bytmasoft.dss.token.test.UserPrincipalUnitTest" time="0"/>
  <testcase name="testIsEnabled" classname="com.bytmasoft.dss.token.test.UserPrincipalUnitTest" time="0.005"/>
  <testcase name="testGetAuthorities" classname="com.bytmasoft.dss.token.test.UserPrincipalUnitTest" time="0.004"/>
  <testcase name="testIsAccountNonExpired" classname="com.bytmasoft.dss.token.test.UserPrincipalUnitTest" time="0.13"/>
  <testcase name="testGetSalz" classname="com.bytmasoft.dss.token.test.UserPrincipalUnitTest" time="0.004"/>
  <testcase name="testIsAccountNonLocked" classname="com.bytmasoft.dss.token.test.UserPrincipalUnitTest" time="0.03"/>
  <testcase name="testGetUsername" classname="com.bytmasoft.dss.token.test.UserPrincipalUnitTest" time="0.001"/>
  <testcase name="testIsCredentialsNonExpired" classname="com.bytmasoft.dss.token.test.UserPrincipalUnitTest" time="0.003"/>
</testsuite>