-------------------------------------------------------------------------------
Test set: com.bytmasoft.um.services.CountryServiceTest
-------------------------------------------------------------------------------
Tests run: 16, Failures: 2, Errors: 6, Skipped: 0, Time elapsed: 0.467 s <<< FAILURE! - in com.bytmasoft.um.services.CountryServiceTest
testCreate  Time elapsed: 0.112 s  <<< ERROR!
org.springframework.dao.DataIntegrityViolationException: could not execute statement; SQL [n/a]; constraint [country.UK_llidyp77h6xkeokpbmoy710d4]; nested exception is org.hibernate.exception.ConstraintViolationException: could not execute statement
	at com.bytmasoft.um.services.CountryServiceTest.lambda$testCreate$0(CountryServiceTest.java:117)
	at com.bytmasoft.um.services.CountryServiceTest.testCreate(CountryServiceTest.java:116)
Caused by: org.hibernate.exception.ConstraintViolationException: could not execute statement
	at com.bytmasoft.um.services.CountryServiceTest.lambda$testCreate$0(CountryServiceTest.java:117)
	at com.bytmasoft.um.services.CountryServiceTest.testCreate(CountryServiceTest.java:116)
Caused by: java.sql.SQLIntegrityConstraintViolationException: Duplicate entry 'Egypt' for key 'country.UK_llidyp77h6xkeokpbmoy710d4'
	at com.bytmasoft.um.services.CountryServiceTest.lambda$testCreate$0(CountryServiceTest.java:117)
	at com.bytmasoft.um.services.CountryServiceTest.testCreate(CountryServiceTest.java:116)

testFindOne  Time elapsed: 0.011 s  <<< ERROR!
com.bytmasoft.common.exception.MyEntityNotFoundException: There is no country with this id : 17
	at com.bytmasoft.um.services.CountryServiceTest.testFindOne(CountryServiceTest.java:53)

testFindAllPaginatedAndSorted  Time elapsed: 0.006 s  <<< ERROR!
java.lang.IllegalArgumentException: Page size must not be less than one!
	at com.bytmasoft.um.services.CountryServiceTest.testFindAllPaginatedAndSorted(CountryServiceTest.java:105)

testUpdate  Time elapsed: 0.012 s  <<< ERROR!
com.bytmasoft.common.exception.MyEntityNotFoundException: There is no country with this id : 17
	at com.bytmasoft.um.services.CountryServiceTest.testUpdate(CountryServiceTest.java:129)

testCountActiveResources  Time elapsed: 0.03 s  <<< FAILURE!
java.lang.AssertionError: 

Expecting:
 <3>
to be greater than:
 <3> 
	at com.bytmasoft.um.services.CountryServiceTest.testCountActiveResources(CountryServiceTest.java:176)

testDeactivateById  Time elapsed: 0.01 s  <<< ERROR!
com.bytmasoft.common.exception.MyEntityNotFoundException: There is no country with this id : 17
	at com.bytmasoft.um.services.CountryServiceTest.testDeactivateById(CountryServiceTest.java:208)

testActivateById  Time elapsed: 0.011 s  <<< ERROR!
com.bytmasoft.common.exception.MyEntityNotFoundException: There is no country with this id : 17
	at com.bytmasoft.um.services.CountryServiceTest.testActivateById(CountryServiceTest.java:196)

testFindAllInActive  Time elapsed: 0.009 s  <<< FAILURE!
java.lang.AssertionError: 

Expecting actual not to be empty
	at com.bytmasoft.um.services.CountryServiceTest.testFindAllInActive(CountryServiceTest.java:85)

