-------------------------------------------------------------------------------
Test set: com.bytmasoft.um.controller.RoleControllerTest
-------------------------------------------------------------------------------
Tests run: 15, Failures: 15, Errors: 0, Skipped: 0, Time elapsed: 0.006 s <<< FAILURE! - in com.bytmasoft.um.controller.RoleControllerTest
testGetOnlyOneRoleForThisUserId  Time elapsed: 0.001 s  <<< FAILURE!
org.opentest4j.AssertionFailedError: Not yet implemented
	at com.bytmasoft.um.controller.RoleControllerTest.testGetOnlyOneRoleForThisUserId(RoleControllerTest.java:102)

testAddPrivilegeToUser  Time elapsed: 0 s  <<< FAILURE!
org.opentest4j.AssertionFailedError: Not yet implemented
	at com.bytmasoft.um.controller.RoleControllerTest.testAddPrivilegeToUser(RoleControllerTest.java:46)

testGetRoles  Time elapsed: 0 s  <<< FAILURE!
org.opentest4j.AssertionFailedError: Not yet implemented
	at com.bytmasoft.um.controller.RoleControllerTest.testGetRoles(RoleControllerTest.java:70)

testUpdateRole  Time elapsed: 0 s  <<< FAILURE!
org.opentest4j.AssertionFailedError: Not yet implemented
	at com.bytmasoft.um.controller.RoleControllerTest.testUpdateRole(RoleControllerTest.java:126)

testFindPrivilegeById  Time elapsed: 0.001 s  <<< FAILURE!
org.opentest4j.AssertionFailedError: Not yet implemented
	at com.bytmasoft.um.controller.RoleControllerTest.testFindPrivilegeById(RoleControllerTest.java:22)

testGetAllActiveRole  Time elapsed: 0.001 s  <<< FAILURE!
org.opentest4j.AssertionFailedError: Not yet implemented
	at com.bytmasoft.um.controller.RoleControllerTest.testGetAllActiveRole(RoleControllerTest.java:78)

testGetPrivileges  Time elapsed: 0 s  <<< FAILURE!
org.opentest4j.AssertionFailedError: Not yet implemented
	at com.bytmasoft.um.controller.RoleControllerTest.testGetPrivileges(RoleControllerTest.java:30)

testCreateRole  Time elapsed: 0 s  <<< FAILURE!
org.opentest4j.AssertionFailedError: Not yet implemented
	at com.bytmasoft.um.controller.RoleControllerTest.testCreateRole(RoleControllerTest.java:110)

testAssignPrivilegeToRole  Time elapsed: 0 s  <<< FAILURE!
org.opentest4j.AssertionFailedError: Not yet implemented
	at com.bytmasoft.um.controller.RoleControllerTest.testAssignPrivilegeToRole(RoleControllerTest.java:118)

testFindRoleById  Time elapsed: 0 s  <<< FAILURE!
org.opentest4j.AssertionFailedError: Not yet implemented
	at com.bytmasoft.um.controller.RoleControllerTest.testFindRoleById(RoleControllerTest.java:62)

testDeleteRole  Time elapsed: 0 s  <<< FAILURE!
org.opentest4j.AssertionFailedError: Not yet implemented
	at com.bytmasoft.um.controller.RoleControllerTest.testDeleteRole(RoleControllerTest.java:134)

testCreatePrivilege  Time elapsed: 0.001 s  <<< FAILURE!
org.opentest4j.AssertionFailedError: Not yet implemented
	at com.bytmasoft.um.controller.RoleControllerTest.testCreatePrivilege(RoleControllerTest.java:54)

testFindByRequestParams  Time elapsed: 0 s  <<< FAILURE!
org.opentest4j.AssertionFailedError: Not yet implemented
	at com.bytmasoft.um.controller.RoleControllerTest.testFindByRequestParams(RoleControllerTest.java:38)

testGetAllInActiveRoles  Time elapsed: 0 s  <<< FAILURE!
org.opentest4j.AssertionFailedError: Not yet implemented
	at com.bytmasoft.um.controller.RoleControllerTest.testGetAllInActiveRoles(RoleControllerTest.java:86)

testGetAllRolesForThisUserId  Time elapsed: 0 s  <<< FAILURE!
org.opentest4j.AssertionFailedError: Not yet implemented
	at com.bytmasoft.um.controller.RoleControllerTest.testGetAllRolesForThisUserId(RoleControllerTest.java:94)

