-------------------------------------------------------------------------------
Test set: com.bytmasoft.um.services.SchoolServiceTest
-------------------------------------------------------------------------------
Tests run: 23, Failures: 21, Errors: 1, Skipped: 0, Time elapsed: 0.079 s <<< FAILURE! - in com.bytmasoft.um.services.SchoolServiceTest
testCountActiveResources  Time elapsed: 0 s  <<< FAILURE!
org.opentest4j.AssertionFailedError: Not yet implemented
	at com.bytmasoft.um.services.SchoolServiceTest.testCountActiveResources(SchoolServiceTest.java:154)

testFindAllResources  Time elapsed: 0 s  <<< FAILURE!
org.opentest4j.AssertionFailedError: Not yet implemented
	at com.bytmasoft.um.services.SchoolServiceTest.testFindAllResources(SchoolServiceTest.java:60)

testFindUsersBySchoolId  Time elapsed: 0 s  <<< FAILURE!
org.opentest4j.AssertionFailedError: Not yet implemented
	at com.bytmasoft.um.services.SchoolServiceTest.testFindUsersBySchoolId(SchoolServiceTest.java:226)

testActivateAll  Time elapsed: 0 s  <<< FAILURE!
org.opentest4j.AssertionFailedError: Not yet implemented
	at com.bytmasoft.um.services.SchoolServiceTest.testActivateAll(SchoolServiceTest.java:190)

testFindOne  Time elapsed: 0.003 s  <<< FAILURE!
org.opentest4j.AssertionFailedError: Not yet implemented
	at com.bytmasoft.um.services.SchoolServiceTest.testFindOne(SchoolServiceTest.java:51)

testCount  Time elapsed: 0.003 s  <<< FAILURE!
org.opentest4j.AssertionFailedError: Not yet implemented
	at com.bytmasoft.um.services.SchoolServiceTest.testCount(SchoolServiceTest.java:145)

testFindByName  Time elapsed: 0.004 s  <<< FAILURE!
org.opentest4j.AssertionFailedError: Not yet implemented
	at com.bytmasoft.um.services.SchoolServiceTest.testFindByName(SchoolServiceTest.java:208)

testFindByType  Time elapsed: 0.004 s  <<< FAILURE!
org.opentest4j.AssertionFailedError: Not yet implemented
	at com.bytmasoft.um.services.SchoolServiceTest.testFindByType(SchoolServiceTest.java:217)

testDeleteAllInActiveResources  Time elapsed: 0.003 s  <<< FAILURE!
org.opentest4j.AssertionFailedError: Not yet implemented
	at com.bytmasoft.um.services.SchoolServiceTest.testDeleteAllInActiveResources(SchoolServiceTest.java:136)

testDeactivateById  Time elapsed: 0.002 s  <<< FAILURE!
org.opentest4j.AssertionFailedError: Not yet implemented
	at com.bytmasoft.um.services.SchoolServiceTest.testDeactivateById(SchoolServiceTest.java:181)

testFindAddressBySchoolId  Time elapsed: 0.003 s  <<< FAILURE!
org.opentest4j.AssertionFailedError: Not yet implemented
	at com.bytmasoft.um.services.SchoolServiceTest.testFindAddressBySchoolId(SchoolServiceTest.java:235)

testActivateById  Time elapsed: 0.002 s  <<< FAILURE!
org.opentest4j.AssertionFailedError: Not yet implemented
	at com.bytmasoft.um.services.SchoolServiceTest.testActivateById(SchoolServiceTest.java:172)

testDeleteAll  Time elapsed: 0.003 s  <<< FAILURE!
org.opentest4j.AssertionFailedError: Not yet implemented
	at com.bytmasoft.um.services.SchoolServiceTest.testDeleteAll(SchoolServiceTest.java:127)

testFindAllInActive  Time elapsed: 0.003 s  <<< FAILURE!
org.opentest4j.AssertionFailedError: Not yet implemented
	at com.bytmasoft.um.services.SchoolServiceTest.testFindAllInActive(SchoolServiceTest.java:69)

testCountInActiveResources  Time elapsed: 0.003 s  <<< FAILURE!
org.opentest4j.AssertionFailedError: Not yet implemented
	at com.bytmasoft.um.services.SchoolServiceTest.testCountInActiveResources(SchoolServiceTest.java:163)

testFindAllPaginatedAndSorted  Time elapsed: 0.003 s  <<< FAILURE!
org.opentest4j.AssertionFailedError: Not yet implemented
	at com.bytmasoft.um.services.SchoolServiceTest.testFindAllPaginatedAndSorted(SchoolServiceTest.java:87)

testDeleteById  Time elapsed: 0.003 s  <<< FAILURE!
org.opentest4j.AssertionFailedError: Not yet implemented
	at com.bytmasoft.um.services.SchoolServiceTest.testDeleteById(SchoolServiceTest.java:118)

testFindAllActive  Time elapsed: 0.002 s  <<< FAILURE!
org.opentest4j.AssertionFailedError: Not yet implemented
	at com.bytmasoft.um.services.SchoolServiceTest.testFindAllActive(SchoolServiceTest.java:78)

testCreate  Time elapsed: 0.007 s  <<< ERROR!
javax.persistence.EntityNotFoundException: There is no user with this id: 3
	at com.bytmasoft.um.services.SchoolServiceTest.getSchools(SchoolServiceTest.java:263)
	at com.bytmasoft.um.services.SchoolServiceTest.testCreate(SchoolServiceTest.java:96)

testSetUpdateParams  Time elapsed: 0.002 s  <<< FAILURE!
org.opentest4j.AssertionFailedError: Not yet implemented
	at com.bytmasoft.um.services.SchoolServiceTest.testSetUpdateParams(SchoolServiceTest.java:244)

testDeactivateAll  Time elapsed: 0.002 s  <<< FAILURE!
org.opentest4j.AssertionFailedError: Not yet implemented
	at com.bytmasoft.um.services.SchoolServiceTest.testDeactivateAll(SchoolServiceTest.java:199)

testUpdate  Time elapsed: 0.002 s  <<< FAILURE!
org.opentest4j.AssertionFailedError: Not yet implemented
	at com.bytmasoft.um.services.SchoolServiceTest.testUpdate(SchoolServiceTest.java:109)

