-------------------------------------------------------------------------------
Test set: com.bytmasoft.um.services.RoleServiceTest
-------------------------------------------------------------------------------
Tests run: 18, Failures: 0, Errors: 8, Skipped: 0, Time elapsed: 0.677 s <<< FAILURE! - in com.bytmasoft.um.services.RoleServiceTest
testFindAllRolesForThisUserId  Time elapsed: 0.011 s  <<< ERROR!
org.springframework.dao.InvalidDataAccessResourceUsageException: could not extract ResultSet; SQL [n/a]; nested exception is org.hibernate.exception.SQLGrammarException: could not extract ResultSet
	at com.bytmasoft.um.services.RoleServiceTest.testFindAllRolesForThisUserId(RoleServiceTest.java:114)
Caused by: org.hibernate.exception.SQLGrammarException: could not extract ResultSet
	at com.bytmasoft.um.services.RoleServiceTest.testFindAllRolesForThisUserId(RoleServiceTest.java:114)
Caused by: java.sql.SQLSyntaxErrorException: Table 'bytmasoft.user_role' doesn't exist
	at com.bytmasoft.um.services.RoleServiceTest.testFindAllRolesForThisUserId(RoleServiceTest.java:114)

testUpdate  Time elapsed: 0.077 s  <<< ERROR!
org.hibernate.LazyInitializationException: failed to lazily initialize a collection of role: com.bytmasoft.domain.models.Privilege.roles, could not initialize proxy - no Session
	at com.bytmasoft.um.services.RoleServiceTest.testUpdate(RoleServiceTest.java:209)

testDeactivateById  Time elapsed: 0.017 s  <<< ERROR!
com.bytmasoft.common.exception.MyEntityNotFoundException: There is no role with this id: 6
	at com.bytmasoft.um.services.RoleServiceTest.testDeactivateById(RoleServiceTest.java:277)

testFindByType  Time elapsed: 0 s  <<< ERROR!
java.lang.IllegalArgumentException: No enum constant com.bytmasoft.domain.enums.RoleType.USER
	at com.bytmasoft.um.services.RoleServiceTest.testFindByType(RoleServiceTest.java:354)

testFindRolesByUserId  Time elapsed: 0.008 s  <<< ERROR!
org.springframework.dao.InvalidDataAccessResourceUsageException: could not extract ResultSet; SQL [n/a]; nested exception is org.hibernate.exception.SQLGrammarException: could not extract ResultSet
	at com.bytmasoft.um.services.RoleServiceTest.testFindRolesByUserId(RoleServiceTest.java:384)
Caused by: org.hibernate.exception.SQLGrammarException: could not extract ResultSet
	at com.bytmasoft.um.services.RoleServiceTest.testFindRolesByUserId(RoleServiceTest.java:384)
Caused by: java.sql.SQLSyntaxErrorException: Table 'bytmasoft.user_role' doesn't exist
	at com.bytmasoft.um.services.RoleServiceTest.testFindRolesByUserId(RoleServiceTest.java:384)

testFindRoleByUserIdAndRoleId  Time elapsed: 0.009 s  <<< ERROR!
org.springframework.dao.InvalidDataAccessResourceUsageException: could not extract ResultSet; SQL [n/a]; nested exception is org.hibernate.exception.SQLGrammarException: could not extract ResultSet
	at com.bytmasoft.um.services.RoleServiceTest.testFindRoleByUserIdAndRoleId(RoleServiceTest.java:395)
Caused by: org.hibernate.exception.SQLGrammarException: could not extract ResultSet
	at com.bytmasoft.um.services.RoleServiceTest.testFindRoleByUserIdAndRoleId(RoleServiceTest.java:395)
Caused by: java.sql.SQLSyntaxErrorException: Table 'bytmasoft.user_role' doesn't exist
	at com.bytmasoft.um.services.RoleServiceTest.testFindRoleByUserIdAndRoleId(RoleServiceTest.java:395)

testAddPrivilegeToRole  Time elapsed: 0.079 s  <<< ERROR!
org.springframework.dao.DataIntegrityViolationException: could not execute statement; SQL [n/a]; constraint [role_privilege.PRIMARY]; nested exception is org.hibernate.exception.ConstraintViolationException: could not execute statement
	at com.bytmasoft.um.services.RoleServiceTest.lambda$null$1(RoleServiceTest.java:184)
	at com.bytmasoft.um.services.RoleServiceTest.lambda$testAddPrivilegeToRole$2(RoleServiceTest.java:181)
	at com.bytmasoft.um.services.RoleServiceTest.testAddPrivilegeToRole(RoleServiceTest.java:178)
Caused by: org.hibernate.exception.ConstraintViolationException: could not execute statement
	at com.bytmasoft.um.services.RoleServiceTest.lambda$null$1(RoleServiceTest.java:184)
	at com.bytmasoft.um.services.RoleServiceTest.lambda$testAddPrivilegeToRole$2(RoleServiceTest.java:181)
	at com.bytmasoft.um.services.RoleServiceTest.testAddPrivilegeToRole(RoleServiceTest.java:178)
Caused by: java.sql.SQLIntegrityConstraintViolationException: Duplicate entry '2-1' for key 'role_privilege.PRIMARY'
	at com.bytmasoft.um.services.RoleServiceTest.lambda$null$1(RoleServiceTest.java:184)
	at com.bytmasoft.um.services.RoleServiceTest.lambda$testAddPrivilegeToRole$2(RoleServiceTest.java:181)
	at com.bytmasoft.um.services.RoleServiceTest.testAddPrivilegeToRole(RoleServiceTest.java:178)

testFindOne  Time elapsed: 0.006 s  <<< ERROR!
com.bytmasoft.common.exception.MyEntityNotFoundException: There is no role with this id: 6
	at com.bytmasoft.um.services.RoleServiceTest.testFindOne(RoleServiceTest.java:73)

