<?xml version="1.0" encoding="UTF-8"?>
<testsuite xmlns:xsi="http://www.w3.org/2001/XMLSchema-instance" xsi:noNamespaceSchemaLocation="https://maven.apache.org/surefire/maven-surefire-plugin/xsd/surefire-test-report.xsd" name="com.bytmasoft.um.services.AddressServiceTest" time="31.342" tests="14" errors="4" skipped="0" failures="4">
  <properties>
[...]
</properties>
  <testcase name="testCreate" classname="com.bytmasoft.um.services.AddressServiceTest" time="0.23">
    <error message="There is no country with this id : 4" type="com.bytmasoft.common.exception.MyEntityNotFoundException">com.bytmasoft.common.exception.MyEntityNotFoundException: There is no country with this id : 4
	at com.bytmasoft.um.services.AddressServiceTest.getAddresses(AddressServiceTest.java:326)
	at com.bytmasoft.um.services.AddressServiceTest.testCreate(AddressServiceTest.java:155)
</error>
    <system-out><![CDATA[13:10:08.977 [main] DEBUG org.springframework.test.context.BootstrapUtils - Instantiating CacheAwareContextLoaderDelegate from class [org.springframework.test.context.cache.DefaultCacheAwareContextLoaderDelegate]
13:10:09.025 [main] DEBUG org.springframework.test.context.BootstrapUtils - Instantiating BootstrapContext using constructor [public org.springframework.test.context.support.DefaultBootstrapContext(java.lang.Class,org.springframework.test.context.CacheAwareContextLoaderDelegate)]
13:10:09.108 [main] DEBUG org.springframework.test.context.BootstrapUtils - Instantiating TestContextBootstrapper for test class [com.bytmasoft.um.services.AddressServiceTest] from class [org.springframework.boot.test.context.SpringBootTestContextBootstrapper]
13:10:09.154 [main] INFO org.springframework.boot.test.context.SpringBootTestContextBootstrapper - Neither @ContextConfiguration nor @ContextHierarchy found for test class [com.bytmasoft.um.services.AddressServiceTest], using SpringBootContextLoader
13:10:09.168 [main] DEBUG org.springframework.test.context.support.AbstractContextLoader - Did not detect default resource location for test class [com.bytmasoft.um.services.AddressServiceTest]: class path resource [com/bytmasoft/um/services/AddressServiceTest-context.xml] does not exist
13:10:09.169 [main] DEBUG org.springframework.test.context.support.AbstractContextLoader - Did not detect default resource location for test class [com.bytmasoft.um.services.AddressServiceTest]: class path resource [com/bytmasoft/um/services/AddressServiceTestContext.groovy] does not exist
13:10:09.169 [main] INFO org.springframework.test.context.support.AbstractContextLoader - Could not detect default resource locations for test class [com.bytmasoft.um.services.AddressServiceTest]: no resource found for suffixes {-context.xml, Context.groovy}.
13:10:09.171 [main] INFO org.springframework.test.context.support.AnnotationConfigContextLoaderUtils - Could not detect default configuration classes for test class [com.bytmasoft.um.services.AddressServiceTest]: AddressServiceTest does not declare any static, non-private, non-final, nested classes annotated with @Configuration.
13:10:09.270 [main] DEBUG org.springframework.test.context.support.ActiveProfilesUtils - Could not find an 'annotation declaring class' for annotation type [org.springframework.test.context.ActiveProfiles] and class [com.bytmasoft.um.services.AddressServiceTest]
13:10:09.475 [main] DEBUG org.springframework.context.annotation.ClassPathScanningCandidateComponentProvider - Identified candidate component class: file [F:\repos_git\microservices\dss\dss-web\target\classes\com\bytmasoft\DSSApplication.class]
13:10:09.480 [main] INFO org.springframework.boot.test.context.SpringBootTestContextBootstrapper - Found @SpringBootConfiguration com.bytmasoft.DSSApplication for test class com.bytmasoft.um.services.AddressServiceTest
13:10:09.750 [main] DEBUG org.springframework.boot.test.context.SpringBootTestContextBootstrapper - @TestExecutionListeners is not present for class [com.bytmasoft.um.services.AddressServiceTest]: using defaults.
13:10:09.751 [main] INFO org.springframework.boot.test.context.SpringBootTestContextBootstrapper - Loaded default TestExecutionListener class names from location [META-INF/spring.factories]: [org.springframework.boot.test.mock.mockito.MockitoTestExecutionListener, org.springframework.boot.test.mock.mockito.ResetMocksTestExecutionListener, org.springframework.boot.test.autoconfigure.restdocs.RestDocsTestExecutionListener, org.springframework.boot.test.autoconfigure.web.client.MockRestServiceServerResetTestExecutionListener, org.springframework.boot.test.autoconfigure.web.servlet.MockMvcPrintOnlyOnFailureTestExecutionListener, org.springframework.boot.test.autoconfigure.web.servlet.WebDriverTestExecutionListener, org.springframework.test.context.web.ServletTestExecutionListener, org.springframework.test.context.support.DirtiesContextBeforeModesTestExecutionListener, org.springframework.test.context.support.DependencyInjectionTestExecutionListener, org.springframework.test.context.support.DirtiesContextTestExecutionListener, org.springframework.test.context.transaction.TransactionalTestExecutionListener, org.springframework.test.context.jdbc.SqlScriptsTestExecutionListener, org.springframework.test.context.event.EventPublishingTestExecutionListener, org.springframework.security.test.context.support.WithSecurityContextTestExecutionListener, org.springframework.security.test.context.support.ReactorContextTestExecutionListener]
13:10:09.806 [main] INFO org.springframework.boot.test.context.SpringBootTestContextBootstrapper - Using TestExecutionListeners: [org.springframework.test.context.web.ServletTestExecutionListener@6cb6decd, org.springframework.test.context.support.DirtiesContextBeforeModesTestExecutionListener@c7045b9, org.springframework.boot.test.mock.mockito.MockitoTestExecutionListener@f99f5e0, org.springframework.boot.test.autoconfigure.SpringBootDependencyInjectionTestExecutionListener@6aa61224, org.springframework.test.context.support.DirtiesContextTestExecutionListener@30bce90b, org.springframework.test.context.transaction.TransactionalTestExecutionListener@3e6f3f28, org.springframework.test.context.jdbc.SqlScriptsTestExecutionListener@7e19ebf0, org.springframework.test.context.event.EventPublishingTestExecutionListener@2474f125, org.springframework.security.test.context.support.WithSecurityContextTestExecutionListener@7357a011, org.springframework.security.test.context.support.ReactorContextTestExecutionListener@3406472c, org.springframework.boot.test.mock.mockito.ResetMocksTestExecutionListener@5717c37, org.springframework.boot.test.autoconfigure.restdocs.RestDocsTestExecutionListener@68f4865, org.springframework.boot.test.autoconfigure.web.client.MockRestServiceServerResetTestExecutionListener@4816278d, org.springframework.boot.test.autoconfigure.web.servlet.MockMvcPrintOnlyOnFailureTestExecutionListener@4eaf3684, org.springframework.boot.test.autoconfigure.web.servlet.WebDriverTestExecutionListener@40317ba2]
13:10:09.818 [main] DEBUG org.springframework.test.context.support.AbstractDirtiesContextTestExecutionListener - Before test class: context [DefaultTestContext@73a8da0f testClass = AddressServiceTest, testInstance = [null], testMethod = [null], testException = [null], mergedContextConfiguration = [WebMergedContextConfiguration@50dfbc58 testClass = AddressServiceTest, locations = '{}', classes = '{class com.bytmasoft.DSSApplication}', contextInitializerClasses = '[]', activeProfiles = '{}', propertySourceLocations = '{}', propertySourceProperties = '{org.springframework.boot.test.context.SpringBootTestContextBootstrapper=true}', contextCustomizers = set[org.springframework.boot.test.context.filter.ExcludeFilterContextCustomizer@3bf9ce3e, org.springframework.boot.test.json.DuplicateJsonObjectContextCustomizerFactory$DuplicateJsonObjectContextCustomizer@383bfa16, org.springframework.boot.test.mock.mockito.MockitoContextCustomizer@0, org.springframework.boot.test.web.client.TestRestTemplateContextCustomizer@1a18644, org.springframework.boot.test.autoconfigure.properties.PropertyMappingContextCustomizer@0, org.springframework.boot.test.autoconfigure.web.servlet.WebDriverContextCustomizerFactory$Customizer@d5b810e], resourceBasePath = 'src/main/webapp', contextLoader = 'org.springframework.boot.test.context.SpringBootContextLoader', parent = [null]], attributes = map['org.springframework.test.context.web.ServletTestExecutionListener.activateListener' -> true]], class annotated with @DirtiesContext [false] with mode [null].
13:10:09.915 [main] DEBUG org.springframework.test.context.support.TestPropertySourceUtils - Adding inlined properties to environment: {spring.jmx.enabled=false, org.springframework.boot.test.context.SpringBootTestContextBootstrapper=true, server.port=-1}

  .   ____          _            __ _ _
 /\\ / ___'_ __ _ _(_)_ __  __ _ \ \ \ \
( ( )\___ | '_ | '_| | '_ \/ _` | \ \ \ \
 \\/  ___)| |_)| | | | | || (_| |  ) ) ) )
  '  |____| .__|_| |_|_| |_\__, | / / / /
 =========|_|==============|___/=/_/_/_/
 :: Spring Boot ::        (v2.2.5.RELEASE)

&amp#27;[30m2020-05-09 13:10:10,990&amp#27;[0;39m &amp#27;[34mINFO &amp#27;[0;39m [&amp#27;[34mmain&amp#27;[0;39m] &amp#27;[33morg.springframework.boot.StartupInfoLogger&amp#27;[0;39m: Starting AddressServiceTest on Hawa with PID 9788 (started by Mahamat in F:\repos_git\microservices\dss\dss-web)
&amp#27;[30m2020-05-09 13:10:10,995&amp#27;[0;39m &amp#27;[34mINFO &amp#27;[0;39m [&amp#27;[34mmain&amp#27;[0;39m] &amp#27;[33morg.springframework.boot.SpringApplication&amp#27;[0;39m: No active profile set, falling back to default profiles: default
&amp#27;[30m2020-05-09 13:10:14,871&amp#27;[0;39m &amp#27;[34mINFO &amp#27;[0;39m [&amp#27;[34mmain&amp#27;[0;39m] &amp#27;[33morg.springframework.data.repository.config.RepositoryConfigurationDelegate&amp#27;[0;39m: Bootstrapping Spring Data JPA repositories in DEFAULT mode.
&amp#27;[30m2020-05-09 13:10:15,236&amp#27;[0;39m &amp#27;[34mINFO &amp#27;[0;39m [&amp#27;[34mmain&amp#27;[0;39m] &amp#27;[33morg.springframework.data.repository.config.RepositoryConfigurationDelegate&amp#27;[0;39m: Finished Spring Data repository scanning in 309ms. Found 8 JPA repository interfaces.
&amp#27;[30m2020-05-09 13:10:16,706&amp#27;[0;39m &amp#27;[34mINFO &amp#27;[0;39m [&amp#27;[34mmain&amp#27;[0;39m] &amp#27;[33morg.springframework.context.support.PostProcessorRegistrationDelegate$BeanPostProcessorChecker&amp#27;[0;39m: Bean 'org.springframework.security.config.annotation.configuration.ObjectPostProcessorConfiguration' of type [org.springframework.security.config.annotation.configuration.ObjectPostProcessorConfiguration] is not eligible for getting processed by all BeanPostProcessors (for example: not eligible for auto-proxying)
&amp#27;[30m2020-05-09 13:10:16,727&amp#27;[0;39m &amp#27;[34mINFO &amp#27;[0;39m [&amp#27;[34mmain&amp#27;[0;39m] &amp#27;[33morg.springframework.context.support.PostProcessorRegistrationDelegate$BeanPostProcessorChecker&amp#27;[0;39m: Bean 'objectPostProcessor' of type [org.springframework.security.config.annotation.configuration.AutowireBeanFactoryObjectPostProcessor] is not eligible for getting processed by all BeanPostProcessors (for example: not eligible for auto-proxying)
&amp#27;[30m2020-05-09 13:10:16,734&amp#27;[0;39m &amp#27;[34mINFO &amp#27;[0;39m [&amp#27;[34mmain&amp#27;[0;39m] &amp#27;[33morg.springframework.context.support.PostProcessorRegistrationDelegate$BeanPostProcessorChecker&amp#27;[0;39m: Bean 'org.springframework.security.access.expression.method.DefaultMethodSecurityExpressionHandler@29896529' of type [org.springframework.security.access.expression.method.DefaultMethodSecurityExpressionHandler] is not eligible for getting processed by all BeanPostProcessors (for example: not eligible for auto-proxying)
&amp#27;[30m2020-05-09 13:10:16,748&amp#27;[0;39m &amp#27;[34mINFO &amp#27;[0;39m [&amp#27;[34mmain&amp#27;[0;39m] &amp#27;[33morg.springframework.context.support.PostProcessorRegistrationDelegate$BeanPostProcessorChecker&amp#27;[0;39m: Bean 'org.springframework.security.config.annotation.method.configuration.GlobalMethodSecurityConfiguration' of type [org.springframework.security.config.annotation.method.configuration.GlobalMethodSecurityConfiguration] is not eligible for getting processed by all BeanPostProcessors (for example: not eligible for auto-proxying)
&amp#27;[30m2020-05-09 13:10:16,764&amp#27;[0;39m &amp#27;[34mINFO &amp#27;[0;39m [&amp#27;[34mmain&amp#27;[0;39m] &amp#27;[33morg.springframework.context.support.PostProcessorRegistrationDelegate$BeanPostProcessorChecker&amp#27;[0;39m: Bean 'methodSecurityMetadataSource' of type [org.springframework.security.access.method.DelegatingMethodSecurityMetadataSource] is not eligible for getting processed by all BeanPostProcessors (for example: not eligible for auto-proxying)
&amp#27;[30m2020-05-09 13:10:17,287&amp#27;[0;39m &amp#27;[34mINFO &amp#27;[0;39m [&amp#27;[34mmain&amp#27;[0;39m] &amp#27;[33morg.hibernate.jpa.internal.util.LogHelper&amp#27;[0;39m: HHH000204: Processing PersistenceUnitInfo [name: default]
&amp#27;[30m2020-05-09 13:10:17,463&amp#27;[0;39m &amp#27;[34mINFO &amp#27;[0;39m [&amp#27;[34mmain&amp#27;[0;39m] &amp#27;[33morg.hibernate.Version&amp#27;[0;39m: HHH000412: Hibernate ORM core version 5.4.12.Final
&amp#27;[30m2020-05-09 13:10:18,020&amp#27;[0;39m &amp#27;[34mINFO &amp#27;[0;39m [&amp#27;[34mmain&amp#27;[0;39m] &amp#27;[33morg.hibernate.annotations.common.reflection.java.JavaReflectionManager&amp#27;[0;39m: HCANN000001: Hibernate Commons Annotations {5.1.0.Final}
&amp#27;[30m2020-05-09 13:10:19,835&amp#27;[0;39m &amp#27;[34mINFO &amp#27;[0;39m [&amp#27;[34mmain&amp#27;[0;39m] &amp#27;[33mcom.zaxxer.hikari.HikariDataSource&amp#27;[0;39m: HikariPool-1 - Starting...
&amp#27;[30m2020-05-09 13:10:22,745&amp#27;[0;39m &amp#27;[34mINFO &amp#27;[0;39m [&amp#27;[34mmain&amp#27;[0;39m] &amp#27;[33mcom.zaxxer.hikari.HikariDataSource&amp#27;[0;39m: HikariPool-1 - Start completed.
&amp#27;[30m2020-05-09 13:10:22,855&amp#27;[0;39m &amp#27;[34mINFO &amp#27;[0;39m [&amp#27;[34mmain&amp#27;[0;39m] &amp#27;[33morg.hibernate.dialect.Dialect&amp#27;[0;39m: HHH000400: Using dialect: org.hibernate.dialect.MySQL5InnoDBDialect
Hibernate: alter table student_contact_person add constraint FKsnhad858h9yi8xb8lovn4vuu6 foreign key (contact_person_id) references manager (id)
&amp#27;[30m2020-05-09 13:10:30,348&amp#27;[0;39m &amp#27;[31mWARN &amp#27;[0;39m [&amp#27;[34mmain&amp#27;[0;39m] &amp#27;[33morg.hibernate.tool.schema.internal.ExceptionHandlerLoggedImpl&amp#27;[0;39m: GenerationTarget encountered exception accepting command : Error executing DDL "alter table student_contact_person add constraint FKsnhad858h9yi8xb8lovn4vuu6 foreign key (contact_person_id) references manager (id)" via JDBC Statement
org.hibernate.tool.schema.spi.CommandAcceptanceException: Error executing DDL "alter table student_contact_person add constraint FKsnhad858h9yi8xb8lovn4vuu6 foreign key (contact_person_id) references manager (id)" via JDBC Statement
	at org.hibernate.tool.schema.internal.exec.GenerationTargetToDatabase.accept(GenerationTargetToDatabase.java:67)
	at org.hibernate.tool.schema.internal.AbstractSchemaMigrator.applySqlString(AbstractSchemaMigrator.java:559)
	at org.hibernate.tool.schema.internal.AbstractSchemaMigrator.applySqlStrings(AbstractSchemaMigrator.java:504)
	at org.hibernate.tool.schema.internal.AbstractSchemaMigrator.applyForeignKeys(AbstractSchemaMigrator.java:433)
	at org.hibernate.tool.schema.internal.AbstractSchemaMigrator.performMigration(AbstractSchemaMigrator.java:249)
	at org.hibernate.tool.schema.internal.AbstractSchemaMigrator.doMigration(AbstractSchemaMigrator.java:114)
	at org.hibernate.tool.schema.spi.SchemaManagementToolCoordinator.performDatabaseAction(SchemaManagementToolCoordinator.java:184)
	at org.hibernate.tool.schema.spi.SchemaManagementToolCoordinator.process(SchemaManagementToolCoordinator.java:73)
	at org.hibernate.internal.SessionFactoryImpl.<init>(SessionFactoryImpl.java:314)
	at org.hibernate.boot.internal.SessionFactoryBuilderImpl.build(SessionFactoryBuilderImpl.java:468)
	at org.hibernate.jpa.boot.internal.EntityManagerFactoryBuilderImpl.build(EntityManagerFactoryBuilderImpl.java:1237)
	at org.springframework.orm.jpa.vendor.SpringHibernateJpaPersistenceProvider.createContainerEntityManagerFactory(SpringHibernateJpaPersistenceProvider.java:58)
	at org.springframework.orm.jpa.LocalContainerEntityManagerFactoryBean.createNativeEntityManagerFactory(LocalContainerEntityManagerFactoryBean.java:365)
	at org.springframework.orm.jpa.AbstractEntityManagerFactoryBean.buildNativeEntityManagerFactory(AbstractEntityManagerFactoryBean.java:391)
	at org.springframework.orm.jpa.AbstractEntityManagerFactoryBean.afterPropertiesSet(AbstractEntityManagerFactoryBean.java:378)
	at org.springframework.orm.jpa.LocalContainerEntityManagerFactoryBean.afterPropertiesSet(LocalContainerEntityManagerFactoryBean.java:341)
	at org.springframework.beans.factory.support.AbstractAutowireCapableBeanFactory.invokeInitMethods(AbstractAutowireCapableBeanFactory.java:1855)
	at org.springframework.beans.factory.support.AbstractAutowireCapableBeanFactory.initializeBean(AbstractAutowireCapableBeanFactory.java:1792)
	at org.springframework.beans.factory.support.AbstractAutowireCapableBeanFactory.doCreateBean(AbstractAutowireCapableBeanFactory.java:595)
	at org.springframework.beans.factory.support.AbstractAutowireCapableBeanFactory.createBean(AbstractAutowireCapableBeanFactory.java:517)
	at org.springframework.beans.factory.support.AbstractBeanFactory.lambda$doGetBean$0(AbstractBeanFactory.java:323)
	at org.springframework.beans.factory.support.DefaultSingletonBeanRegistry.getSingleton(DefaultSingletonBeanRegistry.java:222)
	at org.springframework.beans.factory.support.AbstractBeanFactory.doGetBean(AbstractBeanFactory.java:321)
	at org.springframework.beans.factory.support.AbstractBeanFactory.getBean(AbstractBeanFactory.java:202)
	at org.springframework.context.support.AbstractApplicationContext.getBean(AbstractApplicationContext.java:1108)
	at org.springframework.context.support.AbstractApplicationContext.finishBeanFactoryInitialization(AbstractApplicationContext.java:868)
	at org.springframework.context.support.AbstractApplicationContext.refresh(AbstractApplicationContext.java:550)
	at org.springframework.boot.SpringApplication.refresh(SpringApplication.java:747)
	at org.springframework.boot.SpringApplication.refreshContext(SpringApplication.java:397)
	at org.springframework.boot.SpringApplication.run(SpringApplication.java:315)
	at org.springframework.boot.test.context.SpringBootContextLoader.loadContext(SpringBootContextLoader.java:126)
	at org.springframework.test.context.cache.DefaultCacheAwareContextLoaderDelegate.loadContextInternal(DefaultCacheAwareContextLoaderDelegate.java:99)
	at org.springframework.test.context.cache.DefaultCacheAwareContextLoaderDelegate.loadContext(DefaultCacheAwareContextLoaderDelegate.java:124)
	at org.springframework.test.context.support.DefaultTestContext.getApplicationContext(DefaultTestContext.java:123)
	at org.springframework.test.context.web.ServletTestExecutionListener.setUpRequestContextIfNecessary(ServletTestExecutionListener.java:190)
	at org.springframework.test.context.web.ServletTestExecutionListener.prepareTestInstance(ServletTestExecutionListener.java:132)
	at org.springframework.test.context.TestContextManager.prepareTestInstance(TestContextManager.java:244)
	at org.springframework.test.context.junit.jupiter.SpringExtension.postProcessTestInstance(SpringExtension.java:98)
	at org.junit.jupiter.engine.descriptor.ClassBasedTestDescriptor.lambda$invokeTestInstancePostProcessors$5(ClassBasedTestDescriptor.java:337)
	at org.junit.jupiter.engine.descriptor.ClassBasedTestDescriptor.executeAndMaskThrowable(ClassBasedTestDescriptor.java:342)
	at org.junit.jupiter.engine.descriptor.ClassBasedTestDescriptor.lambda$invokeTestInstancePostProcessors$6(ClassBasedTestDescriptor.java:337)
	at java.util.stream.ReferencePipeline$3$1.accept(ReferencePipeline.java:193)
	at java.util.stream.ReferencePipeline$2$1.accept(ReferencePipeline.java:175)
	at java.util.ArrayList$ArrayListSpliterator.forEachRemaining(ArrayList.java:1374)
	at java.util.stream.AbstractPipeline.copyInto(AbstractPipeline.java:481)
	at java.util.stream.AbstractPipeline.wrapAndCopyInto(AbstractPipeline.java:471)
	at java.util.stream.StreamSpliterators$WrappingSpliterator.forEachRemaining(StreamSpliterators.java:312)
	at java.util.stream.Streams$ConcatSpliterator.forEachRemaining(Streams.java:743)
	at java.util.stream.Streams$ConcatSpliterator.forEachRemaining(Streams.java:742)
	at java.util.stream.ReferencePipeline$Head.forEach(ReferencePipeline.java:580)
	at org.junit.jupiter.engine.descriptor.ClassBasedTestDescriptor.invokeTestInstancePostProcessors(ClassBasedTestDescriptor.java:336)
	at org.junit.jupiter.engine.descriptor.ClassBasedTestDescriptor.instantiateAndPostProcessTestInstance(ClassBasedTestDescriptor.java:259)
	at org.junit.jupiter.engine.descriptor.ClassBasedTestDescriptor.lambda$testInstancesProvider$2(ClassBasedTestDescriptor.java:252)
	at java.util.Optional.orElseGet(Optional.java:267)
	at org.junit.jupiter.engine.descriptor.ClassBasedTestDescriptor.lambda$testInstancesProvider$3(ClassBasedTestDescriptor.java:251)
	at org.junit.jupiter.engine.execution.TestInstancesProvider.getTestInstances(TestInstancesProvider.java:29)
	at org.junit.jupiter.engine.descriptor.TestMethodTestDescriptor.lambda$prepare$0(TestMethodTestDescriptor.java:106)
	at org.junit.platform.engine.support.hierarchical.ThrowableCollector.execute(ThrowableCollector.java:73)
	at org.junit.jupiter.engine.descriptor.TestMethodTestDescriptor.prepare(TestMethodTestDescriptor.java:105)
	at org.junit.jupiter.engine.descriptor.TestMethodTestDescriptor.prepare(TestMethodTestDescriptor.java:69)
	at org.junit.platform.engine.support.hierarchical.NodeTestTask.lambda$prepare$1(NodeTestTask.java:107)
	at org.junit.platform.engine.support.hierarchical.ThrowableCollector.execute(ThrowableCollector.java:73)
	at org.junit.platform.engine.support.hierarchical.NodeTestTask.prepare(NodeTestTask.java:107)
	at org.junit.platform.engine.support.hierarchical.NodeTestTask.execute(NodeTestTask.java:75)
	at java.util.ArrayList.forEach(ArrayList.java:1249)
	at org.junit.platform.engine.support.hierarchical.SameThreadHierarchicalTestExecutorService.invokeAll(SameThreadHierarchicalTestExecutorService.java:38)
	at org.junit.platform.engine.support.hierarchical.NodeTestTask.lambda$executeRecursively$5(NodeTestTask.java:139)
	at org.junit.platform.engine.support.hierarchical.ThrowableCollector.execute(ThrowableCollector.java:73)
	at org.junit.platform.engine.support.hierarchical.NodeTestTask.lambda$executeRecursively$7(NodeTestTask.java:125)
	at org.junit.platform.engine.support.hierarchical.Node.around(Node.java:135)
	at org.junit.platform.engine.support.hierarchical.NodeTestTask.lambda$executeRecursively$8(NodeTestTask.java:123)
	at org.junit.platform.engine.support.hierarchical.ThrowableCollector.execute(ThrowableCollector.java:73)
	at org.junit.platform.engine.support.hierarchical.NodeTestTask.executeRecursively(NodeTestTask.java:122)
	at org.junit.platform.engine.support.hierarchical.NodeTestTask.execute(NodeTestTask.java:80)
	at java.util.ArrayList.forEach(ArrayList.java:1249)
	at org.junit.platform.engine.support.hierarchical.SameThreadHierarchicalTestExecutorService.invokeAll(SameThreadHierarchicalTestExecutorService.java:38)
	at org.junit.platform.engine.support.hierarchical.NodeTestTask.lambda$executeRecursively$5(NodeTestTask.java:139)
	at org.junit.platform.engine.support.hierarchical.ThrowableCollector.execute(ThrowableCollector.java:73)
	at org.junit.platform.engine.support.hierarchical.NodeTestTask.lambda$executeRecursively$7(NodeTestTask.java:125)
	at org.junit.platform.engine.support.hierarchical.Node.around(Node.java:135)
	at org.junit.platform.engine.support.hierarchical.NodeTestTask.lambda$executeRecursively$8(NodeTestTask.java:123)
	at org.junit.platform.engine.support.hierarchical.ThrowableCollector.execute(ThrowableCollector.java:73)
	at org.junit.platform.engine.support.hierarchical.NodeTestTask.executeRecursively(NodeTestTask.java:122)
	at org.junit.platform.engine.support.hierarchical.NodeTestTask.execute(NodeTestTask.java:80)
	at org.junit.platform.engine.support.hierarchical.SameThreadHierarchicalTestExecutorService.submit(SameThreadHierarchicalTestExecutorService.java:32)
	at org.junit.platform.engine.support.hierarchical.HierarchicalTestExecutor.execute(HierarchicalTestExecutor.java:57)
	at org.junit.platform.engine.support.hierarchical.HierarchicalTestEngine.execute(HierarchicalTestEngine.java:51)
	at org.junit.platform.launcher.core.DefaultLauncher.execute(DefaultLauncher.java:220)
	at org.junit.platform.launcher.core.DefaultLauncher.lambda$execute$6(DefaultLauncher.java:188)
	at org.junit.platform.launcher.core.DefaultLauncher.withInterceptedStreams(DefaultLauncher.java:202)
	at org.junit.platform.launcher.core.DefaultLauncher.execute(DefaultLauncher.java:181)
	at org.junit.platform.launcher.core.DefaultLauncher.execute(DefaultLauncher.java:128)
	at org.apache.maven.surefire.junitplatform.JUnitPlatformProvider.invokeAllTests(JUnitPlatformProvider.java:150)
	at org.apache.maven.surefire.junitplatform.JUnitPlatformProvider.invoke(JUnitPlatformProvider.java:124)
	at org.apache.maven.surefire.booter.ForkedBooter.invokeProviderInSameClassLoader(ForkedBooter.java:384)
	at org.apache.maven.surefire.booter.ForkedBooter.runSuitesInProcess(ForkedBooter.java:345)
	at org.apache.maven.surefire.booter.ForkedBooter.execute(ForkedBooter.java:126)
	at org.apache.maven.surefire.booter.ForkedBooter.main(ForkedBooter.java:418)
Caused by: java.sql.SQLIntegrityConstraintViolationException: Cannot add or update a child row: a foreign key constraint fails (`bytmasoft`.`#sql-1a10_8`, CONSTRAINT `FKsnhad858h9yi8xb8lovn4vuu6` FOREIGN KEY (`contact_person_id`) REFERENCES `manager` (`id`))
	at com.mysql.cj.jdbc.exceptions.SQLError.createSQLException(SQLError.java:117)
	at com.mysql.cj.jdbc.exceptions.SQLError.createSQLException(SQLError.java:97)
	at com.mysql.cj.jdbc.exceptions.SQLExceptionsMapping.translateException(SQLExceptionsMapping.java:122)
	at com.mysql.cj.jdbc.StatementImpl.executeInternal(StatementImpl.java:764)
	at com.mysql.cj.jdbc.StatementImpl.execute(StatementImpl.java:648)
	at com.zaxxer.hikari.pool.ProxyStatement.execute(ProxyStatement.java:95)
	at com.zaxxer.hikari.pool.HikariProxyStatement.execute(HikariProxyStatement.java)
	at org.hibernate.tool.schema.internal.exec.GenerationTargetToDatabase.accept(GenerationTargetToDatabase.java:54)
	... 97 common frames omitted
&amp#27;[30m2020-05-09 13:10:31,082&amp#27;[0;39m &amp#27;[34mINFO &amp#27;[0;39m [&amp#27;[34mmain&amp#27;[0;39m] &amp#27;[33morg.hibernate.engine.transaction.jta.platform.internal.JtaPlatformInitiator&amp#27;[0;39m: HHH000490: Using JtaPlatform implementation: [org.hibernate.engine.transaction.jta.platform.internal.NoJtaPlatform]
&amp#27;[30m2020-05-09 13:10:31,111&amp#27;[0;39m &amp#27;[34mINFO &amp#27;[0;39m [&amp#27;[34mmain&amp#27;[0;39m] &amp#27;[33morg.springframework.orm.jpa.AbstractEntityManagerFactoryBean&amp#27;[0;39m: Initialized JPA EntityManagerFactory for persistence unit 'default'
&amp#27;[30m2020-05-09 13:10:34,298&amp#27;[0;39m &amp#27;[31mWARN &amp#27;[0;39m [&amp#27;[34mmain&amp#27;[0;39m] &amp#27;[33morg.springframework.boot.autoconfigure.orm.jpa.JpaBaseConfiguration$JpaWebConfiguration&amp#27;[0;39m: spring.jpa.open-in-view is enabled by default. Therefore, database queries may be performed during view rendering. Explicitly configure spring.jpa.open-in-view to disable this warning
&amp#27;[30m2020-05-09 13:10:36,365&amp#27;[0;39m &amp#27;[34mINFO &amp#27;[0;39m [&amp#27;[34mmain&amp#27;[0;39m] &amp#27;[33morg.springframework.boot.actuate.endpoint.web.EndpointLinksResolver&amp#27;[0;39m: Exposing 2 endpoint(s) beneath base path '/actuator'
&amp#27;[30m2020-05-09 13:10:36,795&amp#27;[0;39m &amp#27;[34mINFO &amp#27;[0;39m [&amp#27;[34mmain&amp#27;[0;39m] &amp#27;[33mspringfox.documentation.spring.web.PropertySourcedRequestMappingHandlerMapping&amp#27;[0;39m: Mapped URL path [/v2/api-docs] onto method [springfox.documentation.swagger2.web.Swagger2Controller#getDocumentation(String, HttpServletRequest)]
&amp#27;[30m2020-05-09 13:10:37,380&amp#27;[0;39m &amp#27;[34mINFO &amp#27;[0;39m [&amp#27;[34mmain&amp#27;[0;39m] &amp#27;[33morg.springframework.security.web.DefaultSecurityFilterChain&amp#27;[0;39m: Creating filter chain: any request, [org.springframework.security.web.context.request.async.WebAsyncManagerIntegrationFilter@5799b8a2, org.springframework.security.web.context.SecurityContextPersistenceFilter@7053a864, org.springframework.security.web.header.HeaderWriterFilter@2bfe4df9, org.springframework.security.web.authentication.logout.LogoutFilter@fdfd984, com.bytmasoft.um.security.JwtRequestFilter@58038583, org.springframework.security.web.savedrequest.RequestCacheAwareFilter@3d6c7152, org.springframework.security.web.servletapi.SecurityContextHolderAwareRequestFilter@57eb2555, org.springframework.security.web.authentication.AnonymousAuthenticationFilter@5f662dd, org.springframework.security.web.session.SessionManagementFilter@f4aec23, org.springframework.security.web.access.ExceptionTranslationFilter@1eaf4e77, org.springframework.security.web.access.intercept.FilterSecurityInterceptor@69fa5536]
&amp#27;[30m2020-05-09 13:10:38,181&amp#27;[0;39m &amp#27;[34mINFO &amp#27;[0;39m [&amp#27;[34mmain&amp#27;[0;39m] &amp#27;[33morg.springframework.scheduling.concurrent.ExecutorConfigurationSupport&amp#27;[0;39m: Initializing ExecutorService 'applicationTaskExecutor'
&amp#27;[30m2020-05-09 13:10:39,017&amp#27;[0;39m &amp#27;[34mINFO &amp#27;[0;39m [&amp#27;[34mmain&amp#27;[0;39m] &amp#27;[33mspringfox.documentation.spring.web.plugins.DocumentationPluginsBootstrapper&amp#27;[0;39m: Context refreshed
&amp#27;[30m2020-05-09 13:10:39,066&amp#27;[0;39m &amp#27;[34mINFO &amp#27;[0;39m [&amp#27;[34mmain&amp#27;[0;39m] &amp#27;[33mspringfox.documentation.spring.web.plugins.DocumentationPluginsBootstrapper&amp#27;[0;39m: Found 1 custom documentation plugin(s)
&amp#27;[30m2020-05-09 13:10:39,148&amp#27;[0;39m &amp#27;[34mINFO &amp#27;[0;39m [&amp#27;[34mmain&amp#27;[0;39m] &amp#27;[33mspringfox.documentation.spring.web.scanners.ApiListingReferenceScanner&amp#27;[0;39m: Scanning for api listing references
&amp#27;[30m2020-05-09 13:10:39,214&amp#27;[0;39m &amp#27;[34mINFO &amp#27;[0;39m [&amp#27;[34mmain&amp#27;[0;39m] &amp#27;[33morg.springframework.boot.StartupInfoLogger&amp#27;[0;39m: Started AddressServiceTest in 29.272 seconds (JVM running for 34.528)
Hibernate: select country0_.id as id1_5_0_, country0_.created_on as created_2_5_0_, country0_.deletestatus as deletest3_5_0_, country0_.inserted_by as inserted4_5_0_, country0_.inserted_prog as inserted5_5_0_, country0_.status as status6_5_0_, country0_.updated_by as updated_7_5_0_, country0_.updated_on as updated_8_5_0_, country0_.updated_prog as updated_9_5_0_, country0_.abbreviations as abbrevi10_5_0_, country0_.name as name11_5_0_ from country country0_ where country0_.id=?
&amp#27;[30m2020-05-09 13:10:39,493&amp#27;[0;39m &amp#27;[39mTRACE&amp#27;[0;39m [&amp#27;[34mmain&amp#27;[0;39m] &amp#27;[33morg.hibernate.type.descriptor.sql.BasicBinder&amp#27;[0;39m: binding parameter [1] as [BIGINT] - [4]
]]></system-out>
  </testcase>
  <testcase name="testCountActiveResources" classname="com.bytmasoft.um.services.AddressServiceTest" time="0.26">
    <failure message="&#10;Expecting:&#10; &lt;0&gt;&#10;to be greater than:&#10; &lt;2&gt; " type="java.lang.AssertionError"><![CDATA[java.lang.AssertionError: 

Expecting:
 <0>
to be greater than:
 <2> 
	at com.bytmasoft.um.services.AddressServiceTest.testCountActiveResources(AddressServiceTest.java:223)
]]></failure>
    <system-out><![CDATA[Hibernate: select address0_.id as id1_0_, address0_.created_on as created_2_0_, address0_.deletestatus as deletest3_0_, address0_.inserted_by as inserted4_0_, address0_.inserted_prog as inserted5_0_, address0_.status as status6_0_, address0_.updated_by as updated_7_0_, address0_.updated_on as updated_8_0_, address0_.updated_prog as updated_9_0_, address0_.city as city10_0_, address0_.country_id_fk as country15_0_, address0_.hause_number as hause_n11_0_, address0_.postal_code as postal_12_0_, address0_.street as street13_0_, address0_.type as type14_0_ from address address0_ where address0_.status=?
&amp#27;[30m2020-05-09 13:10:39,635&amp#27;[0;39m &amp#27;[39mTRACE&amp#27;[0;39m [&amp#27;[34mmain&amp#27;[0;39m] &amp#27;[33morg.hibernate.type.descriptor.sql.BasicBinder&amp#27;[0;39m: binding parameter [1] as [VARCHAR] - [A]
]]></system-out>
  </testcase>
  <testcase name="testFindAllResources" classname="com.bytmasoft.um.services.AddressServiceTest" time="0.014">
    <failure message="expected: &lt;false&gt; but was: &lt;true&gt;" type="org.opentest4j.AssertionFailedError"><![CDATA[org.opentest4j.AssertionFailedError: expected: <false> but was: <true>
	at com.bytmasoft.um.services.AddressServiceTest.testFindAllResources(AddressServiceTest.java:133)
]]></failure>
    <system-out><![CDATA[Hibernate: select address0_.id as id1_0_, address0_.created_on as created_2_0_, address0_.deletestatus as deletest3_0_, address0_.inserted_by as inserted4_0_, address0_.inserted_prog as inserted5_0_, address0_.status as status6_0_, address0_.updated_by as updated_7_0_, address0_.updated_on as updated_8_0_, address0_.updated_prog as updated_9_0_, address0_.city as city10_0_, address0_.country_id_fk as country15_0_, address0_.hause_number as hause_n11_0_, address0_.postal_code as postal_12_0_, address0_.street as street13_0_, address0_.type as type14_0_ from address address0_
]]></system-out>
  </testcase>
  <testcase name="testFindByStreet" classname="com.bytmasoft.um.services.AddressServiceTest" time="0.011"/>
  <testcase name="testFindOne" classname="com.bytmasoft.um.services.AddressServiceTest" time="0.02">
    <error message="There is no user with this id: 12" type="javax.persistence.EntityNotFoundException">javax.persistence.EntityNotFoundException: There is no user with this id: 12
	at com.bytmasoft.um.services.AddressServiceTest.testFindOne(AddressServiceTest.java:60)
</error>
    <system-out><![CDATA[Hibernate: select address0_.id as id1_0_0_, address0_.created_on as created_2_0_0_, address0_.deletestatus as deletest3_0_0_, address0_.inserted_by as inserted4_0_0_, address0_.inserted_prog as inserted5_0_0_, address0_.status as status6_0_0_, address0_.updated_by as updated_7_0_0_, address0_.updated_on as updated_8_0_0_, address0_.updated_prog as updated_9_0_0_, address0_.city as city10_0_0_, address0_.country_id_fk as country15_0_0_, address0_.hause_number as hause_n11_0_0_, address0_.postal_code as postal_12_0_0_, address0_.street as street13_0_0_, address0_.type as type14_0_0_, country1_.id as id1_5_1_, country1_.created_on as created_2_5_1_, country1_.deletestatus as deletest3_5_1_, country1_.inserted_by as inserted4_5_1_, country1_.inserted_prog as inserted5_5_1_, country1_.status as status6_5_1_, country1_.updated_by as updated_7_5_1_, country1_.updated_on as updated_8_5_1_, country1_.updated_prog as updated_9_5_1_, country1_.abbreviations as abbrevi10_5_1_, country1_.name as name11_5_1_, school2_.id as id1_17_2_, school2_.created_on as created_2_17_2_, school2_.deletestatus as deletest3_17_2_, school2_.inserted_by as inserted4_17_2_, school2_.inserted_prog as inserted5_17_2_, school2_.status as status6_17_2_, school2_.updated_by as updated_7_17_2_, school2_.updated_on as updated_8_17_2_, school2_.updated_prog as updated_9_17_2_, school2_.address_id as address14_17_2_, school2_.description as descrip10_17_2_, school2_.manager_id as manager15_17_2_, school2_.name as name11_17_2_, school2_.prefix as prefix12_17_2_, school2_.schooltype as schoolt13_17_2_, manager3_.id as id1_11_3_, manager3_.created_on as created_2_11_3_, manager3_.deletestatus as deletest3_11_3_, manager3_.inserted_by as inserted4_11_3_, manager3_.inserted_prog as inserted5_11_3_, manager3_.status as status6_11_3_, manager3_.updated_by as updated_7_11_3_, manager3_.updated_on as updated_8_11_3_, manager3_.updated_prog as updated_9_11_3_, manager3_.birthday as birthda10_11_3_, manager3_.email as email11_11_3_, manager3_.first_name as first_n12_11_3_, manager3_.foto as foto13_11_3_, manager3_.gender as gender14_11_3_, manager3_.last_login as last_lo15_11_3_, manager3_.last_name as last_na16_11_3_, manager3_.middel_name as middel_17_11_3_, manager3_.password as passwor18_11_3_, manager3_.salt as salt19_11_3_, manager3_.type as type20_11_3_, manager3_.username as usernam21_11_3_ from address address0_ left outer join country country1_ on address0_.country_id_fk=country1_.id left outer join school school2_ on address0_.id=school2_.address_id left outer join manager manager3_ on school2_.manager_id=manager3_.id where address0_.id=?
&amp#27;[30m2020-05-09 13:10:39,838&amp#27;[0;39m &amp#27;[39mTRACE&amp#27;[0;39m [&amp#27;[34mmain&amp#27;[0;39m] &amp#27;[33morg.hibernate.type.descriptor.sql.BasicBinder&amp#27;[0;39m: binding parameter [1] as [BIGINT] - [12]
]]></system-out>
  </testcase>
  <testcase name="testCount" classname="com.bytmasoft.um.services.AddressServiceTest" time="0.017">
    <failure message="&#10;Expecting:&#10; &lt;0L&gt;&#10;to be greater than:&#10; &lt;2L&gt; " type="java.lang.AssertionError"><![CDATA[java.lang.AssertionError: 

Expecting:
 <0L>
to be greater than:
 <2L> 
	at com.bytmasoft.um.services.AddressServiceTest.testCount(AddressServiceTest.java:214)
]]></failure>
    <system-out><![CDATA[Hibernate: select count(*) as col_0_0_ from address address0_
&amp#27;[30m2020-05-09 13:10:39,863&amp#27;[0;39m &amp#27;[39mTRACE&amp#27;[0;39m [&amp#27;[34mmain&amp#27;[0;39m] &amp#27;[33morg.hibernate.type.descriptor.sql.BasicExtractor&amp#27;[0;39m: extracted value ([col_0_0_] : [BIGINT]) - [0]
]]></system-out>
  </testcase>
  <testcase name="testFindByCity" classname="com.bytmasoft.um.services.AddressServiceTest" time="0.009"/>
  <testcase name="userServiceTest" classname="com.bytmasoft.um.services.AddressServiceTest" time="0.005"/>
  <testcase name="testFindByPostalCode" classname="com.bytmasoft.um.services.AddressServiceTest" time="0.01"/>
  <testcase name="testFindAddressByUserId" classname="com.bytmasoft.um.services.AddressServiceTest" time="0.126">
    <error message="could not extract ResultSet; SQL [n/a]; nested exception is org.hibernate.exception.SQLGrammarException: could not extract ResultSet" type="org.springframework.dao.InvalidDataAccessResourceUsageException">org.springframework.dao.InvalidDataAccessResourceUsageException: could not extract ResultSet; SQL [n/a]; nested exception is org.hibernate.exception.SQLGrammarException: could not extract ResultSet
	at com.bytmasoft.um.services.AddressServiceTest.testFindAddressByUserId(AddressServiceTest.java:305)
Caused by: org.hibernate.exception.SQLGrammarException: could not extract ResultSet
	at com.bytmasoft.um.services.AddressServiceTest.testFindAddressByUserId(AddressServiceTest.java:305)
Caused by: java.sql.SQLSyntaxErrorException: Table 'bytmasoft.user_address' doesn't exist
	at com.bytmasoft.um.services.AddressServiceTest.testFindAddressByUserId(AddressServiceTest.java:305)
</error>
    <system-out><![CDATA[Hibernate: SELECT a.* FROM Address a JOIN user_address ua ON a.id = ua.address_id WHERE ua.user_id=? 
&amp#27;[30m2020-05-09 13:10:40,008&amp#27;[0;39m &amp#27;[39mTRACE&amp#27;[0;39m [&amp#27;[34mmain&amp#27;[0;39m] &amp#27;[33morg.hibernate.type.descriptor.sql.BasicBinder&amp#27;[0;39m: binding parameter [1] as [BIGINT] - [9]
&amp#27;[30m2020-05-09 13:10:40,012&amp#27;[0;39m &amp#27;[31mWARN &amp#27;[0;39m [&amp#27;[34mmain&amp#27;[0;39m] &amp#27;[33morg.hibernate.engine.jdbc.spi.SqlExceptionHelper&amp#27;[0;39m: SQL Error: 1146, SQLState: 42S02
&amp#27;[30m2020-05-09 13:10:40,013&amp#27;[0;39m &amp#27;[1;31mERROR&amp#27;[0;39m [&amp#27;[34mmain&amp#27;[0;39m] &amp#27;[33morg.hibernate.engine.jdbc.spi.SqlExceptionHelper&amp#27;[0;39m: Table 'bytmasoft.user_address' doesn't exist
]]></system-out>
  </testcase>
  <testcase name="testFindAllInActive" classname="com.bytmasoft.um.services.AddressServiceTest" time="0.008"/>
  <testcase name="testFindAllActive" classname="com.bytmasoft.um.services.AddressServiceTest" time="0.011">
    <failure message="expected: &lt;true&gt; but was: &lt;false&gt;" type="org.opentest4j.AssertionFailedError"><![CDATA[org.opentest4j.AssertionFailedError: expected: <true> but was: <false>
	at com.bytmasoft.um.services.AddressServiceTest.testFindAllActive(AddressServiceTest.java:74)
]]></failure>
    <system-out><![CDATA[Hibernate: select address0_.id as id1_0_, address0_.created_on as created_2_0_, address0_.deletestatus as deletest3_0_, address0_.inserted_by as inserted4_0_, address0_.inserted_prog as inserted5_0_, address0_.status as status6_0_, address0_.updated_by as updated_7_0_, address0_.updated_on as updated_8_0_, address0_.updated_prog as updated_9_0_, address0_.city as city10_0_, address0_.country_id_fk as country15_0_, address0_.hause_number as hause_n11_0_, address0_.postal_code as postal_12_0_, address0_.street as street13_0_, address0_.type as type14_0_ from address address0_ where address0_.status=?
&amp#27;[30m2020-05-09 13:10:40,038&amp#27;[0;39m &amp#27;[39mTRACE&amp#27;[0;39m [&amp#27;[34mmain&amp#27;[0;39m] &amp#27;[33morg.hibernate.type.descriptor.sql.BasicBinder&amp#27;[0;39m: binding parameter [1] as [VARCHAR] - [A]
]]></system-out>
  </testcase>
  <testcase name="testFindAllPaginatedAnSorted" classname="com.bytmasoft.um.services.AddressServiceTest" time="0.037"/>
  <testcase name="testUpdate" classname="com.bytmasoft.um.services.AddressServiceTest" time="0.009">
    <error message="Index: 0, Size: 0" type="java.lang.IndexOutOfBoundsException">java.lang.IndexOutOfBoundsException: Index: 0, Size: 0
	at com.bytmasoft.um.services.AddressServiceTest.testUpdate(AddressServiceTest.java:173)
</error>
    <system-out><![CDATA[Hibernate: select address0_.id as id1_0_, address0_.created_on as created_2_0_, address0_.deletestatus as deletest3_0_, address0_.inserted_by as inserted4_0_, address0_.inserted_prog as inserted5_0_, address0_.status as status6_0_, address0_.updated_by as updated_7_0_, address0_.updated_on as updated_8_0_, address0_.updated_prog as updated_9_0_, address0_.city as city10_0_, address0_.country_id_fk as country15_0_, address0_.hause_number as hause_n11_0_, address0_.postal_code as postal_12_0_, address0_.street as street13_0_, address0_.type as type14_0_ from address address0_ where address0_.city=?
&amp#27;[30m2020-05-09 13:10:40,088&amp#27;[0;39m &amp#27;[39mTRACE&amp#27;[0;39m [&amp#27;[34mmain&amp#27;[0;39m] &amp#27;[33morg.hibernate.type.descriptor.sql.BasicBinder&amp#27;[0;39m: binding parameter [1] as [VARCHAR] - [Weinheim]
]]></system-out>
  </testcase>
</testsuite>