<?xml version="1.0" encoding="UTF-8"?>
<testsuite xmlns:xsi="http://www.w3.org/2001/XMLSchema-instance" xsi:noNamespaceSchemaLocation="https://maven.apache.org/surefire/maven-surefire-plugin/xsd/surefire-test-report.xsd" name="com.bytmasoft.um.services.CountryServiceTest" time="0.467" tests="16" errors="6" skipped="0" failures="2">
  <properties>
[...]
</properties>
  <testcase name="testCreate" classname="com.bytmasoft.um.services.CountryServiceTest" time="0.112">
    <error message="could not execute statement; SQL [n/a]; constraint [country.UK_llidyp77h6xkeokpbmoy710d4]; nested exception is org.hibernate.exception.ConstraintViolationException: could not execute statement" type="org.springframework.dao.DataIntegrityViolationException">org.springframework.dao.DataIntegrityViolationException: could not execute statement; SQL [n/a]; constraint [country.UK_llidyp77h6xkeokpbmoy710d4]; nested exception is org.hibernate.exception.ConstraintViolationException: could not execute statement
	at com.bytmasoft.um.services.CountryServiceTest.lambda$testCreate$0(CountryServiceTest.java:117)
	at com.bytmasoft.um.services.CountryServiceTest.testCreate(CountryServiceTest.java:116)
Caused by: org.hibernate.exception.ConstraintViolationException: could not execute statement
	at com.bytmasoft.um.services.CountryServiceTest.lambda$testCreate$0(CountryServiceTest.java:117)
	at com.bytmasoft.um.services.CountryServiceTest.testCreate(CountryServiceTest.java:116)
Caused by: java.sql.SQLIntegrityConstraintViolationException: Duplicate entry 'Egypt' for key 'country.UK_llidyp77h6xkeokpbmoy710d4'
	at com.bytmasoft.um.services.CountryServiceTest.lambda$testCreate$0(CountryServiceTest.java:117)
	at com.bytmasoft.um.services.CountryServiceTest.testCreate(CountryServiceTest.java:116)
</error>
    <system-out><![CDATA[&amp#27;[30m2020-05-09 13:10:40,098&amp#27;[0;39m &amp#27;[34mINFO &amp#27;[0;39m [&amp#27;[34mmain&amp#27;[0;39m] &amp#27;[33morg.springframework.test.context.support.AbstractTestContextBootstrapper&amp#27;[0;39m: Neither @ContextConfiguration nor @ContextHierarchy found for test class [com.bytmasoft.um.services.CountryServiceTest], using SpringBootContextLoader
&amp#27;[30m2020-05-09 13:10:40,099&amp#27;[0;39m &amp#27;[34mINFO &amp#27;[0;39m [&amp#27;[34mmain&amp#27;[0;39m] &amp#27;[33morg.springframework.test.context.support.AbstractContextLoader&amp#27;[0;39m: Could not detect default resource locations for test class [com.bytmasoft.um.services.CountryServiceTest]: no resource found for suffixes {-context.xml, Context.groovy}.
&amp#27;[30m2020-05-09 13:10:40,100&amp#27;[0;39m &amp#27;[34mINFO &amp#27;[0;39m [&amp#27;[34mmain&amp#27;[0;39m] &amp#27;[33morg.springframework.test.context.support.AnnotationConfigContextLoaderUtils&amp#27;[0;39m: Could not detect default configuration classes for test class [com.bytmasoft.um.services.CountryServiceTest]: CountryServiceTest does not declare any static, non-private, non-final, nested classes annotated with @Configuration.
&amp#27;[30m2020-05-09 13:10:40,104&amp#27;[0;39m &amp#27;[34mINFO &amp#27;[0;39m [&amp#27;[34mmain&amp#27;[0;39m] &amp#27;[33morg.springframework.boot.test.context.SpringBootTestContextBootstrapper&amp#27;[0;39m: Found @SpringBootConfiguration com.bytmasoft.DSSApplication for test class com.bytmasoft.um.services.CountryServiceTest
&amp#27;[30m2020-05-09 13:10:40,108&amp#27;[0;39m &amp#27;[34mINFO &amp#27;[0;39m [&amp#27;[34mmain&amp#27;[0;39m] &amp#27;[33morg.springframework.test.context.support.AbstractTestContextBootstrapper&amp#27;[0;39m: Loaded default TestExecutionListener class names from location [META-INF/spring.factories]: [org.springframework.boot.test.mock.mockito.MockitoTestExecutionListener, org.springframework.boot.test.mock.mockito.ResetMocksTestExecutionListener, org.springframework.boot.test.autoconfigure.restdocs.RestDocsTestExecutionListener, org.springframework.boot.test.autoconfigure.web.client.MockRestServiceServerResetTestExecutionListener, org.springframework.boot.test.autoconfigure.web.servlet.MockMvcPrintOnlyOnFailureTestExecutionListener, org.springframework.boot.test.autoconfigure.web.servlet.WebDriverTestExecutionListener, org.springframework.test.context.web.ServletTestExecutionListener, org.springframework.test.context.support.DirtiesContextBeforeModesTestExecutionListener, org.springframework.test.context.support.DependencyInjectionTestExecutionListener, org.springframework.test.context.support.DirtiesContextTestExecutionListener, org.springframework.test.context.transaction.TransactionalTestExecutionListener, org.springframework.test.context.jdbc.SqlScriptsTestExecutionListener, org.springframework.test.context.event.EventPublishingTestExecutionListener, org.springframework.security.test.context.support.WithSecurityContextTestExecutionListener, org.springframework.security.test.context.support.ReactorContextTestExecutionListener]
&amp#27;[30m2020-05-09 13:10:40,111&amp#27;[0;39m &amp#27;[34mINFO &amp#27;[0;39m [&amp#27;[34mmain&amp#27;[0;39m] &amp#27;[33morg.springframework.test.context.support.AbstractTestContextBootstrapper&amp#27;[0;39m: Using TestExecutionListeners: [org.springframework.test.context.web.ServletTestExecutionListener@86abdbd, org.springframework.test.context.support.DirtiesContextBeforeModesTestExecutionListener@42e14655, org.springframework.boot.test.mock.mockito.MockitoTestExecutionListener@81198ed, org.springframework.boot.test.autoconfigure.SpringBootDependencyInjectionTestExecutionListener@2806fe58, org.springframework.test.context.support.DirtiesContextTestExecutionListener@755c29b0, org.springframework.test.context.transaction.TransactionalTestExecutionListener@3dc70aa0, org.springframework.test.context.jdbc.SqlScriptsTestExecutionListener@39153b05, org.springframework.test.context.event.EventPublishingTestExecutionListener@26fee641, org.springframework.security.test.context.support.WithSecurityContextTestExecutionListener@32fb4a87, org.springframework.security.test.context.support.ReactorContextTestExecutionListener@37ecc472, org.springframework.boot.test.mock.mockito.ResetMocksTestExecutionListener@27311c99, org.springframework.boot.test.autoconfigure.restdocs.RestDocsTestExecutionListener@76ac3ad0, org.springframework.boot.test.autoconfigure.web.client.MockRestServiceServerResetTestExecutionListener@1e6be9f0, org.springframework.boot.test.autoconfigure.web.servlet.MockMvcPrintOnlyOnFailureTestExecutionListener@4ff5711b, org.springframework.boot.test.autoconfigure.web.servlet.WebDriverTestExecutionListener@608f79a8]
Hibernate: insert into country (created_on, deletestatus, inserted_by, inserted_prog, status, updated_by, updated_on, updated_prog, abbreviations, name) values (?, ?, ?, ?, ?, ?, ?, ?, ?, ?)
&amp#27;[30m2020-05-09 13:10:40,221&amp#27;[0;39m &amp#27;[39mTRACE&amp#27;[0;39m [&amp#27;[34mmain&amp#27;[0;39m] &amp#27;[33morg.hibernate.type.descriptor.sql.BasicBinder&amp#27;[0;39m: binding parameter [1] as [TIMESTAMP] - [2020-05-09T13:10:40.146]
&amp#27;[30m2020-05-09 13:10:40,225&amp#27;[0;39m &amp#27;[39mTRACE&amp#27;[0;39m [&amp#27;[34mmain&amp#27;[0;39m] &amp#27;[33morg.hibernate.type.descriptor.sql.BasicBinder&amp#27;[0;39m: binding parameter [2] as [BOOLEAN] - [false]
&amp#27;[30m2020-05-09 13:10:40,227&amp#27;[0;39m &amp#27;[39mTRACE&amp#27;[0;39m [&amp#27;[34mmain&amp#27;[0;39m] &amp#27;[33morg.hibernate.type.descriptor.sql.BasicBinder&amp#27;[0;39m: binding parameter [3] as [VARCHAR] - [null]
&amp#27;[30m2020-05-09 13:10:40,227&amp#27;[0;39m &amp#27;[39mTRACE&amp#27;[0;39m [&amp#27;[34mmain&amp#27;[0;39m] &amp#27;[33morg.hibernate.type.descriptor.sql.BasicBinder&amp#27;[0;39m: binding parameter [4] as [VARCHAR] - [usermanagement]
&amp#27;[30m2020-05-09 13:10:40,228&amp#27;[0;39m &amp#27;[39mTRACE&amp#27;[0;39m [&amp#27;[34mmain&amp#27;[0;39m] &amp#27;[33morg.hibernate.type.descriptor.sql.BasicBinder&amp#27;[0;39m: binding parameter [5] as [VARCHAR] - [null]
&amp#27;[30m2020-05-09 13:10:40,229&amp#27;[0;39m &amp#27;[39mTRACE&amp#27;[0;39m [&amp#27;[34mmain&amp#27;[0;39m] &amp#27;[33morg.hibernate.type.descriptor.sql.BasicBinder&amp#27;[0;39m: binding parameter [6] as [VARCHAR] - [null]
&amp#27;[30m2020-05-09 13:10:40,230&amp#27;[0;39m &amp#27;[39mTRACE&amp#27;[0;39m [&amp#27;[34mmain&amp#27;[0;39m] &amp#27;[33morg.hibernate.type.descriptor.sql.BasicBinder&amp#27;[0;39m: binding parameter [7] as [TIMESTAMP] - [null]
&amp#27;[30m2020-05-09 13:10:40,230&amp#27;[0;39m &amp#27;[39mTRACE&amp#27;[0;39m [&amp#27;[34mmain&amp#27;[0;39m] &amp#27;[33morg.hibernate.type.descriptor.sql.BasicBinder&amp#27;[0;39m: binding parameter [8] as [VARCHAR] - [null]
&amp#27;[30m2020-05-09 13:10:40,231&amp#27;[0;39m &amp#27;[39mTRACE&amp#27;[0;39m [&amp#27;[34mmain&amp#27;[0;39m] &amp#27;[33morg.hibernate.type.descriptor.sql.BasicBinder&amp#27;[0;39m: binding parameter [9] as [VARCHAR] - [null]
&amp#27;[30m2020-05-09 13:10:40,231&amp#27;[0;39m &amp#27;[39mTRACE&amp#27;[0;39m [&amp#27;[34mmain&amp#27;[0;39m] &amp#27;[33morg.hibernate.type.descriptor.sql.BasicBinder&amp#27;[0;39m: binding parameter [10] as [VARCHAR] - [Egypt]
&amp#27;[30m2020-05-09 13:10:40,239&amp#27;[0;39m &amp#27;[31mWARN &amp#27;[0;39m [&amp#27;[34mmain&amp#27;[0;39m] &amp#27;[33morg.hibernate.engine.jdbc.spi.SqlExceptionHelper&amp#27;[0;39m: SQL Error: 1062, SQLState: 23000
&amp#27;[30m2020-05-09 13:10:40,240&amp#27;[0;39m &amp#27;[1;31mERROR&amp#27;[0;39m [&amp#27;[34mmain&amp#27;[0;39m] &amp#27;[33morg.hibernate.engine.jdbc.spi.SqlExceptionHelper&amp#27;[0;39m: Duplicate entry 'Egypt' for key 'country.UK_llidyp77h6xkeokpbmoy710d4'
]]></system-out>
  </testcase>
  <testcase name="testLoadContext" classname="com.bytmasoft.um.services.CountryServiceTest" time="0.005"/>
  <testcase name="testFindOne" classname="com.bytmasoft.um.services.CountryServiceTest" time="0.011">
    <error message="There is no country with this id : 17" type="com.bytmasoft.common.exception.MyEntityNotFoundException">com.bytmasoft.common.exception.MyEntityNotFoundException: There is no country with this id : 17
	at com.bytmasoft.um.services.CountryServiceTest.testFindOne(CountryServiceTest.java:53)
</error>
    <system-out><![CDATA[Hibernate: select country0_.id as id1_5_0_, country0_.created_on as created_2_5_0_, country0_.deletestatus as deletest3_5_0_, country0_.inserted_by as inserted4_5_0_, country0_.inserted_prog as inserted5_5_0_, country0_.status as status6_5_0_, country0_.updated_by as updated_7_5_0_, country0_.updated_on as updated_8_5_0_, country0_.updated_prog as updated_9_5_0_, country0_.abbreviations as abbrevi10_5_0_, country0_.name as name11_5_0_ from country country0_ where country0_.id=?
&amp#27;[30m2020-05-09 13:10:40,266&amp#27;[0;39m &amp#27;[39mTRACE&amp#27;[0;39m [&amp#27;[34mmain&amp#27;[0;39m] &amp#27;[33morg.hibernate.type.descriptor.sql.BasicBinder&amp#27;[0;39m: binding parameter [1] as [BIGINT] - [17]
]]></system-out>
  </testcase>
  <testcase name="testFindByName" classname="com.bytmasoft.um.services.CountryServiceTest" time="0.04"/>
  <testcase name="testFindAllResources" classname="com.bytmasoft.um.services.CountryServiceTest" time="0.042"/>
  <testcase name="testFindAllActive" classname="com.bytmasoft.um.services.CountryServiceTest" time="0.036"/>
  <testcase name="testFindAllPaginatedAndSorted" classname="com.bytmasoft.um.services.CountryServiceTest" time="0.006">
    <error message="Page size must not be less than one!" type="java.lang.IllegalArgumentException">java.lang.IllegalArgumentException: Page size must not be less than one!
	at com.bytmasoft.um.services.CountryServiceTest.testFindAllPaginatedAndSorted(CountryServiceTest.java:105)
</error>
  </testcase>
  <testcase name="testUpdate" classname="com.bytmasoft.um.services.CountryServiceTest" time="0.012">
    <error message="There is no country with this id : 17" type="com.bytmasoft.common.exception.MyEntityNotFoundException">com.bytmasoft.common.exception.MyEntityNotFoundException: There is no country with this id : 17
	at com.bytmasoft.um.services.CountryServiceTest.testUpdate(CountryServiceTest.java:129)
</error>
    <system-out><![CDATA[Hibernate: select country0_.id as id1_5_0_, country0_.created_on as created_2_5_0_, country0_.deletestatus as deletest3_5_0_, country0_.inserted_by as inserted4_5_0_, country0_.inserted_prog as inserted5_5_0_, country0_.status as status6_5_0_, country0_.updated_by as updated_7_5_0_, country0_.updated_on as updated_8_5_0_, country0_.updated_prog as updated_9_5_0_, country0_.abbreviations as abbrevi10_5_0_, country0_.name as name11_5_0_ from country country0_ where country0_.id=?
&amp#27;[30m2020-05-09 13:10:40,405&amp#27;[0;39m &amp#27;[39mTRACE&amp#27;[0;39m [&amp#27;[34mmain&amp#27;[0;39m] &amp#27;[33morg.hibernate.type.descriptor.sql.BasicBinder&amp#27;[0;39m: binding parameter [1] as [BIGINT] - [17]
]]></system-out>
  </testcase>
  <testcase name="testCount" classname="com.bytmasoft.um.services.CountryServiceTest" time="0.01"/>
  <testcase name="testCountActiveResources" classname="com.bytmasoft.um.services.CountryServiceTest" time="0.03">
    <failure message="&#10;Expecting:&#10; &lt;3&gt;&#10;to be greater than:&#10; &lt;3&gt; " type="java.lang.AssertionError"><![CDATA[java.lang.AssertionError: 

Expecting:
 <3>
to be greater than:
 <3> 
	at com.bytmasoft.um.services.CountryServiceTest.testCountActiveResources(CountryServiceTest.java:176)
]]></failure>
    <system-out><![CDATA[Hibernate: select country0_.id as id1_5_, country0_.created_on as created_2_5_, country0_.deletestatus as deletest3_5_, country0_.inserted_by as inserted4_5_, country0_.inserted_prog as inserted5_5_, country0_.status as status6_5_, country0_.updated_by as updated_7_5_, country0_.updated_on as updated_8_5_, country0_.updated_prog as updated_9_5_, country0_.abbreviations as abbrevi10_5_, country0_.name as name11_5_ from country country0_ where country0_.status=?
&amp#27;[30m2020-05-09 13:10:40,428&amp#27;[0;39m &amp#27;[39mTRACE&amp#27;[0;39m [&amp#27;[34mmain&amp#27;[0;39m] &amp#27;[33morg.hibernate.type.descriptor.sql.BasicBinder&amp#27;[0;39m: binding parameter [1] as [VARCHAR] - [A]
&amp#27;[30m2020-05-09 13:10:40,430&amp#27;[0;39m &amp#27;[39mTRACE&amp#27;[0;39m [&amp#27;[34mmain&amp#27;[0;39m] &amp#27;[33morg.hibernate.type.descriptor.sql.BasicExtractor&amp#27;[0;39m: extracted value ([id1_5_] : [BIGINT]) - [1]
&amp#27;[30m2020-05-09 13:10:40,431&amp#27;[0;39m &amp#27;[39mTRACE&amp#27;[0;39m [&amp#27;[34mmain&amp#27;[0;39m] &amp#27;[33morg.hibernate.type.descriptor.sql.BasicExtractor&amp#27;[0;39m: extracted value ([created_2_5_] : [TIMESTAMP]) - [2020-05-08T10:12:51]
&amp#27;[30m2020-05-09 13:10:40,432&amp#27;[0;39m &amp#27;[39mTRACE&amp#27;[0;39m [&amp#27;[34mmain&amp#27;[0;39m] &amp#27;[33morg.hibernate.type.descriptor.sql.BasicExtractor&amp#27;[0;39m: extracted value ([deletest3_5_] : [BOOLEAN]) - [false]
&amp#27;[30m2020-05-09 13:10:40,433&amp#27;[0;39m &amp#27;[39mTRACE&amp#27;[0;39m [&amp#27;[34mmain&amp#27;[0;39m] &amp#27;[33morg.hibernate.type.descriptor.sql.BasicExtractor&amp#27;[0;39m: extracted value ([inserted4_5_] : [VARCHAR]) - [null]
&amp#27;[30m2020-05-09 13:10:40,433&amp#27;[0;39m &amp#27;[39mTRACE&amp#27;[0;39m [&amp#27;[34mmain&amp#27;[0;39m] &amp#27;[33morg.hibernate.type.descriptor.sql.BasicExtractor&amp#27;[0;39m: extracted value ([inserted5_5_] : [VARCHAR]) - [usermanagement]
&amp#27;[30m2020-05-09 13:10:40,434&amp#27;[0;39m &amp#27;[39mTRACE&amp#27;[0;39m [&amp#27;[34mmain&amp#27;[0;39m] &amp#27;[33morg.hibernate.type.descriptor.sql.BasicExtractor&amp#27;[0;39m: extracted value ([status6_5_] : [VARCHAR]) - [A]
&amp#27;[30m2020-05-09 13:10:40,434&amp#27;[0;39m &amp#27;[39mTRACE&amp#27;[0;39m [&amp#27;[34mmain&amp#27;[0;39m] &amp#27;[33morg.hibernate.type.descriptor.sql.BasicExtractor&amp#27;[0;39m: extracted value ([updated_7_5_] : [VARCHAR]) - [null]
&amp#27;[30m2020-05-09 13:10:40,435&amp#27;[0;39m &amp#27;[39mTRACE&amp#27;[0;39m [&amp#27;[34mmain&amp#27;[0;39m] &amp#27;[33morg.hibernate.type.descriptor.sql.BasicExtractor&amp#27;[0;39m: extracted value ([updated_8_5_] : [TIMESTAMP]) - [null]
&amp#27;[30m2020-05-09 13:10:40,435&amp#27;[0;39m &amp#27;[39mTRACE&amp#27;[0;39m [&amp#27;[34mmain&amp#27;[0;39m] &amp#27;[33morg.hibernate.type.descriptor.sql.BasicExtractor&amp#27;[0;39m: extracted value ([updated_9_5_] : [VARCHAR]) - [null]
&amp#27;[30m2020-05-09 13:10:40,436&amp#27;[0;39m &amp#27;[39mTRACE&amp#27;[0;39m [&amp#27;[34mmain&amp#27;[0;39m] &amp#27;[33morg.hibernate.type.descriptor.sql.BasicExtractor&amp#27;[0;39m: extracted value ([abbrevi10_5_] : [VARCHAR]) - [null]
&amp#27;[30m2020-05-09 13:10:40,436&amp#27;[0;39m &amp#27;[39mTRACE&amp#27;[0;39m [&amp#27;[34mmain&amp#27;[0;39m] &amp#27;[33morg.hibernate.type.descriptor.sql.BasicExtractor&amp#27;[0;39m: extracted value ([name11_5_] : [VARCHAR]) - [Egypt]
&amp#27;[30m2020-05-09 13:10:40,437&amp#27;[0;39m &amp#27;[39mTRACE&amp#27;[0;39m [&amp#27;[34mmain&amp#27;[0;39m] &amp#27;[33morg.hibernate.type.descriptor.sql.BasicExtractor&amp#27;[0;39m: extracted value ([id1_5_] : [BIGINT]) - [2]
&amp#27;[30m2020-05-09 13:10:40,438&amp#27;[0;39m &amp#27;[39mTRACE&amp#27;[0;39m [&amp#27;[34mmain&amp#27;[0;39m] &amp#27;[33morg.hibernate.type.descriptor.sql.BasicExtractor&amp#27;[0;39m: extracted value ([created_2_5_] : [TIMESTAMP]) - [2020-05-08T10:12:51]
&amp#27;[30m2020-05-09 13:10:40,438&amp#27;[0;39m &amp#27;[39mTRACE&amp#27;[0;39m [&amp#27;[34mmain&amp#27;[0;39m] &amp#27;[33morg.hibernate.type.descriptor.sql.BasicExtractor&amp#27;[0;39m: extracted value ([deletest3_5_] : [BOOLEAN]) - [false]
&amp#27;[30m2020-05-09 13:10:40,439&amp#27;[0;39m &amp#27;[39mTRACE&amp#27;[0;39m [&amp#27;[34mmain&amp#27;[0;39m] &amp#27;[33morg.hibernate.type.descriptor.sql.BasicExtractor&amp#27;[0;39m: extracted value ([inserted4_5_] : [VARCHAR]) - [null]
&amp#27;[30m2020-05-09 13:10:40,439&amp#27;[0;39m &amp#27;[39mTRACE&amp#27;[0;39m [&amp#27;[34mmain&amp#27;[0;39m] &amp#27;[33morg.hibernate.type.descriptor.sql.BasicExtractor&amp#27;[0;39m: extracted value ([inserted5_5_] : [VARCHAR]) - [usermanagement]
&amp#27;[30m2020-05-09 13:10:40,440&amp#27;[0;39m &amp#27;[39mTRACE&amp#27;[0;39m [&amp#27;[34mmain&amp#27;[0;39m] &amp#27;[33morg.hibernate.type.descriptor.sql.BasicExtractor&amp#27;[0;39m: extracted value ([status6_5_] : [VARCHAR]) - [A]
&amp#27;[30m2020-05-09 13:10:40,440&amp#27;[0;39m &amp#27;[39mTRACE&amp#27;[0;39m [&amp#27;[34mmain&amp#27;[0;39m] &amp#27;[33morg.hibernate.type.descriptor.sql.BasicExtractor&amp#27;[0;39m: extracted value ([updated_7_5_] : [VARCHAR]) - [null]
&amp#27;[30m2020-05-09 13:10:40,441&amp#27;[0;39m &amp#27;[39mTRACE&amp#27;[0;39m [&amp#27;[34mmain&amp#27;[0;39m] &amp#27;[33morg.hibernate.type.descriptor.sql.BasicExtractor&amp#27;[0;39m: extracted value ([updated_8_5_] : [TIMESTAMP]) - [null]
&amp#27;[30m2020-05-09 13:10:40,442&amp#27;[0;39m &amp#27;[39mTRACE&amp#27;[0;39m [&amp#27;[34mmain&amp#27;[0;39m] &amp#27;[33morg.hibernate.type.descriptor.sql.BasicExtractor&amp#27;[0;39m: extracted value ([updated_9_5_] : [VARCHAR]) - [null]
&amp#27;[30m2020-05-09 13:10:40,442&amp#27;[0;39m &amp#27;[39mTRACE&amp#27;[0;39m [&amp#27;[34mmain&amp#27;[0;39m] &amp#27;[33morg.hibernate.type.descriptor.sql.BasicExtractor&amp#27;[0;39m: extracted value ([abbrevi10_5_] : [VARCHAR]) - [null]
&amp#27;[30m2020-05-09 13:10:40,443&amp#27;[0;39m &amp#27;[39mTRACE&amp#27;[0;39m [&amp#27;[34mmain&amp#27;[0;39m] &amp#27;[33morg.hibernate.type.descriptor.sql.BasicExtractor&amp#27;[0;39m: extracted value ([name11_5_] : [VARCHAR]) - [Tschad]
&amp#27;[30m2020-05-09 13:10:40,444&amp#27;[0;39m &amp#27;[39mTRACE&amp#27;[0;39m [&amp#27;[34mmain&amp#27;[0;39m] &amp#27;[33morg.hibernate.type.descriptor.sql.BasicExtractor&amp#27;[0;39m: extracted value ([id1_5_] : [BIGINT]) - [3]
&amp#27;[30m2020-05-09 13:10:40,444&amp#27;[0;39m &amp#27;[39mTRACE&amp#27;[0;39m [&amp#27;[34mmain&amp#27;[0;39m] &amp#27;[33morg.hibernate.type.descriptor.sql.BasicExtractor&amp#27;[0;39m: extracted value ([created_2_5_] : [TIMESTAMP]) - [2020-05-08T10:12:51]
&amp#27;[30m2020-05-09 13:10:40,445&amp#27;[0;39m &amp#27;[39mTRACE&amp#27;[0;39m [&amp#27;[34mmain&amp#27;[0;39m] &amp#27;[33morg.hibernate.type.descriptor.sql.BasicExtractor&amp#27;[0;39m: extracted value ([deletest3_5_] : [BOOLEAN]) - [false]
&amp#27;[30m2020-05-09 13:10:40,445&amp#27;[0;39m &amp#27;[39mTRACE&amp#27;[0;39m [&amp#27;[34mmain&amp#27;[0;39m] &amp#27;[33morg.hibernate.type.descriptor.sql.BasicExtractor&amp#27;[0;39m: extracted value ([inserted4_5_] : [VARCHAR]) - [null]
&amp#27;[30m2020-05-09 13:10:40,446&amp#27;[0;39m &amp#27;[39mTRACE&amp#27;[0;39m [&amp#27;[34mmain&amp#27;[0;39m] &amp#27;[33morg.hibernate.type.descriptor.sql.BasicExtractor&amp#27;[0;39m: extracted value ([inserted5_5_] : [VARCHAR]) - [usermanagement]
&amp#27;[30m2020-05-09 13:10:40,446&amp#27;[0;39m &amp#27;[39mTRACE&amp#27;[0;39m [&amp#27;[34mmain&amp#27;[0;39m] &amp#27;[33morg.hibernate.type.descriptor.sql.BasicExtractor&amp#27;[0;39m: extracted value ([status6_5_] : [VARCHAR]) - [A]
&amp#27;[30m2020-05-09 13:10:40,447&amp#27;[0;39m &amp#27;[39mTRACE&amp#27;[0;39m [&amp#27;[34mmain&amp#27;[0;39m] &amp#27;[33morg.hibernate.type.descriptor.sql.BasicExtractor&amp#27;[0;39m: extracted value ([updated_7_5_] : [VARCHAR]) - [null]
&amp#27;[30m2020-05-09 13:10:40,447&amp#27;[0;39m &amp#27;[39mTRACE&amp#27;[0;39m [&amp#27;[34mmain&amp#27;[0;39m] &amp#27;[33morg.hibernate.type.descriptor.sql.BasicExtractor&amp#27;[0;39m: extracted value ([updated_8_5_] : [TIMESTAMP]) - [null]
&amp#27;[30m2020-05-09 13:10:40,448&amp#27;[0;39m &amp#27;[39mTRACE&amp#27;[0;39m [&amp#27;[34mmain&amp#27;[0;39m] &amp#27;[33morg.hibernate.type.descriptor.sql.BasicExtractor&amp#27;[0;39m: extracted value ([updated_9_5_] : [VARCHAR]) - [null]
&amp#27;[30m2020-05-09 13:10:40,448&amp#27;[0;39m &amp#27;[39mTRACE&amp#27;[0;39m [&amp#27;[34mmain&amp#27;[0;39m] &amp#27;[33morg.hibernate.type.descriptor.sql.BasicExtractor&amp#27;[0;39m: extracted value ([abbrevi10_5_] : [VARCHAR]) - [null]
&amp#27;[30m2020-05-09 13:10:40,449&amp#27;[0;39m &amp#27;[39mTRACE&amp#27;[0;39m [&amp#27;[34mmain&amp#27;[0;39m] &amp#27;[33morg.hibernate.type.descriptor.sql.BasicExtractor&amp#27;[0;39m: extracted value ([name11_5_] : [VARCHAR]) - [Turkei]
]]></system-out>
  </testcase>
  <testcase name="testDeactivateById" classname="com.bytmasoft.um.services.CountryServiceTest" time="0.01">
    <error message="There is no country with this id : 17" type="com.bytmasoft.common.exception.MyEntityNotFoundException">com.bytmasoft.common.exception.MyEntityNotFoundException: There is no country with this id : 17
	at com.bytmasoft.um.services.CountryServiceTest.testDeactivateById(CountryServiceTest.java:208)
</error>
    <system-out><![CDATA[Hibernate: select country0_.id as id1_5_0_, country0_.created_on as created_2_5_0_, country0_.deletestatus as deletest3_5_0_, country0_.inserted_by as inserted4_5_0_, country0_.inserted_prog as inserted5_5_0_, country0_.status as status6_5_0_, country0_.updated_by as updated_7_5_0_, country0_.updated_on as updated_8_5_0_, country0_.updated_prog as updated_9_5_0_, country0_.abbreviations as abbrevi10_5_0_, country0_.name as name11_5_0_ from country country0_ where country0_.id=?
&amp#27;[30m2020-05-09 13:10:40,460&amp#27;[0;39m &amp#27;[39mTRACE&amp#27;[0;39m [&amp#27;[34mmain&amp#27;[0;39m] &amp#27;[33morg.hibernate.type.descriptor.sql.BasicBinder&amp#27;[0;39m: binding parameter [1] as [BIGINT] - [17]
]]></system-out>
  </testcase>
  <testcase name="testDeactivateAll" classname="com.bytmasoft.um.services.CountryServiceTest" time="0.053"/>
  <testcase name="testActivateAll" classname="com.bytmasoft.um.services.CountryServiceTest" time="0.041"/>
  <testcase name="testActivateById" classname="com.bytmasoft.um.services.CountryServiceTest" time="0.011">
    <error message="There is no country with this id : 17" type="com.bytmasoft.common.exception.MyEntityNotFoundException">com.bytmasoft.common.exception.MyEntityNotFoundException: There is no country with this id : 17
	at com.bytmasoft.um.services.CountryServiceTest.testActivateById(CountryServiceTest.java:196)
</error>
    <system-out><![CDATA[Hibernate: select country0_.id as id1_5_0_, country0_.created_on as created_2_5_0_, country0_.deletestatus as deletest3_5_0_, country0_.inserted_by as inserted4_5_0_, country0_.inserted_prog as inserted5_5_0_, country0_.status as status6_5_0_, country0_.updated_by as updated_7_5_0_, country0_.updated_on as updated_8_5_0_, country0_.updated_prog as updated_9_5_0_, country0_.abbreviations as abbrevi10_5_0_, country0_.name as name11_5_0_ from country country0_ where country0_.id=?
&amp#27;[30m2020-05-09 13:10:40,568&amp#27;[0;39m &amp#27;[39mTRACE&amp#27;[0;39m [&amp#27;[34mmain&amp#27;[0;39m] &amp#27;[33morg.hibernate.type.descriptor.sql.BasicBinder&amp#27;[0;39m: binding parameter [1] as [BIGINT] - [17]
]]></system-out>
  </testcase>
  <testcase name="testCountInActiveResources" classname="com.bytmasoft.um.services.CountryServiceTest" time="0.009"/>
  <testcase name="testFindAllInActive" classname="com.bytmasoft.um.services.CountryServiceTest" time="0.009">
    <failure message="&#10;Expecting actual not to be empty" type="java.lang.AssertionError">java.lang.AssertionError: 

Expecting actual not to be empty
	at com.bytmasoft.um.services.CountryServiceTest.testFindAllInActive(CountryServiceTest.java:85)
</failure>
    <system-out><![CDATA[Hibernate: select country0_.id as id1_5_, country0_.created_on as created_2_5_, country0_.deletestatus as deletest3_5_, country0_.inserted_by as inserted4_5_, country0_.inserted_prog as inserted5_5_, country0_.status as status6_5_, country0_.updated_by as updated_7_5_, country0_.updated_on as updated_8_5_, country0_.updated_prog as updated_9_5_, country0_.abbreviations as abbrevi10_5_, country0_.name as name11_5_ from country country0_ where country0_.status=?
&amp#27;[30m2020-05-09 13:10:40,590&amp#27;[0;39m &amp#27;[39mTRACE&amp#27;[0;39m [&amp#27;[34mmain&amp#27;[0;39m] &amp#27;[33morg.hibernate.type.descriptor.sql.BasicBinder&amp#27;[0;39m: binding parameter [1] as [VARCHAR] - [I]
]]></system-out>
  </testcase>
</testsuite>