<?xml version="1.0" encoding="UTF-8"?>
<testsuite xmlns:xsi="http://www.w3.org/2001/XMLSchema-instance" xsi:noNamespaceSchemaLocation="https://maven.apache.org/surefire/maven-surefire-plugin/xsd/surefire-test-report.xsd" name="com.bytmasoft.um.services.RoleServiceTest" time="0.677" tests="18" errors="8" skipped="0" failures="0">
  <properties>
[...]
</properties>
  <testcase name="testFindByName" classname="com.bytmasoft.um.services.RoleServiceTest" time="0.013"/>
  <testcase name="testFindAllResources" classname="com.bytmasoft.um.services.RoleServiceTest" time="0.091"/>
  <testcase name="testFindAllPaginatedAnSorted" classname="com.bytmasoft.um.services.RoleServiceTest" time="0.061"/>
  <testcase name="testFindAllRolesForThisUserId" classname="com.bytmasoft.um.services.RoleServiceTest" time="0.011">
    <error message="could not extract ResultSet; SQL [n/a]; nested exception is org.hibernate.exception.SQLGrammarException: could not extract ResultSet" type="org.springframework.dao.InvalidDataAccessResourceUsageException">org.springframework.dao.InvalidDataAccessResourceUsageException: could not extract ResultSet; SQL [n/a]; nested exception is org.hibernate.exception.SQLGrammarException: could not extract ResultSet
	at com.bytmasoft.um.services.RoleServiceTest.testFindAllRolesForThisUserId(RoleServiceTest.java:114)
Caused by: org.hibernate.exception.SQLGrammarException: could not extract ResultSet
	at com.bytmasoft.um.services.RoleServiceTest.testFindAllRolesForThisUserId(RoleServiceTest.java:114)
Caused by: java.sql.SQLSyntaxErrorException: Table 'bytmasoft.user_role' doesn't exist
	at com.bytmasoft.um.services.RoleServiceTest.testFindAllRolesForThisUserId(RoleServiceTest.java:114)
</error>
    <system-out><![CDATA[Hibernate: select r.* from role r join user_role ur on r.id = ur.role_id where ur.user_id =?
&amp#27;[30m2020-05-09 13:10:41,375&amp#27;[0;39m &amp#27;[39mTRACE&amp#27;[0;39m [&amp#27;[34mmain&amp#27;[0;39m] &amp#27;[33morg.hibernate.type.descriptor.sql.BasicBinder&amp#27;[0;39m: binding parameter [1] as [BIGINT] - [9]
&amp#27;[30m2020-05-09 13:10:41,376&amp#27;[0;39m &amp#27;[31mWARN &amp#27;[0;39m [&amp#27;[34mmain&amp#27;[0;39m] &amp#27;[33morg.hibernate.engine.jdbc.spi.SqlExceptionHelper&amp#27;[0;39m: SQL Error: 1146, SQLState: 42S02
&amp#27;[30m2020-05-09 13:10:41,377&amp#27;[0;39m &amp#27;[1;31mERROR&amp#27;[0;39m [&amp#27;[34mmain&amp#27;[0;39m] &amp#27;[33morg.hibernate.engine.jdbc.spi.SqlExceptionHelper&amp#27;[0;39m: Table 'bytmasoft.user_role' doesn't exist
]]></system-out>
  </testcase>
  <testcase name="testUpdate" classname="com.bytmasoft.um.services.RoleServiceTest" time="0.077">
    <error message="failed to lazily initialize a collection of role: com.bytmasoft.domain.models.Privilege.roles, could not initialize proxy - no Session" type="org.hibernate.LazyInitializationException">org.hibernate.LazyInitializationException: failed to lazily initialize a collection of role: com.bytmasoft.domain.models.Privilege.roles, could not initialize proxy - no Session
	at com.bytmasoft.um.services.RoleServiceTest.testUpdate(RoleServiceTest.java:209)
</error>
    <system-out><![CDATA[Hibernate: select role0_.id as id1_15_0_, role0_.created_on as created_2_15_0_, role0_.deletestatus as deletest3_15_0_, role0_.inserted_by as inserted4_15_0_, role0_.inserted_prog as inserted5_15_0_, role0_.status as status6_15_0_, role0_.updated_by as updated_7_15_0_, role0_.updated_on as updated_8_15_0_, role0_.updated_prog as updated_9_15_0_, role0_.name as name10_15_0_, role0_.type as type11_15_0_, privileges1_.role_id as role_id1_16_1_, privilege2_.id as privileg2_16_1_, privilege2_.id as id1_14_2_, privilege2_.created_on as created_2_14_2_, privilege2_.deletestatus as deletest3_14_2_, privilege2_.inserted_by as inserted4_14_2_, privilege2_.inserted_prog as inserted5_14_2_, privilege2_.status as status6_14_2_, privilege2_.updated_by as updated_7_14_2_, privilege2_.updated_on as updated_8_14_2_, privilege2_.updated_prog as updated_9_14_2_, privilege2_.name as name10_14_2_ from role role0_ left outer join role_privilege privileges1_ on role0_.id=privileges1_.role_id left outer join privilege privilege2_ on privileges1_.privilege_id=privilege2_.id where role0_.id=?
&amp#27;[30m2020-05-09 13:10:41,388&amp#27;[0;39m &amp#27;[39mTRACE&amp#27;[0;39m [&amp#27;[34mmain&amp#27;[0;39m] &amp#27;[33morg.hibernate.type.descriptor.sql.BasicBinder&amp#27;[0;39m: binding parameter [1] as [BIGINT] - [2]
&amp#27;[30m2020-05-09 13:10:41,390&amp#27;[0;39m &amp#27;[39mTRACE&amp#27;[0;39m [&amp#27;[34mmain&amp#27;[0;39m] &amp#27;[33morg.hibernate.type.descriptor.sql.BasicExtractor&amp#27;[0;39m: extracted value ([id1_14_2_] : [BIGINT]) - [1]
&amp#27;[30m2020-05-09 13:10:41,391&amp#27;[0;39m &amp#27;[39mTRACE&amp#27;[0;39m [&amp#27;[34mmain&amp#27;[0;39m] &amp#27;[33morg.hibernate.type.descriptor.sql.BasicExtractor&amp#27;[0;39m: extracted value ([created_2_15_0_] : [TIMESTAMP]) - [2020-05-08T14:30:35]
&amp#27;[30m2020-05-09 13:10:41,392&amp#27;[0;39m &amp#27;[39mTRACE&amp#27;[0;39m [&amp#27;[34mmain&amp#27;[0;39m] &amp#27;[33morg.hibernate.type.descriptor.sql.BasicExtractor&amp#27;[0;39m: extracted value ([deletest3_15_0_] : [BOOLEAN]) - [false]
&amp#27;[30m2020-05-09 13:10:41,393&amp#27;[0;39m &amp#27;[39mTRACE&amp#27;[0;39m [&amp#27;[34mmain&amp#27;[0;39m] &amp#27;[33morg.hibernate.type.descriptor.sql.BasicExtractor&amp#27;[0;39m: extracted value ([inserted4_15_0_] : [VARCHAR]) - [null]
&amp#27;[30m2020-05-09 13:10:41,394&amp#27;[0;39m &amp#27;[39mTRACE&amp#27;[0;39m [&amp#27;[34mmain&amp#27;[0;39m] &amp#27;[33morg.hibernate.type.descriptor.sql.BasicExtractor&amp#27;[0;39m: extracted value ([inserted5_15_0_] : [VARCHAR]) - [usermanagement]
&amp#27;[30m2020-05-09 13:10:41,394&amp#27;[0;39m &amp#27;[39mTRACE&amp#27;[0;39m [&amp#27;[34mmain&amp#27;[0;39m] &amp#27;[33morg.hibernate.type.descriptor.sql.BasicExtractor&amp#27;[0;39m: extracted value ([status6_15_0_] : [VARCHAR]) - [A]
&amp#27;[30m2020-05-09 13:10:41,395&amp#27;[0;39m &amp#27;[39mTRACE&amp#27;[0;39m [&amp#27;[34mmain&amp#27;[0;39m] &amp#27;[33morg.hibernate.type.descriptor.sql.BasicExtractor&amp#27;[0;39m: extracted value ([updated_7_15_0_] : [VARCHAR]) - [null]
&amp#27;[30m2020-05-09 13:10:41,395&amp#27;[0;39m &amp#27;[39mTRACE&amp#27;[0;39m [&amp#27;[34mmain&amp#27;[0;39m] &amp#27;[33morg.hibernate.type.descriptor.sql.BasicExtractor&amp#27;[0;39m: extracted value ([updated_8_15_0_] : [TIMESTAMP]) - [null]
&amp#27;[30m2020-05-09 13:10:41,395&amp#27;[0;39m &amp#27;[39mTRACE&amp#27;[0;39m [&amp#27;[34mmain&amp#27;[0;39m] &amp#27;[33morg.hibernate.type.descriptor.sql.BasicExtractor&amp#27;[0;39m: extracted value ([updated_9_15_0_] : [VARCHAR]) - [null]
&amp#27;[30m2020-05-09 13:10:41,396&amp#27;[0;39m &amp#27;[39mTRACE&amp#27;[0;39m [&amp#27;[34mmain&amp#27;[0;39m] &amp#27;[33morg.hibernate.type.descriptor.sql.BasicExtractor&amp#27;[0;39m: extracted value ([name10_15_0_] : [VARCHAR]) - [Student]
&amp#27;[30m2020-05-09 13:10:41,397&amp#27;[0;39m &amp#27;[39mTRACE&amp#27;[0;39m [&amp#27;[34mmain&amp#27;[0;39m] &amp#27;[33morg.hibernate.type.descriptor.sql.BasicExtractor&amp#27;[0;39m: extracted value ([type11_15_0_] : [VARCHAR]) - [STUDENT]
&amp#27;[30m2020-05-09 13:10:41,399&amp#27;[0;39m &amp#27;[39mTRACE&amp#27;[0;39m [&amp#27;[34mmain&amp#27;[0;39m] &amp#27;[33morg.hibernate.type.descriptor.sql.BasicExtractor&amp#27;[0;39m: extracted value ([created_2_14_2_] : [TIMESTAMP]) - [2020-05-08T10:12:52]
&amp#27;[30m2020-05-09 13:10:41,400&amp#27;[0;39m &amp#27;[39mTRACE&amp#27;[0;39m [&amp#27;[34mmain&amp#27;[0;39m] &amp#27;[33morg.hibernate.type.descriptor.sql.BasicExtractor&amp#27;[0;39m: extracted value ([deletest3_14_2_] : [BOOLEAN]) - [false]
&amp#27;[30m2020-05-09 13:10:41,402&amp#27;[0;39m &amp#27;[39mTRACE&amp#27;[0;39m [&amp#27;[34mmain&amp#27;[0;39m] &amp#27;[33morg.hibernate.type.descriptor.sql.BasicExtractor&amp#27;[0;39m: extracted value ([inserted4_14_2_] : [VARCHAR]) - [null]
&amp#27;[30m2020-05-09 13:10:41,403&amp#27;[0;39m &amp#27;[39mTRACE&amp#27;[0;39m [&amp#27;[34mmain&amp#27;[0;39m] &amp#27;[33morg.hibernate.type.descriptor.sql.BasicExtractor&amp#27;[0;39m: extracted value ([inserted5_14_2_] : [VARCHAR]) - [usermanagement]
&amp#27;[30m2020-05-09 13:10:41,404&amp#27;[0;39m &amp#27;[39mTRACE&amp#27;[0;39m [&amp#27;[34mmain&amp#27;[0;39m] &amp#27;[33morg.hibernate.type.descriptor.sql.BasicExtractor&amp#27;[0;39m: extracted value ([status6_14_2_] : [VARCHAR]) - [A]
&amp#27;[30m2020-05-09 13:10:41,405&amp#27;[0;39m &amp#27;[39mTRACE&amp#27;[0;39m [&amp#27;[34mmain&amp#27;[0;39m] &amp#27;[33morg.hibernate.type.descriptor.sql.BasicExtractor&amp#27;[0;39m: extracted value ([updated_7_14_2_] : [VARCHAR]) - [Abakar]
&amp#27;[30m2020-05-09 13:10:41,405&amp#27;[0;39m &amp#27;[39mTRACE&amp#27;[0;39m [&amp#27;[34mmain&amp#27;[0;39m] &amp#27;[33morg.hibernate.type.descriptor.sql.BasicExtractor&amp#27;[0;39m: extracted value ([updated_8_14_2_] : [TIMESTAMP]) - [2020-05-09T13:10:41]
&amp#27;[30m2020-05-09 13:10:41,406&amp#27;[0;39m &amp#27;[39mTRACE&amp#27;[0;39m [&amp#27;[34mmain&amp#27;[0;39m] &amp#27;[33morg.hibernate.type.descriptor.sql.BasicExtractor&amp#27;[0;39m: extracted value ([updated_9_14_2_] : [VARCHAR]) - [usermanagement]
&amp#27;[30m2020-05-09 13:10:41,406&amp#27;[0;39m &amp#27;[39mTRACE&amp#27;[0;39m [&amp#27;[34mmain&amp#27;[0;39m] &amp#27;[33morg.hibernate.type.descriptor.sql.BasicExtractor&amp#27;[0;39m: extracted value ([name10_14_2_] : [VARCHAR]) - [Read]
&amp#27;[30m2020-05-09 13:10:41,408&amp#27;[0;39m &amp#27;[39mTRACE&amp#27;[0;39m [&amp#27;[34mmain&amp#27;[0;39m] &amp#27;[33morg.hibernate.type.descriptor.sql.BasicExtractor&amp#27;[0;39m: extracted value ([role_id1_16_1_] : [BIGINT]) - [2]
&amp#27;[30m2020-05-09 13:10:41,408&amp#27;[0;39m &amp#27;[39mTRACE&amp#27;[0;39m [&amp#27;[34mmain&amp#27;[0;39m] &amp#27;[33morg.hibernate.type.descriptor.sql.BasicExtractor&amp#27;[0;39m: extracted value ([privileg2_16_1_] : [BIGINT]) - [1]
&amp#27;[30m2020-05-09 13:10:41,410&amp#27;[0;39m &amp#27;[39mTRACE&amp#27;[0;39m [&amp#27;[34mmain&amp#27;[0;39m] &amp#27;[33morg.hibernate.type.descriptor.sql.BasicExtractor&amp#27;[0;39m: extracted value ([id1_14_2_] : [BIGINT]) - [2]
&amp#27;[30m2020-05-09 13:10:41,411&amp#27;[0;39m &amp#27;[39mTRACE&amp#27;[0;39m [&amp#27;[34mmain&amp#27;[0;39m] &amp#27;[33morg.hibernate.type.descriptor.sql.BasicExtractor&amp#27;[0;39m: extracted value ([created_2_14_2_] : [TIMESTAMP]) - [2020-05-08T10:12:52]
&amp#27;[30m2020-05-09 13:10:41,412&amp#27;[0;39m &amp#27;[39mTRACE&amp#27;[0;39m [&amp#27;[34mmain&amp#27;[0;39m] &amp#27;[33morg.hibernate.type.descriptor.sql.BasicExtractor&amp#27;[0;39m: extracted value ([deletest3_14_2_] : [BOOLEAN]) - [false]
&amp#27;[30m2020-05-09 13:10:41,413&amp#27;[0;39m &amp#27;[39mTRACE&amp#27;[0;39m [&amp#27;[34mmain&amp#27;[0;39m] &amp#27;[33morg.hibernate.type.descriptor.sql.BasicExtractor&amp#27;[0;39m: extracted value ([inserted4_14_2_] : [VARCHAR]) - [null]
&amp#27;[30m2020-05-09 13:10:41,414&amp#27;[0;39m &amp#27;[39mTRACE&amp#27;[0;39m [&amp#27;[34mmain&amp#27;[0;39m] &amp#27;[33morg.hibernate.type.descriptor.sql.BasicExtractor&amp#27;[0;39m: extracted value ([inserted5_14_2_] : [VARCHAR]) - [usermanagement]
&amp#27;[30m2020-05-09 13:10:41,415&amp#27;[0;39m &amp#27;[39mTRACE&amp#27;[0;39m [&amp#27;[34mmain&amp#27;[0;39m] &amp#27;[33morg.hibernate.type.descriptor.sql.BasicExtractor&amp#27;[0;39m: extracted value ([status6_14_2_] : [VARCHAR]) - [A]
&amp#27;[30m2020-05-09 13:10:41,415&amp#27;[0;39m &amp#27;[39mTRACE&amp#27;[0;39m [&amp#27;[34mmain&amp#27;[0;39m] &amp#27;[33morg.hibernate.type.descriptor.sql.BasicExtractor&amp#27;[0;39m: extracted value ([updated_7_14_2_] : [VARCHAR]) - [null]
&amp#27;[30m2020-05-09 13:10:41,416&amp#27;[0;39m &amp#27;[39mTRACE&amp#27;[0;39m [&amp#27;[34mmain&amp#27;[0;39m] &amp#27;[33morg.hibernate.type.descriptor.sql.BasicExtractor&amp#27;[0;39m: extracted value ([updated_8_14_2_] : [TIMESTAMP]) - [null]
&amp#27;[30m2020-05-09 13:10:41,417&amp#27;[0;39m &amp#27;[39mTRACE&amp#27;[0;39m [&amp#27;[34mmain&amp#27;[0;39m] &amp#27;[33morg.hibernate.type.descriptor.sql.BasicExtractor&amp#27;[0;39m: extracted value ([updated_9_14_2_] : [VARCHAR]) - [null]
&amp#27;[30m2020-05-09 13:10:41,419&amp#27;[0;39m &amp#27;[39mTRACE&amp#27;[0;39m [&amp#27;[34mmain&amp#27;[0;39m] &amp#27;[33morg.hibernate.type.descriptor.sql.BasicExtractor&amp#27;[0;39m: extracted value ([name10_14_2_] : [VARCHAR]) - [Write]
&amp#27;[30m2020-05-09 13:10:41,420&amp#27;[0;39m &amp#27;[39mTRACE&amp#27;[0;39m [&amp#27;[34mmain&amp#27;[0;39m] &amp#27;[33morg.hibernate.type.descriptor.sql.BasicExtractor&amp#27;[0;39m: extracted value ([role_id1_16_1_] : [BIGINT]) - [2]
&amp#27;[30m2020-05-09 13:10:41,421&amp#27;[0;39m &amp#27;[39mTRACE&amp#27;[0;39m [&amp#27;[34mmain&amp#27;[0;39m] &amp#27;[33morg.hibernate.type.descriptor.sql.BasicExtractor&amp#27;[0;39m: extracted value ([privileg2_16_1_] : [BIGINT]) - [2]
&amp#27;[30m2020-05-09 13:10:41,422&amp#27;[0;39m &amp#27;[39mTRACE&amp#27;[0;39m [&amp#27;[34mmain&amp#27;[0;39m] &amp#27;[33morg.hibernate.type.descriptor.sql.BasicExtractor&amp#27;[0;39m: extracted value ([id1_14_2_] : [BIGINT]) - [3]
&amp#27;[30m2020-05-09 13:10:41,423&amp#27;[0;39m &amp#27;[39mTRACE&amp#27;[0;39m [&amp#27;[34mmain&amp#27;[0;39m] &amp#27;[33morg.hibernate.type.descriptor.sql.BasicExtractor&amp#27;[0;39m: extracted value ([created_2_14_2_] : [TIMESTAMP]) - [2020-05-08T10:12:52]
&amp#27;[30m2020-05-09 13:10:41,423&amp#27;[0;39m &amp#27;[39mTRACE&amp#27;[0;39m [&amp#27;[34mmain&amp#27;[0;39m] &amp#27;[33morg.hibernate.type.descriptor.sql.BasicExtractor&amp#27;[0;39m: extracted value ([deletest3_14_2_] : [BOOLEAN]) - [false]
&amp#27;[30m2020-05-09 13:10:41,424&amp#27;[0;39m &amp#27;[39mTRACE&amp#27;[0;39m [&amp#27;[34mmain&amp#27;[0;39m] &amp#27;[33morg.hibernate.type.descriptor.sql.BasicExtractor&amp#27;[0;39m: extracted value ([inserted4_14_2_] : [VARCHAR]) - [null]
&amp#27;[30m2020-05-09 13:10:41,426&amp#27;[0;39m &amp#27;[39mTRACE&amp#27;[0;39m [&amp#27;[34mmain&amp#27;[0;39m] &amp#27;[33morg.hibernate.type.descriptor.sql.BasicExtractor&amp#27;[0;39m: extracted value ([inserted5_14_2_] : [VARCHAR]) - [usermanagement]
&amp#27;[30m2020-05-09 13:10:41,426&amp#27;[0;39m &amp#27;[39mTRACE&amp#27;[0;39m [&amp#27;[34mmain&amp#27;[0;39m] &amp#27;[33morg.hibernate.type.descriptor.sql.BasicExtractor&amp#27;[0;39m: extracted value ([status6_14_2_] : [VARCHAR]) - [A]
&amp#27;[30m2020-05-09 13:10:41,427&amp#27;[0;39m &amp#27;[39mTRACE&amp#27;[0;39m [&amp#27;[34mmain&amp#27;[0;39m] &amp#27;[33morg.hibernate.type.descriptor.sql.BasicExtractor&amp#27;[0;39m: extracted value ([updated_7_14_2_] : [VARCHAR]) - [null]
&amp#27;[30m2020-05-09 13:10:41,427&amp#27;[0;39m &amp#27;[39mTRACE&amp#27;[0;39m [&amp#27;[34mmain&amp#27;[0;39m] &amp#27;[33morg.hibernate.type.descriptor.sql.BasicExtractor&amp#27;[0;39m: extracted value ([updated_8_14_2_] : [TIMESTAMP]) - [null]
&amp#27;[30m2020-05-09 13:10:41,428&amp#27;[0;39m &amp#27;[39mTRACE&amp#27;[0;39m [&amp#27;[34mmain&amp#27;[0;39m] &amp#27;[33morg.hibernate.type.descriptor.sql.BasicExtractor&amp#27;[0;39m: extracted value ([updated_9_14_2_] : [VARCHAR]) - [null]
&amp#27;[30m2020-05-09 13:10:41,428&amp#27;[0;39m &amp#27;[39mTRACE&amp#27;[0;39m [&amp#27;[34mmain&amp#27;[0;39m] &amp#27;[33morg.hibernate.type.descriptor.sql.BasicExtractor&amp#27;[0;39m: extracted value ([name10_14_2_] : [VARCHAR]) - [Update]
&amp#27;[30m2020-05-09 13:10:41,429&amp#27;[0;39m &amp#27;[39mTRACE&amp#27;[0;39m [&amp#27;[34mmain&amp#27;[0;39m] &amp#27;[33morg.hibernate.type.descriptor.sql.BasicExtractor&amp#27;[0;39m: extracted value ([role_id1_16_1_] : [BIGINT]) - [2]
&amp#27;[30m2020-05-09 13:10:41,432&amp#27;[0;39m &amp#27;[39mTRACE&amp#27;[0;39m [&amp#27;[34mmain&amp#27;[0;39m] &amp#27;[33morg.hibernate.type.descriptor.sql.BasicExtractor&amp#27;[0;39m: extracted value ([privileg2_16_1_] : [BIGINT]) - [3]
Hibernate: select privilege0_.id as id1_14_0_, privilege0_.created_on as created_2_14_0_, privilege0_.deletestatus as deletest3_14_0_, privilege0_.inserted_by as inserted4_14_0_, privilege0_.inserted_prog as inserted5_14_0_, privilege0_.status as status6_14_0_, privilege0_.updated_by as updated_7_14_0_, privilege0_.updated_on as updated_8_14_0_, privilege0_.updated_prog as updated_9_14_0_, privilege0_.name as name10_14_0_ from privilege privilege0_ where privilege0_.id=?
&amp#27;[30m2020-05-09 13:10:41,438&amp#27;[0;39m &amp#27;[39mTRACE&amp#27;[0;39m [&amp#27;[34mmain&amp#27;[0;39m] &amp#27;[33morg.hibernate.type.descriptor.sql.BasicBinder&amp#27;[0;39m: binding parameter [1] as [BIGINT] - [1]
&amp#27;[30m2020-05-09 13:10:41,440&amp#27;[0;39m &amp#27;[39mTRACE&amp#27;[0;39m [&amp#27;[34mmain&amp#27;[0;39m] &amp#27;[33morg.hibernate.type.descriptor.sql.BasicExtractor&amp#27;[0;39m: extracted value ([created_2_14_0_] : [TIMESTAMP]) - [2020-05-08T10:12:52]
&amp#27;[30m2020-05-09 13:10:41,441&amp#27;[0;39m &amp#27;[39mTRACE&amp#27;[0;39m [&amp#27;[34mmain&amp#27;[0;39m] &amp#27;[33morg.hibernate.type.descriptor.sql.BasicExtractor&amp#27;[0;39m: extracted value ([deletest3_14_0_] : [BOOLEAN]) - [false]
&amp#27;[30m2020-05-09 13:10:41,442&amp#27;[0;39m &amp#27;[39mTRACE&amp#27;[0;39m [&amp#27;[34mmain&amp#27;[0;39m] &amp#27;[33morg.hibernate.type.descriptor.sql.BasicExtractor&amp#27;[0;39m: extracted value ([inserted4_14_0_] : [VARCHAR]) - [null]
&amp#27;[30m2020-05-09 13:10:41,442&amp#27;[0;39m &amp#27;[39mTRACE&amp#27;[0;39m [&amp#27;[34mmain&amp#27;[0;39m] &amp#27;[33morg.hibernate.type.descriptor.sql.BasicExtractor&amp#27;[0;39m: extracted value ([inserted5_14_0_] : [VARCHAR]) - [usermanagement]
&amp#27;[30m2020-05-09 13:10:41,443&amp#27;[0;39m &amp#27;[39mTRACE&amp#27;[0;39m [&amp#27;[34mmain&amp#27;[0;39m] &amp#27;[33morg.hibernate.type.descriptor.sql.BasicExtractor&amp#27;[0;39m: extracted value ([status6_14_0_] : [VARCHAR]) - [A]
&amp#27;[30m2020-05-09 13:10:41,443&amp#27;[0;39m &amp#27;[39mTRACE&amp#27;[0;39m [&amp#27;[34mmain&amp#27;[0;39m] &amp#27;[33morg.hibernate.type.descriptor.sql.BasicExtractor&amp#27;[0;39m: extracted value ([updated_7_14_0_] : [VARCHAR]) - [Abakar]
&amp#27;[30m2020-05-09 13:10:41,444&amp#27;[0;39m &amp#27;[39mTRACE&amp#27;[0;39m [&amp#27;[34mmain&amp#27;[0;39m] &amp#27;[33morg.hibernate.type.descriptor.sql.BasicExtractor&amp#27;[0;39m: extracted value ([updated_8_14_0_] : [TIMESTAMP]) - [2020-05-09T13:10:41]
&amp#27;[30m2020-05-09 13:10:41,444&amp#27;[0;39m &amp#27;[39mTRACE&amp#27;[0;39m [&amp#27;[34mmain&amp#27;[0;39m] &amp#27;[33morg.hibernate.type.descriptor.sql.BasicExtractor&amp#27;[0;39m: extracted value ([updated_9_14_0_] : [VARCHAR]) - [usermanagement]
&amp#27;[30m2020-05-09 13:10:41,445&amp#27;[0;39m &amp#27;[39mTRACE&amp#27;[0;39m [&amp#27;[34mmain&amp#27;[0;39m] &amp#27;[33morg.hibernate.type.descriptor.sql.BasicExtractor&amp#27;[0;39m: extracted value ([name10_14_0_] : [VARCHAR]) - [Read]
]]></system-out>
  </testcase>
  <testcase name="testDeactivateById" classname="com.bytmasoft.um.services.RoleServiceTest" time="0.017">
    <error message="There is no role with this id: 6" type="com.bytmasoft.common.exception.MyEntityNotFoundException">com.bytmasoft.common.exception.MyEntityNotFoundException: There is no role with this id: 6
	at com.bytmasoft.um.services.RoleServiceTest.testDeactivateById(RoleServiceTest.java:277)
</error>
    <system-out><![CDATA[Hibernate: select role0_.id as id1_15_0_, role0_.created_on as created_2_15_0_, role0_.deletestatus as deletest3_15_0_, role0_.inserted_by as inserted4_15_0_, role0_.inserted_prog as inserted5_15_0_, role0_.status as status6_15_0_, role0_.updated_by as updated_7_15_0_, role0_.updated_on as updated_8_15_0_, role0_.updated_prog as updated_9_15_0_, role0_.name as name10_15_0_, role0_.type as type11_15_0_, privileges1_.role_id as role_id1_16_1_, privilege2_.id as privileg2_16_1_, privilege2_.id as id1_14_2_, privilege2_.created_on as created_2_14_2_, privilege2_.deletestatus as deletest3_14_2_, privilege2_.inserted_by as inserted4_14_2_, privilege2_.inserted_prog as inserted5_14_2_, privilege2_.status as status6_14_2_, privilege2_.updated_by as updated_7_14_2_, privilege2_.updated_on as updated_8_14_2_, privilege2_.updated_prog as updated_9_14_2_, privilege2_.name as name10_14_2_ from role role0_ left outer join role_privilege privileges1_ on role0_.id=privileges1_.role_id left outer join privilege privilege2_ on privileges1_.privilege_id=privilege2_.id where role0_.id=?
&amp#27;[30m2020-05-09 13:10:41,455&amp#27;[0;39m &amp#27;[39mTRACE&amp#27;[0;39m [&amp#27;[34mmain&amp#27;[0;39m] &amp#27;[33morg.hibernate.type.descriptor.sql.BasicBinder&amp#27;[0;39m: binding parameter [1] as [BIGINT] - [6]
]]></system-out>
  </testcase>
  <testcase name="testCountInActiveResources" classname="com.bytmasoft.um.services.RoleServiceTest" time="0.003"/>
  <testcase name="testDeactivateAll" classname="com.bytmasoft.um.services.RoleServiceTest" time="0.08"/>
  <testcase name="testActivateAll" classname="com.bytmasoft.um.services.RoleServiceTest" time="0.065"/>
  <testcase name="testFindByStatus" classname="com.bytmasoft.um.services.RoleServiceTest" time="0.066"/>
  <testcase name="testFindByType" classname="com.bytmasoft.um.services.RoleServiceTest" time="0">
    <error message="No enum constant com.bytmasoft.domain.enums.RoleType.USER" type="java.lang.IllegalArgumentException">java.lang.IllegalArgumentException: No enum constant com.bytmasoft.domain.enums.RoleType.USER
	at com.bytmasoft.um.services.RoleServiceTest.testFindByType(RoleServiceTest.java:354)
</error>
  </testcase>
  <testcase name="testFindAllInActive" classname="com.bytmasoft.um.services.RoleServiceTest" time="0.004"/>
  <testcase name="testFindAllActive" classname="com.bytmasoft.um.services.RoleServiceTest" time="0.059"/>
  <testcase name="testFindRolesByUserId" classname="com.bytmasoft.um.services.RoleServiceTest" time="0.008">
    <error message="could not extract ResultSet; SQL [n/a]; nested exception is org.hibernate.exception.SQLGrammarException: could not extract ResultSet" type="org.springframework.dao.InvalidDataAccessResourceUsageException">org.springframework.dao.InvalidDataAccessResourceUsageException: could not extract ResultSet; SQL [n/a]; nested exception is org.hibernate.exception.SQLGrammarException: could not extract ResultSet
	at com.bytmasoft.um.services.RoleServiceTest.testFindRolesByUserId(RoleServiceTest.java:384)
Caused by: org.hibernate.exception.SQLGrammarException: could not extract ResultSet
	at com.bytmasoft.um.services.RoleServiceTest.testFindRolesByUserId(RoleServiceTest.java:384)
Caused by: java.sql.SQLSyntaxErrorException: Table 'bytmasoft.user_role' doesn't exist
	at com.bytmasoft.um.services.RoleServiceTest.testFindRolesByUserId(RoleServiceTest.java:384)
</error>
    <system-out><![CDATA[Hibernate: select r.* from role r join user_role ur on r.id = ur.role_id where ur.user_id =?
&amp#27;[30m2020-05-09 13:10:41,758&amp#27;[0;39m &amp#27;[39mTRACE&amp#27;[0;39m [&amp#27;[34mmain&amp#27;[0;39m] &amp#27;[33morg.hibernate.type.descriptor.sql.BasicBinder&amp#27;[0;39m: binding parameter [1] as [BIGINT] - [6]
&amp#27;[30m2020-05-09 13:10:41,760&amp#27;[0;39m &amp#27;[31mWARN &amp#27;[0;39m [&amp#27;[34mmain&amp#27;[0;39m] &amp#27;[33morg.hibernate.engine.jdbc.spi.SqlExceptionHelper&amp#27;[0;39m: SQL Error: 1146, SQLState: 42S02
&amp#27;[30m2020-05-09 13:10:41,760&amp#27;[0;39m &amp#27;[1;31mERROR&amp#27;[0;39m [&amp#27;[34mmain&amp#27;[0;39m] &amp#27;[33morg.hibernate.engine.jdbc.spi.SqlExceptionHelper&amp#27;[0;39m: Table 'bytmasoft.user_role' doesn't exist
]]></system-out>
  </testcase>
  <testcase name="testFindRoleByUserIdAndRoleId" classname="com.bytmasoft.um.services.RoleServiceTest" time="0.009">
    <error message="could not extract ResultSet; SQL [n/a]; nested exception is org.hibernate.exception.SQLGrammarException: could not extract ResultSet" type="org.springframework.dao.InvalidDataAccessResourceUsageException">org.springframework.dao.InvalidDataAccessResourceUsageException: could not extract ResultSet; SQL [n/a]; nested exception is org.hibernate.exception.SQLGrammarException: could not extract ResultSet
	at com.bytmasoft.um.services.RoleServiceTest.testFindRoleByUserIdAndRoleId(RoleServiceTest.java:395)
Caused by: org.hibernate.exception.SQLGrammarException: could not extract ResultSet
	at com.bytmasoft.um.services.RoleServiceTest.testFindRoleByUserIdAndRoleId(RoleServiceTest.java:395)
Caused by: java.sql.SQLSyntaxErrorException: Table 'bytmasoft.user_role' doesn't exist
	at com.bytmasoft.um.services.RoleServiceTest.testFindRoleByUserIdAndRoleId(RoleServiceTest.java:395)
</error>
    <system-out><![CDATA[Hibernate: select r.* from role r join user_role ur on r.id = ur.role_id where ur.user_id =? and r.id=?
&amp#27;[30m2020-05-09 13:10:41,767&amp#27;[0;39m &amp#27;[39mTRACE&amp#27;[0;39m [&amp#27;[34mmain&amp#27;[0;39m] &amp#27;[33morg.hibernate.type.descriptor.sql.BasicBinder&amp#27;[0;39m: binding parameter [1] as [BIGINT] - [9]
&amp#27;[30m2020-05-09 13:10:41,768&amp#27;[0;39m &amp#27;[39mTRACE&amp#27;[0;39m [&amp#27;[34mmain&amp#27;[0;39m] &amp#27;[33morg.hibernate.type.descriptor.sql.BasicBinder&amp#27;[0;39m: binding parameter [2] as [BIGINT] - [6]
&amp#27;[30m2020-05-09 13:10:41,769&amp#27;[0;39m &amp#27;[31mWARN &amp#27;[0;39m [&amp#27;[34mmain&amp#27;[0;39m] &amp#27;[33morg.hibernate.engine.jdbc.spi.SqlExceptionHelper&amp#27;[0;39m: SQL Error: 1146, SQLState: 42S02
&amp#27;[30m2020-05-09 13:10:41,769&amp#27;[0;39m &amp#27;[1;31mERROR&amp#27;[0;39m [&amp#27;[34mmain&amp#27;[0;39m] &amp#27;[33morg.hibernate.engine.jdbc.spi.SqlExceptionHelper&amp#27;[0;39m: Table 'bytmasoft.user_role' doesn't exist
]]></system-out>
  </testcase>
  <testcase name="testAddPrivilegeToRole" classname="com.bytmasoft.um.services.RoleServiceTest" time="0.079">
    <error message="could not execute statement; SQL [n/a]; constraint [role_privilege.PRIMARY]; nested exception is org.hibernate.exception.ConstraintViolationException: could not execute statement" type="org.springframework.dao.DataIntegrityViolationException">org.springframework.dao.DataIntegrityViolationException: could not execute statement; SQL [n/a]; constraint [role_privilege.PRIMARY]; nested exception is org.hibernate.exception.ConstraintViolationException: could not execute statement
	at com.bytmasoft.um.services.RoleServiceTest.lambda$null$1(RoleServiceTest.java:184)
	at com.bytmasoft.um.services.RoleServiceTest.lambda$testAddPrivilegeToRole$2(RoleServiceTest.java:181)
	at com.bytmasoft.um.services.RoleServiceTest.testAddPrivilegeToRole(RoleServiceTest.java:178)
Caused by: org.hibernate.exception.ConstraintViolationException: could not execute statement
	at com.bytmasoft.um.services.RoleServiceTest.lambda$null$1(RoleServiceTest.java:184)
	at com.bytmasoft.um.services.RoleServiceTest.lambda$testAddPrivilegeToRole$2(RoleServiceTest.java:181)
	at com.bytmasoft.um.services.RoleServiceTest.testAddPrivilegeToRole(RoleServiceTest.java:178)
Caused by: java.sql.SQLIntegrityConstraintViolationException: Duplicate entry '2-1' for key 'role_privilege.PRIMARY'
	at com.bytmasoft.um.services.RoleServiceTest.lambda$null$1(RoleServiceTest.java:184)
	at com.bytmasoft.um.services.RoleServiceTest.lambda$testAddPrivilegeToRole$2(RoleServiceTest.java:181)
	at com.bytmasoft.um.services.RoleServiceTest.testAddPrivilegeToRole(RoleServiceTest.java:178)
</error>
    <system-out><![CDATA[Hibernate: select role0_.id as id1_15_, role0_.created_on as created_2_15_, role0_.deletestatus as deletest3_15_, role0_.inserted_by as inserted4_15_, role0_.inserted_prog as inserted5_15_, role0_.status as status6_15_, role0_.updated_by as updated_7_15_, role0_.updated_on as updated_8_15_, role0_.updated_prog as updated_9_15_, role0_.name as name10_15_, role0_.type as type11_15_ from role role0_
&amp#27;[30m2020-05-09 13:10:41,778&amp#27;[0;39m &amp#27;[39mTRACE&amp#27;[0;39m [&amp#27;[34mmain&amp#27;[0;39m] &amp#27;[33morg.hibernate.type.descriptor.sql.BasicExtractor&amp#27;[0;39m: extracted value ([id1_15_] : [BIGINT]) - [2]
&amp#27;[30m2020-05-09 13:10:41,779&amp#27;[0;39m &amp#27;[39mTRACE&amp#27;[0;39m [&amp#27;[34mmain&amp#27;[0;39m] &amp#27;[33morg.hibernate.type.descriptor.sql.BasicExtractor&amp#27;[0;39m: extracted value ([created_2_15_] : [TIMESTAMP]) - [2020-05-08T14:30:35]
&amp#27;[30m2020-05-09 13:10:41,779&amp#27;[0;39m &amp#27;[39mTRACE&amp#27;[0;39m [&amp#27;[34mmain&amp#27;[0;39m] &amp#27;[33morg.hibernate.type.descriptor.sql.BasicExtractor&amp#27;[0;39m: extracted value ([deletest3_15_] : [BOOLEAN]) - [false]
&amp#27;[30m2020-05-09 13:10:41,780&amp#27;[0;39m &amp#27;[39mTRACE&amp#27;[0;39m [&amp#27;[34mmain&amp#27;[0;39m] &amp#27;[33morg.hibernate.type.descriptor.sql.BasicExtractor&amp#27;[0;39m: extracted value ([inserted4_15_] : [VARCHAR]) - [null]
&amp#27;[30m2020-05-09 13:10:41,780&amp#27;[0;39m &amp#27;[39mTRACE&amp#27;[0;39m [&amp#27;[34mmain&amp#27;[0;39m] &amp#27;[33morg.hibernate.type.descriptor.sql.BasicExtractor&amp#27;[0;39m: extracted value ([inserted5_15_] : [VARCHAR]) - [usermanagement]
&amp#27;[30m2020-05-09 13:10:41,780&amp#27;[0;39m &amp#27;[39mTRACE&amp#27;[0;39m [&amp#27;[34mmain&amp#27;[0;39m] &amp#27;[33morg.hibernate.type.descriptor.sql.BasicExtractor&amp#27;[0;39m: extracted value ([status6_15_] : [VARCHAR]) - [A]
&amp#27;[30m2020-05-09 13:10:41,781&amp#27;[0;39m &amp#27;[39mTRACE&amp#27;[0;39m [&amp#27;[34mmain&amp#27;[0;39m] &amp#27;[33morg.hibernate.type.descriptor.sql.BasicExtractor&amp#27;[0;39m: extracted value ([updated_7_15_] : [VARCHAR]) - [null]
&amp#27;[30m2020-05-09 13:10:41,781&amp#27;[0;39m &amp#27;[39mTRACE&amp#27;[0;39m [&amp#27;[34mmain&amp#27;[0;39m] &amp#27;[33morg.hibernate.type.descriptor.sql.BasicExtractor&amp#27;[0;39m: extracted value ([updated_8_15_] : [TIMESTAMP]) - [null]
&amp#27;[30m2020-05-09 13:10:41,781&amp#27;[0;39m &amp#27;[39mTRACE&amp#27;[0;39m [&amp#27;[34mmain&amp#27;[0;39m] &amp#27;[33morg.hibernate.type.descriptor.sql.BasicExtractor&amp#27;[0;39m: extracted value ([updated_9_15_] : [VARCHAR]) - [null]
&amp#27;[30m2020-05-09 13:10:41,782&amp#27;[0;39m &amp#27;[39mTRACE&amp#27;[0;39m [&amp#27;[34mmain&amp#27;[0;39m] &amp#27;[33morg.hibernate.type.descriptor.sql.BasicExtractor&amp#27;[0;39m: extracted value ([name10_15_] : [VARCHAR]) - [Student]
&amp#27;[30m2020-05-09 13:10:41,782&amp#27;[0;39m &amp#27;[39mTRACE&amp#27;[0;39m [&amp#27;[34mmain&amp#27;[0;39m] &amp#27;[33morg.hibernate.type.descriptor.sql.BasicExtractor&amp#27;[0;39m: extracted value ([type11_15_] : [VARCHAR]) - [STUDENT]
&amp#27;[30m2020-05-09 13:10:41,782&amp#27;[0;39m &amp#27;[39mTRACE&amp#27;[0;39m [&amp#27;[34mmain&amp#27;[0;39m] &amp#27;[33morg.hibernate.type.descriptor.sql.BasicExtractor&amp#27;[0;39m: extracted value ([id1_15_] : [BIGINT]) - [3]
&amp#27;[30m2020-05-09 13:10:41,783&amp#27;[0;39m &amp#27;[39mTRACE&amp#27;[0;39m [&amp#27;[34mmain&amp#27;[0;39m] &amp#27;[33morg.hibernate.type.descriptor.sql.BasicExtractor&amp#27;[0;39m: extracted value ([created_2_15_] : [TIMESTAMP]) - [2020-05-08T14:30:35]
&amp#27;[30m2020-05-09 13:10:41,783&amp#27;[0;39m &amp#27;[39mTRACE&amp#27;[0;39m [&amp#27;[34mmain&amp#27;[0;39m] &amp#27;[33morg.hibernate.type.descriptor.sql.BasicExtractor&amp#27;[0;39m: extracted value ([deletest3_15_] : [BOOLEAN]) - [false]
&amp#27;[30m2020-05-09 13:10:41,784&amp#27;[0;39m &amp#27;[39mTRACE&amp#27;[0;39m [&amp#27;[34mmain&amp#27;[0;39m] &amp#27;[33morg.hibernate.type.descriptor.sql.BasicExtractor&amp#27;[0;39m: extracted value ([inserted4_15_] : [VARCHAR]) - [null]
&amp#27;[30m2020-05-09 13:10:41,784&amp#27;[0;39m &amp#27;[39mTRACE&amp#27;[0;39m [&amp#27;[34mmain&amp#27;[0;39m] &amp#27;[33morg.hibernate.type.descriptor.sql.BasicExtractor&amp#27;[0;39m: extracted value ([inserted5_15_] : [VARCHAR]) - [usermanagement]
&amp#27;[30m2020-05-09 13:10:41,784&amp#27;[0;39m &amp#27;[39mTRACE&amp#27;[0;39m [&amp#27;[34mmain&amp#27;[0;39m] &amp#27;[33morg.hibernate.type.descriptor.sql.BasicExtractor&amp#27;[0;39m: extracted value ([status6_15_] : [VARCHAR]) - [A]
&amp#27;[30m2020-05-09 13:10:41,784&amp#27;[0;39m &amp#27;[39mTRACE&amp#27;[0;39m [&amp#27;[34mmain&amp#27;[0;39m] &amp#27;[33morg.hibernate.type.descriptor.sql.BasicExtractor&amp#27;[0;39m: extracted value ([updated_7_15_] : [VARCHAR]) - [null]
&amp#27;[30m2020-05-09 13:10:41,785&amp#27;[0;39m &amp#27;[39mTRACE&amp#27;[0;39m [&amp#27;[34mmain&amp#27;[0;39m] &amp#27;[33morg.hibernate.type.descriptor.sql.BasicExtractor&amp#27;[0;39m: extracted value ([updated_8_15_] : [TIMESTAMP]) - [null]
&amp#27;[30m2020-05-09 13:10:41,785&amp#27;[0;39m &amp#27;[39mTRACE&amp#27;[0;39m [&amp#27;[34mmain&amp#27;[0;39m] &amp#27;[33morg.hibernate.type.descriptor.sql.BasicExtractor&amp#27;[0;39m: extracted value ([updated_9_15_] : [VARCHAR]) - [null]
&amp#27;[30m2020-05-09 13:10:41,785&amp#27;[0;39m &amp#27;[39mTRACE&amp#27;[0;39m [&amp#27;[34mmain&amp#27;[0;39m] &amp#27;[33morg.hibernate.type.descriptor.sql.BasicExtractor&amp#27;[0;39m: extracted value ([name10_15_] : [VARCHAR]) - [Admin]
&amp#27;[30m2020-05-09 13:10:41,786&amp#27;[0;39m &amp#27;[39mTRACE&amp#27;[0;39m [&amp#27;[34mmain&amp#27;[0;39m] &amp#27;[33morg.hibernate.type.descriptor.sql.BasicExtractor&amp#27;[0;39m: extracted value ([type11_15_] : [VARCHAR]) - [ADMIN]
&amp#27;[30m2020-05-09 13:10:41,786&amp#27;[0;39m &amp#27;[39mTRACE&amp#27;[0;39m [&amp#27;[34mmain&amp#27;[0;39m] &amp#27;[33morg.hibernate.type.descriptor.sql.BasicExtractor&amp#27;[0;39m: extracted value ([id1_15_] : [BIGINT]) - [4]
&amp#27;[30m2020-05-09 13:10:41,787&amp#27;[0;39m &amp#27;[39mTRACE&amp#27;[0;39m [&amp#27;[34mmain&amp#27;[0;39m] &amp#27;[33morg.hibernate.type.descriptor.sql.BasicExtractor&amp#27;[0;39m: extracted value ([created_2_15_] : [TIMESTAMP]) - [2020-05-08T14:30:35]
&amp#27;[30m2020-05-09 13:10:41,787&amp#27;[0;39m &amp#27;[39mTRACE&amp#27;[0;39m [&amp#27;[34mmain&amp#27;[0;39m] &amp#27;[33morg.hibernate.type.descriptor.sql.BasicExtractor&amp#27;[0;39m: extracted value ([deletest3_15_] : [BOOLEAN]) - [false]
&amp#27;[30m2020-05-09 13:10:41,787&amp#27;[0;39m &amp#27;[39mTRACE&amp#27;[0;39m [&amp#27;[34mmain&amp#27;[0;39m] &amp#27;[33morg.hibernate.type.descriptor.sql.BasicExtractor&amp#27;[0;39m: extracted value ([inserted4_15_] : [VARCHAR]) - [null]
&amp#27;[30m2020-05-09 13:10:41,788&amp#27;[0;39m &amp#27;[39mTRACE&amp#27;[0;39m [&amp#27;[34mmain&amp#27;[0;39m] &amp#27;[33morg.hibernate.type.descriptor.sql.BasicExtractor&amp#27;[0;39m: extracted value ([inserted5_15_] : [VARCHAR]) - [usermanagement]
&amp#27;[30m2020-05-09 13:10:41,788&amp#27;[0;39m &amp#27;[39mTRACE&amp#27;[0;39m [&amp#27;[34mmain&amp#27;[0;39m] &amp#27;[33morg.hibernate.type.descriptor.sql.BasicExtractor&amp#27;[0;39m: extracted value ([status6_15_] : [VARCHAR]) - [A]
&amp#27;[30m2020-05-09 13:10:41,789&amp#27;[0;39m &amp#27;[39mTRACE&amp#27;[0;39m [&amp#27;[34mmain&amp#27;[0;39m] &amp#27;[33morg.hibernate.type.descriptor.sql.BasicExtractor&amp#27;[0;39m: extracted value ([updated_7_15_] : [VARCHAR]) - [null]
&amp#27;[30m2020-05-09 13:10:41,789&amp#27;[0;39m &amp#27;[39mTRACE&amp#27;[0;39m [&amp#27;[34mmain&amp#27;[0;39m] &amp#27;[33morg.hibernate.type.descriptor.sql.BasicExtractor&amp#27;[0;39m: extracted value ([updated_8_15_] : [TIMESTAMP]) - [null]
&amp#27;[30m2020-05-09 13:10:41,789&amp#27;[0;39m &amp#27;[39mTRACE&amp#27;[0;39m [&amp#27;[34mmain&amp#27;[0;39m] &amp#27;[33morg.hibernate.type.descriptor.sql.BasicExtractor&amp#27;[0;39m: extracted value ([updated_9_15_] : [VARCHAR]) - [null]
&amp#27;[30m2020-05-09 13:10:41,790&amp#27;[0;39m &amp#27;[39mTRACE&amp#27;[0;39m [&amp#27;[34mmain&amp#27;[0;39m] &amp#27;[33morg.hibernate.type.descriptor.sql.BasicExtractor&amp#27;[0;39m: extracted value ([name10_15_] : [VARCHAR]) - [Teacher]
&amp#27;[30m2020-05-09 13:10:41,790&amp#27;[0;39m &amp#27;[39mTRACE&amp#27;[0;39m [&amp#27;[34mmain&amp#27;[0;39m] &amp#27;[33morg.hibernate.type.descriptor.sql.BasicExtractor&amp#27;[0;39m: extracted value ([type11_15_] : [VARCHAR]) - [TEACHER]
&amp#27;[30m2020-05-09 13:10:41,791&amp#27;[0;39m &amp#27;[39mTRACE&amp#27;[0;39m [&amp#27;[34mmain&amp#27;[0;39m] &amp#27;[33morg.hibernate.type.descriptor.sql.BasicExtractor&amp#27;[0;39m: extracted value ([id1_15_] : [BIGINT]) - [5]
&amp#27;[30m2020-05-09 13:10:41,792&amp#27;[0;39m &amp#27;[39mTRACE&amp#27;[0;39m [&amp#27;[34mmain&amp#27;[0;39m] &amp#27;[33morg.hibernate.type.descriptor.sql.BasicExtractor&amp#27;[0;39m: extracted value ([created_2_15_] : [TIMESTAMP]) - [2020-05-08T14:30:35]
&amp#27;[30m2020-05-09 13:10:41,792&amp#27;[0;39m &amp#27;[39mTRACE&amp#27;[0;39m [&amp#27;[34mmain&amp#27;[0;39m] &amp#27;[33morg.hibernate.type.descriptor.sql.BasicExtractor&amp#27;[0;39m: extracted value ([deletest3_15_] : [BOOLEAN]) - [false]
&amp#27;[30m2020-05-09 13:10:41,793&amp#27;[0;39m &amp#27;[39mTRACE&amp#27;[0;39m [&amp#27;[34mmain&amp#27;[0;39m] &amp#27;[33morg.hibernate.type.descriptor.sql.BasicExtractor&amp#27;[0;39m: extracted value ([inserted4_15_] : [VARCHAR]) - [null]
&amp#27;[30m2020-05-09 13:10:41,793&amp#27;[0;39m &amp#27;[39mTRACE&amp#27;[0;39m [&amp#27;[34mmain&amp#27;[0;39m] &amp#27;[33morg.hibernate.type.descriptor.sql.BasicExtractor&amp#27;[0;39m: extracted value ([inserted5_15_] : [VARCHAR]) - [usermanagement]
&amp#27;[30m2020-05-09 13:10:41,794&amp#27;[0;39m &amp#27;[39mTRACE&amp#27;[0;39m [&amp#27;[34mmain&amp#27;[0;39m] &amp#27;[33morg.hibernate.type.descriptor.sql.BasicExtractor&amp#27;[0;39m: extracted value ([status6_15_] : [VARCHAR]) - [A]
&amp#27;[30m2020-05-09 13:10:41,794&amp#27;[0;39m &amp#27;[39mTRACE&amp#27;[0;39m [&amp#27;[34mmain&amp#27;[0;39m] &amp#27;[33morg.hibernate.type.descriptor.sql.BasicExtractor&amp#27;[0;39m: extracted value ([updated_7_15_] : [VARCHAR]) - [null]
&amp#27;[30m2020-05-09 13:10:41,794&amp#27;[0;39m &amp#27;[39mTRACE&amp#27;[0;39m [&amp#27;[34mmain&amp#27;[0;39m] &amp#27;[33morg.hibernate.type.descriptor.sql.BasicExtractor&amp#27;[0;39m: extracted value ([updated_8_15_] : [TIMESTAMP]) - [null]
&amp#27;[30m2020-05-09 13:10:41,795&amp#27;[0;39m &amp#27;[39mTRACE&amp#27;[0;39m [&amp#27;[34mmain&amp#27;[0;39m] &amp#27;[33morg.hibernate.type.descriptor.sql.BasicExtractor&amp#27;[0;39m: extracted value ([updated_9_15_] : [VARCHAR]) - [null]
&amp#27;[30m2020-05-09 13:10:41,795&amp#27;[0;39m &amp#27;[39mTRACE&amp#27;[0;39m [&amp#27;[34mmain&amp#27;[0;39m] &amp#27;[33morg.hibernate.type.descriptor.sql.BasicExtractor&amp#27;[0;39m: extracted value ([name10_15_] : [VARCHAR]) - [Guest]
&amp#27;[30m2020-05-09 13:10:41,795&amp#27;[0;39m &amp#27;[39mTRACE&amp#27;[0;39m [&amp#27;[34mmain&amp#27;[0;39m] &amp#27;[33morg.hibernate.type.descriptor.sql.BasicExtractor&amp#27;[0;39m: extracted value ([type11_15_] : [VARCHAR]) - [GUEST]
Hibernate: select privileges0_.role_id as role_id1_16_0_, privileges0_.privilege_id as privileg2_16_0_, privilege1_.id as id1_14_1_, privilege1_.created_on as created_2_14_1_, privilege1_.deletestatus as deletest3_14_1_, privilege1_.inserted_by as inserted4_14_1_, privilege1_.inserted_prog as inserted5_14_1_, privilege1_.status as status6_14_1_, privilege1_.updated_by as updated_7_14_1_, privilege1_.updated_on as updated_8_14_1_, privilege1_.updated_prog as updated_9_14_1_, privilege1_.name as name10_14_1_ from role_privilege privileges0_ inner join privilege privilege1_ on privileges0_.privilege_id=privilege1_.id where privileges0_.role_id=?
&amp#27;[30m2020-05-09 13:10:41,796&amp#27;[0;39m &amp#27;[39mTRACE&amp#27;[0;39m [&amp#27;[34mmain&amp#27;[0;39m] &amp#27;[33morg.hibernate.type.descriptor.sql.BasicBinder&amp#27;[0;39m: binding parameter [1] as [BIGINT] - [5]
&amp#27;[30m2020-05-09 13:10:41,800&amp#27;[0;39m &amp#27;[39mTRACE&amp#27;[0;39m [&amp#27;[34mmain&amp#27;[0;39m] &amp#27;[33morg.hibernate.type.descriptor.sql.BasicExtractor&amp#27;[0;39m: extracted value ([id1_14_1_] : [BIGINT]) - [1]
&amp#27;[30m2020-05-09 13:10:41,800&amp#27;[0;39m &amp#27;[39mTRACE&amp#27;[0;39m [&amp#27;[34mmain&amp#27;[0;39m] &amp#27;[33morg.hibernate.type.descriptor.sql.BasicExtractor&amp#27;[0;39m: extracted value ([created_2_14_1_] : [TIMESTAMP]) - [2020-05-08T10:12:52]
&amp#27;[30m2020-05-09 13:10:41,801&amp#27;[0;39m &amp#27;[39mTRACE&amp#27;[0;39m [&amp#27;[34mmain&amp#27;[0;39m] &amp#27;[33morg.hibernate.type.descriptor.sql.BasicExtractor&amp#27;[0;39m: extracted value ([deletest3_14_1_] : [BOOLEAN]) - [false]
&amp#27;[30m2020-05-09 13:10:41,801&amp#27;[0;39m &amp#27;[39mTRACE&amp#27;[0;39m [&amp#27;[34mmain&amp#27;[0;39m] &amp#27;[33morg.hibernate.type.descriptor.sql.BasicExtractor&amp#27;[0;39m: extracted value ([inserted4_14_1_] : [VARCHAR]) - [null]
&amp#27;[30m2020-05-09 13:10:41,802&amp#27;[0;39m &amp#27;[39mTRACE&amp#27;[0;39m [&amp#27;[34mmain&amp#27;[0;39m] &amp#27;[33morg.hibernate.type.descriptor.sql.BasicExtractor&amp#27;[0;39m: extracted value ([inserted5_14_1_] : [VARCHAR]) - [usermanagement]
&amp#27;[30m2020-05-09 13:10:41,802&amp#27;[0;39m &amp#27;[39mTRACE&amp#27;[0;39m [&amp#27;[34mmain&amp#27;[0;39m] &amp#27;[33morg.hibernate.type.descriptor.sql.BasicExtractor&amp#27;[0;39m: extracted value ([status6_14_1_] : [VARCHAR]) - [A]
&amp#27;[30m2020-05-09 13:10:41,803&amp#27;[0;39m &amp#27;[39mTRACE&amp#27;[0;39m [&amp#27;[34mmain&amp#27;[0;39m] &amp#27;[33morg.hibernate.type.descriptor.sql.BasicExtractor&amp#27;[0;39m: extracted value ([updated_7_14_1_] : [VARCHAR]) - [Abakar]
&amp#27;[30m2020-05-09 13:10:41,803&amp#27;[0;39m &amp#27;[39mTRACE&amp#27;[0;39m [&amp#27;[34mmain&amp#27;[0;39m] &amp#27;[33morg.hibernate.type.descriptor.sql.BasicExtractor&amp#27;[0;39m: extracted value ([updated_8_14_1_] : [TIMESTAMP]) - [2020-05-09T13:10:41]
&amp#27;[30m2020-05-09 13:10:41,804&amp#27;[0;39m &amp#27;[39mTRACE&amp#27;[0;39m [&amp#27;[34mmain&amp#27;[0;39m] &amp#27;[33morg.hibernate.type.descriptor.sql.BasicExtractor&amp#27;[0;39m: extracted value ([updated_9_14_1_] : [VARCHAR]) - [usermanagement]
&amp#27;[30m2020-05-09 13:10:41,804&amp#27;[0;39m &amp#27;[39mTRACE&amp#27;[0;39m [&amp#27;[34mmain&amp#27;[0;39m] &amp#27;[33morg.hibernate.type.descriptor.sql.BasicExtractor&amp#27;[0;39m: extracted value ([name10_14_1_] : [VARCHAR]) - [Read]
&amp#27;[30m2020-05-09 13:10:41,804&amp#27;[0;39m &amp#27;[39mTRACE&amp#27;[0;39m [&amp#27;[34mmain&amp#27;[0;39m] &amp#27;[33morg.hibernate.type.descriptor.sql.BasicExtractor&amp#27;[0;39m: extracted value ([role_id1_16_0_] : [BIGINT]) - [5]
&amp#27;[30m2020-05-09 13:10:41,805&amp#27;[0;39m &amp#27;[39mTRACE&amp#27;[0;39m [&amp#27;[34mmain&amp#27;[0;39m] &amp#27;[33morg.hibernate.type.descriptor.sql.BasicExtractor&amp#27;[0;39m: extracted value ([privileg2_16_0_] : [BIGINT]) - [1]
&amp#27;[30m2020-05-09 13:10:41,805&amp#27;[0;39m &amp#27;[39mTRACE&amp#27;[0;39m [&amp#27;[34mmain&amp#27;[0;39m] &amp#27;[33morg.hibernate.type.descriptor.sql.BasicExtractor&amp#27;[0;39m: extracted value ([id1_14_1_] : [BIGINT]) - [2]
&amp#27;[30m2020-05-09 13:10:41,806&amp#27;[0;39m &amp#27;[39mTRACE&amp#27;[0;39m [&amp#27;[34mmain&amp#27;[0;39m] &amp#27;[33morg.hibernate.type.descriptor.sql.BasicExtractor&amp#27;[0;39m: extracted value ([created_2_14_1_] : [TIMESTAMP]) - [2020-05-08T10:12:52]
&amp#27;[30m2020-05-09 13:10:41,806&amp#27;[0;39m &amp#27;[39mTRACE&amp#27;[0;39m [&amp#27;[34mmain&amp#27;[0;39m] &amp#27;[33morg.hibernate.type.descriptor.sql.BasicExtractor&amp#27;[0;39m: extracted value ([deletest3_14_1_] : [BOOLEAN]) - [false]
&amp#27;[30m2020-05-09 13:10:41,806&amp#27;[0;39m &amp#27;[39mTRACE&amp#27;[0;39m [&amp#27;[34mmain&amp#27;[0;39m] &amp#27;[33morg.hibernate.type.descriptor.sql.BasicExtractor&amp#27;[0;39m: extracted value ([inserted4_14_1_] : [VARCHAR]) - [null]
&amp#27;[30m2020-05-09 13:10:41,807&amp#27;[0;39m &amp#27;[39mTRACE&amp#27;[0;39m [&amp#27;[34mmain&amp#27;[0;39m] &amp#27;[33morg.hibernate.type.descriptor.sql.BasicExtractor&amp#27;[0;39m: extracted value ([inserted5_14_1_] : [VARCHAR]) - [usermanagement]
&amp#27;[30m2020-05-09 13:10:41,807&amp#27;[0;39m &amp#27;[39mTRACE&amp#27;[0;39m [&amp#27;[34mmain&amp#27;[0;39m] &amp#27;[33morg.hibernate.type.descriptor.sql.BasicExtractor&amp#27;[0;39m: extracted value ([status6_14_1_] : [VARCHAR]) - [A]
&amp#27;[30m2020-05-09 13:10:41,807&amp#27;[0;39m &amp#27;[39mTRACE&amp#27;[0;39m [&amp#27;[34mmain&amp#27;[0;39m] &amp#27;[33morg.hibernate.type.descriptor.sql.BasicExtractor&amp#27;[0;39m: extracted value ([updated_7_14_1_] : [VARCHAR]) - [null]
&amp#27;[30m2020-05-09 13:10:41,808&amp#27;[0;39m &amp#27;[39mTRACE&amp#27;[0;39m [&amp#27;[34mmain&amp#27;[0;39m] &amp#27;[33morg.hibernate.type.descriptor.sql.BasicExtractor&amp#27;[0;39m: extracted value ([updated_8_14_1_] : [TIMESTAMP]) - [null]
&amp#27;[30m2020-05-09 13:10:41,808&amp#27;[0;39m &amp#27;[39mTRACE&amp#27;[0;39m [&amp#27;[34mmain&amp#27;[0;39m] &amp#27;[33morg.hibernate.type.descriptor.sql.BasicExtractor&amp#27;[0;39m: extracted value ([updated_9_14_1_] : [VARCHAR]) - [null]
&amp#27;[30m2020-05-09 13:10:41,809&amp#27;[0;39m &amp#27;[39mTRACE&amp#27;[0;39m [&amp#27;[34mmain&amp#27;[0;39m] &amp#27;[33morg.hibernate.type.descriptor.sql.BasicExtractor&amp#27;[0;39m: extracted value ([name10_14_1_] : [VARCHAR]) - [Write]
&amp#27;[30m2020-05-09 13:10:41,809&amp#27;[0;39m &amp#27;[39mTRACE&amp#27;[0;39m [&amp#27;[34mmain&amp#27;[0;39m] &amp#27;[33morg.hibernate.type.descriptor.sql.BasicExtractor&amp#27;[0;39m: extracted value ([role_id1_16_0_] : [BIGINT]) - [5]
&amp#27;[30m2020-05-09 13:10:41,810&amp#27;[0;39m &amp#27;[39mTRACE&amp#27;[0;39m [&amp#27;[34mmain&amp#27;[0;39m] &amp#27;[33morg.hibernate.type.descriptor.sql.BasicExtractor&amp#27;[0;39m: extracted value ([privileg2_16_0_] : [BIGINT]) - [2]
&amp#27;[30m2020-05-09 13:10:41,810&amp#27;[0;39m &amp#27;[39mTRACE&amp#27;[0;39m [&amp#27;[34mmain&amp#27;[0;39m] &amp#27;[33morg.hibernate.type.descriptor.sql.BasicExtractor&amp#27;[0;39m: extracted value ([id1_14_1_] : [BIGINT]) - [3]
&amp#27;[30m2020-05-09 13:10:41,811&amp#27;[0;39m &amp#27;[39mTRACE&amp#27;[0;39m [&amp#27;[34mmain&amp#27;[0;39m] &amp#27;[33morg.hibernate.type.descriptor.sql.BasicExtractor&amp#27;[0;39m: extracted value ([created_2_14_1_] : [TIMESTAMP]) - [2020-05-08T10:12:52]
&amp#27;[30m2020-05-09 13:10:41,811&amp#27;[0;39m &amp#27;[39mTRACE&amp#27;[0;39m [&amp#27;[34mmain&amp#27;[0;39m] &amp#27;[33morg.hibernate.type.descriptor.sql.BasicExtractor&amp#27;[0;39m: extracted value ([deletest3_14_1_] : [BOOLEAN]) - [false]
&amp#27;[30m2020-05-09 13:10:41,811&amp#27;[0;39m &amp#27;[39mTRACE&amp#27;[0;39m [&amp#27;[34mmain&amp#27;[0;39m] &amp#27;[33morg.hibernate.type.descriptor.sql.BasicExtractor&amp#27;[0;39m: extracted value ([inserted4_14_1_] : [VARCHAR]) - [null]
&amp#27;[30m2020-05-09 13:10:41,812&amp#27;[0;39m &amp#27;[39mTRACE&amp#27;[0;39m [&amp#27;[34mmain&amp#27;[0;39m] &amp#27;[33morg.hibernate.type.descriptor.sql.BasicExtractor&amp#27;[0;39m: extracted value ([inserted5_14_1_] : [VARCHAR]) - [usermanagement]
&amp#27;[30m2020-05-09 13:10:41,812&amp#27;[0;39m &amp#27;[39mTRACE&amp#27;[0;39m [&amp#27;[34mmain&amp#27;[0;39m] &amp#27;[33morg.hibernate.type.descriptor.sql.BasicExtractor&amp#27;[0;39m: extracted value ([status6_14_1_] : [VARCHAR]) - [A]
&amp#27;[30m2020-05-09 13:10:41,812&amp#27;[0;39m &amp#27;[39mTRACE&amp#27;[0;39m [&amp#27;[34mmain&amp#27;[0;39m] &amp#27;[33morg.hibernate.type.descriptor.sql.BasicExtractor&amp#27;[0;39m: extracted value ([updated_7_14_1_] : [VARCHAR]) - [null]
&amp#27;[30m2020-05-09 13:10:41,813&amp#27;[0;39m &amp#27;[39mTRACE&amp#27;[0;39m [&amp#27;[34mmain&amp#27;[0;39m] &amp#27;[33morg.hibernate.type.descriptor.sql.BasicExtractor&amp#27;[0;39m: extracted value ([updated_8_14_1_] : [TIMESTAMP]) - [null]
&amp#27;[30m2020-05-09 13:10:41,813&amp#27;[0;39m &amp#27;[39mTRACE&amp#27;[0;39m [&amp#27;[34mmain&amp#27;[0;39m] &amp#27;[33morg.hibernate.type.descriptor.sql.BasicExtractor&amp#27;[0;39m: extracted value ([updated_9_14_1_] : [VARCHAR]) - [null]
&amp#27;[30m2020-05-09 13:10:41,813&amp#27;[0;39m &amp#27;[39mTRACE&amp#27;[0;39m [&amp#27;[34mmain&amp#27;[0;39m] &amp#27;[33morg.hibernate.type.descriptor.sql.BasicExtractor&amp#27;[0;39m: extracted value ([name10_14_1_] : [VARCHAR]) - [Update]
&amp#27;[30m2020-05-09 13:10:41,814&amp#27;[0;39m &amp#27;[39mTRACE&amp#27;[0;39m [&amp#27;[34mmain&amp#27;[0;39m] &amp#27;[33morg.hibernate.type.descriptor.sql.BasicExtractor&amp#27;[0;39m: extracted value ([role_id1_16_0_] : [BIGINT]) - [5]
&amp#27;[30m2020-05-09 13:10:41,814&amp#27;[0;39m &amp#27;[39mTRACE&amp#27;[0;39m [&amp#27;[34mmain&amp#27;[0;39m] &amp#27;[33morg.hibernate.type.descriptor.sql.BasicExtractor&amp#27;[0;39m: extracted value ([privileg2_16_0_] : [BIGINT]) - [3]
Hibernate: select privileges0_.role_id as role_id1_16_0_, privileges0_.privilege_id as privileg2_16_0_, privilege1_.id as id1_14_1_, privilege1_.created_on as created_2_14_1_, privilege1_.deletestatus as deletest3_14_1_, privilege1_.inserted_by as inserted4_14_1_, privilege1_.inserted_prog as inserted5_14_1_, privilege1_.status as status6_14_1_, privilege1_.updated_by as updated_7_14_1_, privilege1_.updated_on as updated_8_14_1_, privilege1_.updated_prog as updated_9_14_1_, privilege1_.name as name10_14_1_ from role_privilege privileges0_ inner join privilege privilege1_ on privileges0_.privilege_id=privilege1_.id where privileges0_.role_id=?
&amp#27;[30m2020-05-09 13:10:41,815&amp#27;[0;39m &amp#27;[39mTRACE&amp#27;[0;39m [&amp#27;[34mmain&amp#27;[0;39m] &amp#27;[33morg.hibernate.type.descriptor.sql.BasicBinder&amp#27;[0;39m: binding parameter [1] as [BIGINT] - [4]
&amp#27;[30m2020-05-09 13:10:41,819&amp#27;[0;39m &amp#27;[39mTRACE&amp#27;[0;39m [&amp#27;[34mmain&amp#27;[0;39m] &amp#27;[33morg.hibernate.type.descriptor.sql.BasicExtractor&amp#27;[0;39m: extracted value ([id1_14_1_] : [BIGINT]) - [1]
&amp#27;[30m2020-05-09 13:10:41,820&amp#27;[0;39m &amp#27;[39mTRACE&amp#27;[0;39m [&amp#27;[34mmain&amp#27;[0;39m] &amp#27;[33morg.hibernate.type.descriptor.sql.BasicExtractor&amp#27;[0;39m: extracted value ([role_id1_16_0_] : [BIGINT]) - [4]
&amp#27;[30m2020-05-09 13:10:41,820&amp#27;[0;39m &amp#27;[39mTRACE&amp#27;[0;39m [&amp#27;[34mmain&amp#27;[0;39m] &amp#27;[33morg.hibernate.type.descriptor.sql.BasicExtractor&amp#27;[0;39m: extracted value ([privileg2_16_0_] : [BIGINT]) - [1]
&amp#27;[30m2020-05-09 13:10:41,821&amp#27;[0;39m &amp#27;[39mTRACE&amp#27;[0;39m [&amp#27;[34mmain&amp#27;[0;39m] &amp#27;[33morg.hibernate.type.descriptor.sql.BasicExtractor&amp#27;[0;39m: extracted value ([id1_14_1_] : [BIGINT]) - [2]
&amp#27;[30m2020-05-09 13:10:41,821&amp#27;[0;39m &amp#27;[39mTRACE&amp#27;[0;39m [&amp#27;[34mmain&amp#27;[0;39m] &amp#27;[33morg.hibernate.type.descriptor.sql.BasicExtractor&amp#27;[0;39m: extracted value ([role_id1_16_0_] : [BIGINT]) - [4]
&amp#27;[30m2020-05-09 13:10:41,822&amp#27;[0;39m &amp#27;[39mTRACE&amp#27;[0;39m [&amp#27;[34mmain&amp#27;[0;39m] &amp#27;[33morg.hibernate.type.descriptor.sql.BasicExtractor&amp#27;[0;39m: extracted value ([privileg2_16_0_] : [BIGINT]) - [2]
&amp#27;[30m2020-05-09 13:10:41,822&amp#27;[0;39m &amp#27;[39mTRACE&amp#27;[0;39m [&amp#27;[34mmain&amp#27;[0;39m] &amp#27;[33morg.hibernate.type.descriptor.sql.BasicExtractor&amp#27;[0;39m: extracted value ([id1_14_1_] : [BIGINT]) - [3]
&amp#27;[30m2020-05-09 13:10:41,823&amp#27;[0;39m &amp#27;[39mTRACE&amp#27;[0;39m [&amp#27;[34mmain&amp#27;[0;39m] &amp#27;[33morg.hibernate.type.descriptor.sql.BasicExtractor&amp#27;[0;39m: extracted value ([role_id1_16_0_] : [BIGINT]) - [4]
&amp#27;[30m2020-05-09 13:10:41,823&amp#27;[0;39m &amp#27;[39mTRACE&amp#27;[0;39m [&amp#27;[34mmain&amp#27;[0;39m] &amp#27;[33morg.hibernate.type.descriptor.sql.BasicExtractor&amp#27;[0;39m: extracted value ([privileg2_16_0_] : [BIGINT]) - [3]
Hibernate: select privileges0_.role_id as role_id1_16_0_, privileges0_.privilege_id as privileg2_16_0_, privilege1_.id as id1_14_1_, privilege1_.created_on as created_2_14_1_, privilege1_.deletestatus as deletest3_14_1_, privilege1_.inserted_by as inserted4_14_1_, privilege1_.inserted_prog as inserted5_14_1_, privilege1_.status as status6_14_1_, privilege1_.updated_by as updated_7_14_1_, privilege1_.updated_on as updated_8_14_1_, privilege1_.updated_prog as updated_9_14_1_, privilege1_.name as name10_14_1_ from role_privilege privileges0_ inner join privilege privilege1_ on privileges0_.privilege_id=privilege1_.id where privileges0_.role_id=?
&amp#27;[30m2020-05-09 13:10:41,824&amp#27;[0;39m &amp#27;[39mTRACE&amp#27;[0;39m [&amp#27;[34mmain&amp#27;[0;39m] &amp#27;[33morg.hibernate.type.descriptor.sql.BasicBinder&amp#27;[0;39m: binding parameter [1] as [BIGINT] - [3]
Hibernate: select privileges0_.role_id as role_id1_16_0_, privileges0_.privilege_id as privileg2_16_0_, privilege1_.id as id1_14_1_, privilege1_.created_on as created_2_14_1_, privilege1_.deletestatus as deletest3_14_1_, privilege1_.inserted_by as inserted4_14_1_, privilege1_.inserted_prog as inserted5_14_1_, privilege1_.status as status6_14_1_, privilege1_.updated_by as updated_7_14_1_, privilege1_.updated_on as updated_8_14_1_, privilege1_.updated_prog as updated_9_14_1_, privilege1_.name as name10_14_1_ from role_privilege privileges0_ inner join privilege privilege1_ on privileges0_.privilege_id=privilege1_.id where privileges0_.role_id=?
&amp#27;[30m2020-05-09 13:10:41,825&amp#27;[0;39m &amp#27;[39mTRACE&amp#27;[0;39m [&amp#27;[34mmain&amp#27;[0;39m] &amp#27;[33morg.hibernate.type.descriptor.sql.BasicBinder&amp#27;[0;39m: binding parameter [1] as [BIGINT] - [2]
&amp#27;[30m2020-05-09 13:10:41,827&amp#27;[0;39m &amp#27;[39mTRACE&amp#27;[0;39m [&amp#27;[34mmain&amp#27;[0;39m] &amp#27;[33morg.hibernate.type.descriptor.sql.BasicExtractor&amp#27;[0;39m: extracted value ([id1_14_1_] : [BIGINT]) - [1]
&amp#27;[30m2020-05-09 13:10:41,827&amp#27;[0;39m &amp#27;[39mTRACE&amp#27;[0;39m [&amp#27;[34mmain&amp#27;[0;39m] &amp#27;[33morg.hibernate.type.descriptor.sql.BasicExtractor&amp#27;[0;39m: extracted value ([role_id1_16_0_] : [BIGINT]) - [2]
&amp#27;[30m2020-05-09 13:10:41,828&amp#27;[0;39m &amp#27;[39mTRACE&amp#27;[0;39m [&amp#27;[34mmain&amp#27;[0;39m] &amp#27;[33morg.hibernate.type.descriptor.sql.BasicExtractor&amp#27;[0;39m: extracted value ([privileg2_16_0_] : [BIGINT]) - [1]
&amp#27;[30m2020-05-09 13:10:41,828&amp#27;[0;39m &amp#27;[39mTRACE&amp#27;[0;39m [&amp#27;[34mmain&amp#27;[0;39m] &amp#27;[33morg.hibernate.type.descriptor.sql.BasicExtractor&amp#27;[0;39m: extracted value ([id1_14_1_] : [BIGINT]) - [2]
&amp#27;[30m2020-05-09 13:10:41,828&amp#27;[0;39m &amp#27;[39mTRACE&amp#27;[0;39m [&amp#27;[34mmain&amp#27;[0;39m] &amp#27;[33morg.hibernate.type.descriptor.sql.BasicExtractor&amp#27;[0;39m: extracted value ([role_id1_16_0_] : [BIGINT]) - [2]
&amp#27;[30m2020-05-09 13:10:41,829&amp#27;[0;39m &amp#27;[39mTRACE&amp#27;[0;39m [&amp#27;[34mmain&amp#27;[0;39m] &amp#27;[33morg.hibernate.type.descriptor.sql.BasicExtractor&amp#27;[0;39m: extracted value ([privileg2_16_0_] : [BIGINT]) - [2]
&amp#27;[30m2020-05-09 13:10:41,829&amp#27;[0;39m &amp#27;[39mTRACE&amp#27;[0;39m [&amp#27;[34mmain&amp#27;[0;39m] &amp#27;[33morg.hibernate.type.descriptor.sql.BasicExtractor&amp#27;[0;39m: extracted value ([id1_14_1_] : [BIGINT]) - [3]
&amp#27;[30m2020-05-09 13:10:41,830&amp#27;[0;39m &amp#27;[39mTRACE&amp#27;[0;39m [&amp#27;[34mmain&amp#27;[0;39m] &amp#27;[33morg.hibernate.type.descriptor.sql.BasicExtractor&amp#27;[0;39m: extracted value ([role_id1_16_0_] : [BIGINT]) - [2]
&amp#27;[30m2020-05-09 13:10:41,830&amp#27;[0;39m &amp#27;[39mTRACE&amp#27;[0;39m [&amp#27;[34mmain&amp#27;[0;39m] &amp#27;[33morg.hibernate.type.descriptor.sql.BasicExtractor&amp#27;[0;39m: extracted value ([privileg2_16_0_] : [BIGINT]) - [3]
Hibernate: select privilege0_.id as id1_14_, privilege0_.created_on as created_2_14_, privilege0_.deletestatus as deletest3_14_, privilege0_.inserted_by as inserted4_14_, privilege0_.inserted_prog as inserted5_14_, privilege0_.status as status6_14_, privilege0_.updated_by as updated_7_14_, privilege0_.updated_on as updated_8_14_, privilege0_.updated_prog as updated_9_14_, privilege0_.name as name10_14_ from privilege privilege0_
&amp#27;[30m2020-05-09 13:10:41,832&amp#27;[0;39m &amp#27;[39mTRACE&amp#27;[0;39m [&amp#27;[34mmain&amp#27;[0;39m] &amp#27;[33morg.hibernate.type.descriptor.sql.BasicExtractor&amp#27;[0;39m: extracted value ([id1_14_] : [BIGINT]) - [1]
&amp#27;[30m2020-05-09 13:10:41,833&amp#27;[0;39m &amp#27;[39mTRACE&amp#27;[0;39m [&amp#27;[34mmain&amp#27;[0;39m] &amp#27;[33morg.hibernate.type.descriptor.sql.BasicExtractor&amp#27;[0;39m: extracted value ([created_2_14_] : [TIMESTAMP]) - [2020-05-08T10:12:52]
&amp#27;[30m2020-05-09 13:10:41,833&amp#27;[0;39m &amp#27;[39mTRACE&amp#27;[0;39m [&amp#27;[34mmain&amp#27;[0;39m] &amp#27;[33morg.hibernate.type.descriptor.sql.BasicExtractor&amp#27;[0;39m: extracted value ([deletest3_14_] : [BOOLEAN]) - [false]
&amp#27;[30m2020-05-09 13:10:41,834&amp#27;[0;39m &amp#27;[39mTRACE&amp#27;[0;39m [&amp#27;[34mmain&amp#27;[0;39m] &amp#27;[33morg.hibernate.type.descriptor.sql.BasicExtractor&amp#27;[0;39m: extracted value ([inserted4_14_] : [VARCHAR]) - [null]
&amp#27;[30m2020-05-09 13:10:41,834&amp#27;[0;39m &amp#27;[39mTRACE&amp#27;[0;39m [&amp#27;[34mmain&amp#27;[0;39m] &amp#27;[33morg.hibernate.type.descriptor.sql.BasicExtractor&amp#27;[0;39m: extracted value ([inserted5_14_] : [VARCHAR]) - [usermanagement]
&amp#27;[30m2020-05-09 13:10:41,834&amp#27;[0;39m &amp#27;[39mTRACE&amp#27;[0;39m [&amp#27;[34mmain&amp#27;[0;39m] &amp#27;[33morg.hibernate.type.descriptor.sql.BasicExtractor&amp#27;[0;39m: extracted value ([status6_14_] : [VARCHAR]) - [A]
&amp#27;[30m2020-05-09 13:10:41,835&amp#27;[0;39m &amp#27;[39mTRACE&amp#27;[0;39m [&amp#27;[34mmain&amp#27;[0;39m] &amp#27;[33morg.hibernate.type.descriptor.sql.BasicExtractor&amp#27;[0;39m: extracted value ([updated_7_14_] : [VARCHAR]) - [Abakar]
&amp#27;[30m2020-05-09 13:10:41,835&amp#27;[0;39m &amp#27;[39mTRACE&amp#27;[0;39m [&amp#27;[34mmain&amp#27;[0;39m] &amp#27;[33morg.hibernate.type.descriptor.sql.BasicExtractor&amp#27;[0;39m: extracted value ([updated_8_14_] : [TIMESTAMP]) - [2020-05-09T13:10:41]
&amp#27;[30m2020-05-09 13:10:41,835&amp#27;[0;39m &amp#27;[39mTRACE&amp#27;[0;39m [&amp#27;[34mmain&amp#27;[0;39m] &amp#27;[33morg.hibernate.type.descriptor.sql.BasicExtractor&amp#27;[0;39m: extracted value ([updated_9_14_] : [VARCHAR]) - [usermanagement]
&amp#27;[30m2020-05-09 13:10:41,836&amp#27;[0;39m &amp#27;[39mTRACE&amp#27;[0;39m [&amp#27;[34mmain&amp#27;[0;39m] &amp#27;[33morg.hibernate.type.descriptor.sql.BasicExtractor&amp#27;[0;39m: extracted value ([name10_14_] : [VARCHAR]) - [Read]
&amp#27;[30m2020-05-09 13:10:41,836&amp#27;[0;39m &amp#27;[39mTRACE&amp#27;[0;39m [&amp#27;[34mmain&amp#27;[0;39m] &amp#27;[33morg.hibernate.type.descriptor.sql.BasicExtractor&amp#27;[0;39m: extracted value ([id1_14_] : [BIGINT]) - [2]
&amp#27;[30m2020-05-09 13:10:41,836&amp#27;[0;39m &amp#27;[39mTRACE&amp#27;[0;39m [&amp#27;[34mmain&amp#27;[0;39m] &amp#27;[33morg.hibernate.type.descriptor.sql.BasicExtractor&amp#27;[0;39m: extracted value ([created_2_14_] : [TIMESTAMP]) - [2020-05-08T10:12:52]
&amp#27;[30m2020-05-09 13:10:41,837&amp#27;[0;39m &amp#27;[39mTRACE&amp#27;[0;39m [&amp#27;[34mmain&amp#27;[0;39m] &amp#27;[33morg.hibernate.type.descriptor.sql.BasicExtractor&amp#27;[0;39m: extracted value ([deletest3_14_] : [BOOLEAN]) - [false]
&amp#27;[30m2020-05-09 13:10:41,837&amp#27;[0;39m &amp#27;[39mTRACE&amp#27;[0;39m [&amp#27;[34mmain&amp#27;[0;39m] &amp#27;[33morg.hibernate.type.descriptor.sql.BasicExtractor&amp#27;[0;39m: extracted value ([inserted4_14_] : [VARCHAR]) - [null]
&amp#27;[30m2020-05-09 13:10:41,837&amp#27;[0;39m &amp#27;[39mTRACE&amp#27;[0;39m [&amp#27;[34mmain&amp#27;[0;39m] &amp#27;[33morg.hibernate.type.descriptor.sql.BasicExtractor&amp#27;[0;39m: extracted value ([inserted5_14_] : [VARCHAR]) - [usermanagement]
&amp#27;[30m2020-05-09 13:10:41,838&amp#27;[0;39m &amp#27;[39mTRACE&amp#27;[0;39m [&amp#27;[34mmain&amp#27;[0;39m] &amp#27;[33morg.hibernate.type.descriptor.sql.BasicExtractor&amp#27;[0;39m: extracted value ([status6_14_] : [VARCHAR]) - [A]
&amp#27;[30m2020-05-09 13:10:41,838&amp#27;[0;39m &amp#27;[39mTRACE&amp#27;[0;39m [&amp#27;[34mmain&amp#27;[0;39m] &amp#27;[33morg.hibernate.type.descriptor.sql.BasicExtractor&amp#27;[0;39m: extracted value ([updated_7_14_] : [VARCHAR]) - [null]
&amp#27;[30m2020-05-09 13:10:41,838&amp#27;[0;39m &amp#27;[39mTRACE&amp#27;[0;39m [&amp#27;[34mmain&amp#27;[0;39m] &amp#27;[33morg.hibernate.type.descriptor.sql.BasicExtractor&amp#27;[0;39m: extracted value ([updated_8_14_] : [TIMESTAMP]) - [null]
&amp#27;[30m2020-05-09 13:10:41,839&amp#27;[0;39m &amp#27;[39mTRACE&amp#27;[0;39m [&amp#27;[34mmain&amp#27;[0;39m] &amp#27;[33morg.hibernate.type.descriptor.sql.BasicExtractor&amp#27;[0;39m: extracted value ([updated_9_14_] : [VARCHAR]) - [null]
&amp#27;[30m2020-05-09 13:10:41,839&amp#27;[0;39m &amp#27;[39mTRACE&amp#27;[0;39m [&amp#27;[34mmain&amp#27;[0;39m] &amp#27;[33morg.hibernate.type.descriptor.sql.BasicExtractor&amp#27;[0;39m: extracted value ([name10_14_] : [VARCHAR]) - [Write]
&amp#27;[30m2020-05-09 13:10:41,839&amp#27;[0;39m &amp#27;[39mTRACE&amp#27;[0;39m [&amp#27;[34mmain&amp#27;[0;39m] &amp#27;[33morg.hibernate.type.descriptor.sql.BasicExtractor&amp#27;[0;39m: extracted value ([id1_14_] : [BIGINT]) - [3]
&amp#27;[30m2020-05-09 13:10:41,840&amp#27;[0;39m &amp#27;[39mTRACE&amp#27;[0;39m [&amp#27;[34mmain&amp#27;[0;39m] &amp#27;[33morg.hibernate.type.descriptor.sql.BasicExtractor&amp#27;[0;39m: extracted value ([created_2_14_] : [TIMESTAMP]) - [2020-05-08T10:12:52]
&amp#27;[30m2020-05-09 13:10:41,840&amp#27;[0;39m &amp#27;[39mTRACE&amp#27;[0;39m [&amp#27;[34mmain&amp#27;[0;39m] &amp#27;[33morg.hibernate.type.descriptor.sql.BasicExtractor&amp#27;[0;39m: extracted value ([deletest3_14_] : [BOOLEAN]) - [false]
&amp#27;[30m2020-05-09 13:10:41,840&amp#27;[0;39m &amp#27;[39mTRACE&amp#27;[0;39m [&amp#27;[34mmain&amp#27;[0;39m] &amp#27;[33morg.hibernate.type.descriptor.sql.BasicExtractor&amp#27;[0;39m: extracted value ([inserted4_14_] : [VARCHAR]) - [null]
&amp#27;[30m2020-05-09 13:10:41,841&amp#27;[0;39m &amp#27;[39mTRACE&amp#27;[0;39m [&amp#27;[34mmain&amp#27;[0;39m] &amp#27;[33morg.hibernate.type.descriptor.sql.BasicExtractor&amp#27;[0;39m: extracted value ([inserted5_14_] : [VARCHAR]) - [usermanagement]
&amp#27;[30m2020-05-09 13:10:41,841&amp#27;[0;39m &amp#27;[39mTRACE&amp#27;[0;39m [&amp#27;[34mmain&amp#27;[0;39m] &amp#27;[33morg.hibernate.type.descriptor.sql.BasicExtractor&amp#27;[0;39m: extracted value ([status6_14_] : [VARCHAR]) - [A]
&amp#27;[30m2020-05-09 13:10:41,841&amp#27;[0;39m &amp#27;[39mTRACE&amp#27;[0;39m [&amp#27;[34mmain&amp#27;[0;39m] &amp#27;[33morg.hibernate.type.descriptor.sql.BasicExtractor&amp#27;[0;39m: extracted value ([updated_7_14_] : [VARCHAR]) - [null]
&amp#27;[30m2020-05-09 13:10:41,842&amp#27;[0;39m &amp#27;[39mTRACE&amp#27;[0;39m [&amp#27;[34mmain&amp#27;[0;39m] &amp#27;[33morg.hibernate.type.descriptor.sql.BasicExtractor&amp#27;[0;39m: extracted value ([updated_8_14_] : [TIMESTAMP]) - [null]
&amp#27;[30m2020-05-09 13:10:41,842&amp#27;[0;39m &amp#27;[39mTRACE&amp#27;[0;39m [&amp#27;[34mmain&amp#27;[0;39m] &amp#27;[33morg.hibernate.type.descriptor.sql.BasicExtractor&amp#27;[0;39m: extracted value ([updated_9_14_] : [VARCHAR]) - [null]
&amp#27;[30m2020-05-09 13:10:41,842&amp#27;[0;39m &amp#27;[39mTRACE&amp#27;[0;39m [&amp#27;[34mmain&amp#27;[0;39m] &amp#27;[33morg.hibernate.type.descriptor.sql.BasicExtractor&amp#27;[0;39m: extracted value ([name10_14_] : [VARCHAR]) - [Update]
&amp#27;[30m2020-05-09 13:10:41,843&amp#27;[0;39m &amp#27;[39mTRACE&amp#27;[0;39m [&amp#27;[34mmain&amp#27;[0;39m] &amp#27;[33morg.hibernate.type.descriptor.sql.BasicExtractor&amp#27;[0;39m: extracted value ([id1_14_] : [BIGINT]) - [4]
&amp#27;[30m2020-05-09 13:10:41,843&amp#27;[0;39m &amp#27;[39mTRACE&amp#27;[0;39m [&amp#27;[34mmain&amp#27;[0;39m] &amp#27;[33morg.hibernate.type.descriptor.sql.BasicExtractor&amp#27;[0;39m: extracted value ([created_2_14_] : [TIMESTAMP]) - [2020-05-08T10:12:52]
&amp#27;[30m2020-05-09 13:10:41,844&amp#27;[0;39m &amp#27;[39mTRACE&amp#27;[0;39m [&amp#27;[34mmain&amp#27;[0;39m] &amp#27;[33morg.hibernate.type.descriptor.sql.BasicExtractor&amp#27;[0;39m: extracted value ([deletest3_14_] : [BOOLEAN]) - [false]
&amp#27;[30m2020-05-09 13:10:41,844&amp#27;[0;39m &amp#27;[39mTRACE&amp#27;[0;39m [&amp#27;[34mmain&amp#27;[0;39m] &amp#27;[33morg.hibernate.type.descriptor.sql.BasicExtractor&amp#27;[0;39m: extracted value ([inserted4_14_] : [VARCHAR]) - [null]
&amp#27;[30m2020-05-09 13:10:41,844&amp#27;[0;39m &amp#27;[39mTRACE&amp#27;[0;39m [&amp#27;[34mmain&amp#27;[0;39m] &amp#27;[33morg.hibernate.type.descriptor.sql.BasicExtractor&amp#27;[0;39m: extracted value ([inserted5_14_] : [VARCHAR]) - [usermanagement]
&amp#27;[30m2020-05-09 13:10:41,845&amp#27;[0;39m &amp#27;[39mTRACE&amp#27;[0;39m [&amp#27;[34mmain&amp#27;[0;39m] &amp#27;[33morg.hibernate.type.descriptor.sql.BasicExtractor&amp#27;[0;39m: extracted value ([status6_14_] : [VARCHAR]) - [A]
&amp#27;[30m2020-05-09 13:10:41,845&amp#27;[0;39m &amp#27;[39mTRACE&amp#27;[0;39m [&amp#27;[34mmain&amp#27;[0;39m] &amp#27;[33morg.hibernate.type.descriptor.sql.BasicExtractor&amp#27;[0;39m: extracted value ([updated_7_14_] : [VARCHAR]) - [null]
&amp#27;[30m2020-05-09 13:10:41,845&amp#27;[0;39m &amp#27;[39mTRACE&amp#27;[0;39m [&amp#27;[34mmain&amp#27;[0;39m] &amp#27;[33morg.hibernate.type.descriptor.sql.BasicExtractor&amp#27;[0;39m: extracted value ([updated_8_14_] : [TIMESTAMP]) - [null]
&amp#27;[30m2020-05-09 13:10:41,845&amp#27;[0;39m &amp#27;[39mTRACE&amp#27;[0;39m [&amp#27;[34mmain&amp#27;[0;39m] &amp#27;[33morg.hibernate.type.descriptor.sql.BasicExtractor&amp#27;[0;39m: extracted value ([updated_9_14_] : [VARCHAR]) - [null]
&amp#27;[30m2020-05-09 13:10:41,846&amp#27;[0;39m &amp#27;[39mTRACE&amp#27;[0;39m [&amp#27;[34mmain&amp#27;[0;39m] &amp#27;[33morg.hibernate.type.descriptor.sql.BasicExtractor&amp#27;[0;39m: extracted value ([name10_14_] : [VARCHAR]) - [Delete]
Hibernate: INSERT INTO ROLE_PRIVILEGE(role_id, privilege_id) values(?, ?)
&amp#27;[30m2020-05-09 13:10:41,849&amp#27;[0;39m &amp#27;[39mTRACE&amp#27;[0;39m [&amp#27;[34mmain&amp#27;[0;39m] &amp#27;[33morg.hibernate.type.descriptor.sql.BasicBinder&amp#27;[0;39m: binding parameter [1] as [BIGINT] - [2]
&amp#27;[30m2020-05-09 13:10:41,850&amp#27;[0;39m &amp#27;[39mTRACE&amp#27;[0;39m [&amp#27;[34mmain&amp#27;[0;39m] &amp#27;[33morg.hibernate.type.descriptor.sql.BasicBinder&amp#27;[0;39m: binding parameter [2] as [BIGINT] - [1]
&amp#27;[30m2020-05-09 13:10:41,851&amp#27;[0;39m &amp#27;[31mWARN &amp#27;[0;39m [&amp#27;[34mmain&amp#27;[0;39m] &amp#27;[33morg.hibernate.engine.jdbc.spi.SqlExceptionHelper&amp#27;[0;39m: SQL Error: 1062, SQLState: 23000
&amp#27;[30m2020-05-09 13:10:41,851&amp#27;[0;39m &amp#27;[1;31mERROR&amp#27;[0;39m [&amp#27;[34mmain&amp#27;[0;39m] &amp#27;[33morg.hibernate.engine.jdbc.spi.SqlExceptionHelper&amp#27;[0;39m: Duplicate entry '2-1' for key 'role_privilege.PRIMARY'
]]></system-out>
  </testcase>
  <testcase name="testFindOne" classname="com.bytmasoft.um.services.RoleServiceTest" time="0.006">
    <error message="There is no role with this id: 6" type="com.bytmasoft.common.exception.MyEntityNotFoundException">com.bytmasoft.common.exception.MyEntityNotFoundException: There is no role with this id: 6
	at com.bytmasoft.um.services.RoleServiceTest.testFindOne(RoleServiceTest.java:73)
</error>
    <system-out><![CDATA[Hibernate: select role0_.id as id1_15_0_, role0_.created_on as created_2_15_0_, role0_.deletestatus as deletest3_15_0_, role0_.inserted_by as inserted4_15_0_, role0_.inserted_prog as inserted5_15_0_, role0_.status as status6_15_0_, role0_.updated_by as updated_7_15_0_, role0_.updated_on as updated_8_15_0_, role0_.updated_prog as updated_9_15_0_, role0_.name as name10_15_0_, role0_.type as type11_15_0_, privileges1_.role_id as role_id1_16_1_, privilege2_.id as privileg2_16_1_, privilege2_.id as id1_14_2_, privilege2_.created_on as created_2_14_2_, privilege2_.deletestatus as deletest3_14_2_, privilege2_.inserted_by as inserted4_14_2_, privilege2_.inserted_prog as inserted5_14_2_, privilege2_.status as status6_14_2_, privilege2_.updated_by as updated_7_14_2_, privilege2_.updated_on as updated_8_14_2_, privilege2_.updated_prog as updated_9_14_2_, privilege2_.name as name10_14_2_ from role role0_ left outer join role_privilege privileges1_ on role0_.id=privileges1_.role_id left outer join privilege privilege2_ on privileges1_.privilege_id=privilege2_.id where role0_.id=?
&amp#27;[30m2020-05-09 13:10:41,858&amp#27;[0;39m &amp#27;[39mTRACE&amp#27;[0;39m [&amp#27;[34mmain&amp#27;[0;39m] &amp#27;[33morg.hibernate.type.descriptor.sql.BasicBinder&amp#27;[0;39m: binding parameter [1] as [BIGINT] - [6]
]]></system-out>
  </testcase>
  <testcase name="ContextLoads" classname="com.bytmasoft.um.services.RoleServiceTest" time="0.004"/>
</testsuite>