<?xml version="1.0" encoding="UTF-8"?>
<testsuite xmlns:xsi="http://www.w3.org/2001/XMLSchema-instance" xsi:noNamespaceSchemaLocation="https://maven.apache.org/surefire/maven-surefire-plugin/xsd/surefire-test-report.xsd" name="com.bytmasoft.um.services.SchoolServiceTest" time="0.079" tests="23" errors="1" skipped="0" failures="21">
  <properties>
[...]
</properties>
  <testcase name="testCountActiveResources" classname="com.bytmasoft.um.services.SchoolServiceTest" time="0">
    <failure message="Not yet implemented" type="org.opentest4j.AssertionFailedError">org.opentest4j.AssertionFailedError: Not yet implemented
	at com.bytmasoft.um.services.SchoolServiceTest.testCountActiveResources(SchoolServiceTest.java:154)
</failure>
    <system-out><![CDATA[&amp#27;[30m2020-05-09 13:10:41,867&amp#27;[0;39m &amp#27;[34mINFO &amp#27;[0;39m [&amp#27;[34mmain&amp#27;[0;39m] &amp#27;[33morg.springframework.test.context.support.AbstractTestContextBootstrapper&amp#27;[0;39m: Neither @ContextConfiguration nor @ContextHierarchy found for test class [com.bytmasoft.um.services.SchoolServiceTest], using SpringBootContextLoader
&amp#27;[30m2020-05-09 13:10:41,868&amp#27;[0;39m &amp#27;[34mINFO &amp#27;[0;39m [&amp#27;[34mmain&amp#27;[0;39m] &amp#27;[33morg.springframework.test.context.support.AbstractContextLoader&amp#27;[0;39m: Could not detect default resource locations for test class [com.bytmasoft.um.services.SchoolServiceTest]: no resource found for suffixes {-context.xml, Context.groovy}.
&amp#27;[30m2020-05-09 13:10:41,869&amp#27;[0;39m &amp#27;[34mINFO &amp#27;[0;39m [&amp#27;[34mmain&amp#27;[0;39m] &amp#27;[33morg.springframework.test.context.support.AnnotationConfigContextLoaderUtils&amp#27;[0;39m: Could not detect default configuration classes for test class [com.bytmasoft.um.services.SchoolServiceTest]: SchoolServiceTest does not declare any static, non-private, non-final, nested classes annotated with @Configuration.
&amp#27;[30m2020-05-09 13:10:41,871&amp#27;[0;39m &amp#27;[34mINFO &amp#27;[0;39m [&amp#27;[34mmain&amp#27;[0;39m] &amp#27;[33morg.springframework.boot.test.context.SpringBootTestContextBootstrapper&amp#27;[0;39m: Found @SpringBootConfiguration com.bytmasoft.DSSApplication for test class com.bytmasoft.um.services.SchoolServiceTest
&amp#27;[30m2020-05-09 13:10:41,873&amp#27;[0;39m &amp#27;[34mINFO &amp#27;[0;39m [&amp#27;[34mmain&amp#27;[0;39m] &amp#27;[33morg.springframework.test.context.support.AbstractTestContextBootstrapper&amp#27;[0;39m: Loaded default TestExecutionListener class names from location [META-INF/spring.factories]: [org.springframework.boot.test.mock.mockito.MockitoTestExecutionListener, org.springframework.boot.test.mock.mockito.ResetMocksTestExecutionListener, org.springframework.boot.test.autoconfigure.restdocs.RestDocsTestExecutionListener, org.springframework.boot.test.autoconfigure.web.client.MockRestServiceServerResetTestExecutionListener, org.springframework.boot.test.autoconfigure.web.servlet.MockMvcPrintOnlyOnFailureTestExecutionListener, org.springframework.boot.test.autoconfigure.web.servlet.WebDriverTestExecutionListener, org.springframework.test.context.web.ServletTestExecutionListener, org.springframework.test.context.support.DirtiesContextBeforeModesTestExecutionListener, org.springframework.test.context.support.DependencyInjectionTestExecutionListener, org.springframework.test.context.support.DirtiesContextTestExecutionListener, org.springframework.test.context.transaction.TransactionalTestExecutionListener, org.springframework.test.context.jdbc.SqlScriptsTestExecutionListener, org.springframework.test.context.event.EventPublishingTestExecutionListener, org.springframework.security.test.context.support.WithSecurityContextTestExecutionListener, org.springframework.security.test.context.support.ReactorContextTestExecutionListener]
&amp#27;[30m2020-05-09 13:10:41,874&amp#27;[0;39m &amp#27;[34mINFO &amp#27;[0;39m [&amp#27;[34mmain&amp#27;[0;39m] &amp#27;[33morg.springframework.test.context.support.AbstractTestContextBootstrapper&amp#27;[0;39m: Using TestExecutionListeners: [org.springframework.test.context.web.ServletTestExecutionListener@31af3f22, org.springframework.test.context.support.DirtiesContextBeforeModesTestExecutionListener@6c418f0b, org.springframework.boot.test.mock.mockito.MockitoTestExecutionListener@38950138, org.springframework.boot.test.autoconfigure.SpringBootDependencyInjectionTestExecutionListener@99ace98, org.springframework.test.context.support.DirtiesContextTestExecutionListener@4104b6a6, org.springframework.test.context.transaction.TransactionalTestExecutionListener@21dd405a, org.springframework.test.context.jdbc.SqlScriptsTestExecutionListener@31d11998, org.springframework.test.context.event.EventPublishingTestExecutionListener@6ee0ef34, org.springframework.security.test.context.support.WithSecurityContextTestExecutionListener@ab5d5c8, org.springframework.security.test.context.support.ReactorContextTestExecutionListener@41a18b54, org.springframework.boot.test.mock.mockito.ResetMocksTestExecutionListener@78854721, org.springframework.boot.test.autoconfigure.restdocs.RestDocsTestExecutionListener@11759e4a, org.springframework.boot.test.autoconfigure.web.client.MockRestServiceServerResetTestExecutionListener@354a1239, org.springframework.boot.test.autoconfigure.web.servlet.MockMvcPrintOnlyOnFailureTestExecutionListener@78fcc4ef, org.springframework.boot.test.autoconfigure.web.servlet.WebDriverTestExecutionListener@2a12389e]
]]></system-out>
  </testcase>
  <testcase name="testFindAllResources" classname="com.bytmasoft.um.services.SchoolServiceTest" time="0">
    <failure message="Not yet implemented" type="org.opentest4j.AssertionFailedError">org.opentest4j.AssertionFailedError: Not yet implemented
	at com.bytmasoft.um.services.SchoolServiceTest.testFindAllResources(SchoolServiceTest.java:60)
</failure>
  </testcase>
  <testcase name="testFindUsersBySchoolId" classname="com.bytmasoft.um.services.SchoolServiceTest" time="0">
    <failure message="Not yet implemented" type="org.opentest4j.AssertionFailedError">org.opentest4j.AssertionFailedError: Not yet implemented
	at com.bytmasoft.um.services.SchoolServiceTest.testFindUsersBySchoolId(SchoolServiceTest.java:226)
</failure>
  </testcase>
  <testcase name="testActivateAll" classname="com.bytmasoft.um.services.SchoolServiceTest" time="0">
    <failure message="Not yet implemented" type="org.opentest4j.AssertionFailedError">org.opentest4j.AssertionFailedError: Not yet implemented
	at com.bytmasoft.um.services.SchoolServiceTest.testActivateAll(SchoolServiceTest.java:190)
</failure>
  </testcase>
  <testcase name="testFindOne" classname="com.bytmasoft.um.services.SchoolServiceTest" time="0.003">
    <failure message="Not yet implemented" type="org.opentest4j.AssertionFailedError">org.opentest4j.AssertionFailedError: Not yet implemented
	at com.bytmasoft.um.services.SchoolServiceTest.testFindOne(SchoolServiceTest.java:51)
</failure>
  </testcase>
  <testcase name="testCount" classname="com.bytmasoft.um.services.SchoolServiceTest" time="0.003">
    <failure message="Not yet implemented" type="org.opentest4j.AssertionFailedError">org.opentest4j.AssertionFailedError: Not yet implemented
	at com.bytmasoft.um.services.SchoolServiceTest.testCount(SchoolServiceTest.java:145)
</failure>
  </testcase>
  <testcase name="testFindByName" classname="com.bytmasoft.um.services.SchoolServiceTest" time="0.004">
    <failure message="Not yet implemented" type="org.opentest4j.AssertionFailedError">org.opentest4j.AssertionFailedError: Not yet implemented
	at com.bytmasoft.um.services.SchoolServiceTest.testFindByName(SchoolServiceTest.java:208)
</failure>
  </testcase>
  <testcase name="testFindByType" classname="com.bytmasoft.um.services.SchoolServiceTest" time="0.004">
    <failure message="Not yet implemented" type="org.opentest4j.AssertionFailedError">org.opentest4j.AssertionFailedError: Not yet implemented
	at com.bytmasoft.um.services.SchoolServiceTest.testFindByType(SchoolServiceTest.java:217)
</failure>
  </testcase>
  <testcase name="testDeleteAllInActiveResources" classname="com.bytmasoft.um.services.SchoolServiceTest" time="0.003">
    <failure message="Not yet implemented" type="org.opentest4j.AssertionFailedError">org.opentest4j.AssertionFailedError: Not yet implemented
	at com.bytmasoft.um.services.SchoolServiceTest.testDeleteAllInActiveResources(SchoolServiceTest.java:136)
</failure>
  </testcase>
  <testcase name="testDeactivateById" classname="com.bytmasoft.um.services.SchoolServiceTest" time="0.002">
    <failure message="Not yet implemented" type="org.opentest4j.AssertionFailedError">org.opentest4j.AssertionFailedError: Not yet implemented
	at com.bytmasoft.um.services.SchoolServiceTest.testDeactivateById(SchoolServiceTest.java:181)
</failure>
  </testcase>
  <testcase name="testFindAddressBySchoolId" classname="com.bytmasoft.um.services.SchoolServiceTest" time="0.003">
    <failure message="Not yet implemented" type="org.opentest4j.AssertionFailedError">org.opentest4j.AssertionFailedError: Not yet implemented
	at com.bytmasoft.um.services.SchoolServiceTest.testFindAddressBySchoolId(SchoolServiceTest.java:235)
</failure>
  </testcase>
  <testcase name="testActivateById" classname="com.bytmasoft.um.services.SchoolServiceTest" time="0.002">
    <failure message="Not yet implemented" type="org.opentest4j.AssertionFailedError">org.opentest4j.AssertionFailedError: Not yet implemented
	at com.bytmasoft.um.services.SchoolServiceTest.testActivateById(SchoolServiceTest.java:172)
</failure>
  </testcase>
  <testcase name="testSchoolServiceImpl" classname="com.bytmasoft.um.services.SchoolServiceTest" time="0.002"/>
  <testcase name="testDeleteAll" classname="com.bytmasoft.um.services.SchoolServiceTest" time="0.003">
    <failure message="Not yet implemented" type="org.opentest4j.AssertionFailedError">org.opentest4j.AssertionFailedError: Not yet implemented
	at com.bytmasoft.um.services.SchoolServiceTest.testDeleteAll(SchoolServiceTest.java:127)
</failure>
  </testcase>
  <testcase name="testFindAllInActive" classname="com.bytmasoft.um.services.SchoolServiceTest" time="0.003">
    <failure message="Not yet implemented" type="org.opentest4j.AssertionFailedError">org.opentest4j.AssertionFailedError: Not yet implemented
	at com.bytmasoft.um.services.SchoolServiceTest.testFindAllInActive(SchoolServiceTest.java:69)
</failure>
  </testcase>
  <testcase name="testCountInActiveResources" classname="com.bytmasoft.um.services.SchoolServiceTest" time="0.003">
    <failure message="Not yet implemented" type="org.opentest4j.AssertionFailedError">org.opentest4j.AssertionFailedError: Not yet implemented
	at com.bytmasoft.um.services.SchoolServiceTest.testCountInActiveResources(SchoolServiceTest.java:163)
</failure>
  </testcase>
  <testcase name="testFindAllPaginatedAndSorted" classname="com.bytmasoft.um.services.SchoolServiceTest" time="0.003">
    <failure message="Not yet implemented" type="org.opentest4j.AssertionFailedError">org.opentest4j.AssertionFailedError: Not yet implemented
	at com.bytmasoft.um.services.SchoolServiceTest.testFindAllPaginatedAndSorted(SchoolServiceTest.java:87)
</failure>
  </testcase>
  <testcase name="testDeleteById" classname="com.bytmasoft.um.services.SchoolServiceTest" time="0.003">
    <failure message="Not yet implemented" type="org.opentest4j.AssertionFailedError">org.opentest4j.AssertionFailedError: Not yet implemented
	at com.bytmasoft.um.services.SchoolServiceTest.testDeleteById(SchoolServiceTest.java:118)
</failure>
  </testcase>
  <testcase name="testFindAllActive" classname="com.bytmasoft.um.services.SchoolServiceTest" time="0.002">
    <failure message="Not yet implemented" type="org.opentest4j.AssertionFailedError">org.opentest4j.AssertionFailedError: Not yet implemented
	at com.bytmasoft.um.services.SchoolServiceTest.testFindAllActive(SchoolServiceTest.java:78)
</failure>
  </testcase>
  <testcase name="testCreate" classname="com.bytmasoft.um.services.SchoolServiceTest" time="0.007">
    <error message="There is no user with this id: 3" type="javax.persistence.EntityNotFoundException">javax.persistence.EntityNotFoundException: There is no user with this id: 3
	at com.bytmasoft.um.services.SchoolServiceTest.getSchools(SchoolServiceTest.java:263)
	at com.bytmasoft.um.services.SchoolServiceTest.testCreate(SchoolServiceTest.java:96)
</error>
    <system-out><![CDATA[Hibernate: select address0_.id as id1_0_0_, address0_.created_on as created_2_0_0_, address0_.deletestatus as deletest3_0_0_, address0_.inserted_by as inserted4_0_0_, address0_.inserted_prog as inserted5_0_0_, address0_.status as status6_0_0_, address0_.updated_by as updated_7_0_0_, address0_.updated_on as updated_8_0_0_, address0_.updated_prog as updated_9_0_0_, address0_.city as city10_0_0_, address0_.country_id_fk as country15_0_0_, address0_.hause_number as hause_n11_0_0_, address0_.postal_code as postal_12_0_0_, address0_.street as street13_0_0_, address0_.type as type14_0_0_, country1_.id as id1_5_1_, country1_.created_on as created_2_5_1_, country1_.deletestatus as deletest3_5_1_, country1_.inserted_by as inserted4_5_1_, country1_.inserted_prog as inserted5_5_1_, country1_.status as status6_5_1_, country1_.updated_by as updated_7_5_1_, country1_.updated_on as updated_8_5_1_, country1_.updated_prog as updated_9_5_1_, country1_.abbreviations as abbrevi10_5_1_, country1_.name as name11_5_1_, school2_.id as id1_17_2_, school2_.created_on as created_2_17_2_, school2_.deletestatus as deletest3_17_2_, school2_.inserted_by as inserted4_17_2_, school2_.inserted_prog as inserted5_17_2_, school2_.status as status6_17_2_, school2_.updated_by as updated_7_17_2_, school2_.updated_on as updated_8_17_2_, school2_.updated_prog as updated_9_17_2_, school2_.address_id as address14_17_2_, school2_.description as descrip10_17_2_, school2_.manager_id as manager15_17_2_, school2_.name as name11_17_2_, school2_.prefix as prefix12_17_2_, school2_.schooltype as schoolt13_17_2_, manager3_.id as id1_11_3_, manager3_.created_on as created_2_11_3_, manager3_.deletestatus as deletest3_11_3_, manager3_.inserted_by as inserted4_11_3_, manager3_.inserted_prog as inserted5_11_3_, manager3_.status as status6_11_3_, manager3_.updated_by as updated_7_11_3_, manager3_.updated_on as updated_8_11_3_, manager3_.updated_prog as updated_9_11_3_, manager3_.birthday as birthda10_11_3_, manager3_.email as email11_11_3_, manager3_.first_name as first_n12_11_3_, manager3_.foto as foto13_11_3_, manager3_.gender as gender14_11_3_, manager3_.last_login as last_lo15_11_3_, manager3_.last_name as last_na16_11_3_, manager3_.middel_name as middel_17_11_3_, manager3_.password as passwor18_11_3_, manager3_.salt as salt19_11_3_, manager3_.type as type20_11_3_, manager3_.username as usernam21_11_3_ from address address0_ left outer join country country1_ on address0_.country_id_fk=country1_.id left outer join school school2_ on address0_.id=school2_.address_id left outer join manager manager3_ on school2_.manager_id=manager3_.id where address0_.id=?
&amp#27;[30m2020-05-09 13:10:41,956&amp#27;[0;39m &amp#27;[39mTRACE&amp#27;[0;39m [&amp#27;[34mmain&amp#27;[0;39m] &amp#27;[33morg.hibernate.type.descriptor.sql.BasicBinder&amp#27;[0;39m: binding parameter [1] as [BIGINT] - [3]
]]></system-out>
  </testcase>
  <testcase name="testSetUpdateParams" classname="com.bytmasoft.um.services.SchoolServiceTest" time="0.002">
    <failure message="Not yet implemented" type="org.opentest4j.AssertionFailedError">org.opentest4j.AssertionFailedError: Not yet implemented
	at com.bytmasoft.um.services.SchoolServiceTest.testSetUpdateParams(SchoolServiceTest.java:244)
</failure>
  </testcase>
  <testcase name="testDeactivateAll" classname="com.bytmasoft.um.services.SchoolServiceTest" time="0.002">
    <failure message="Not yet implemented" type="org.opentest4j.AssertionFailedError">org.opentest4j.AssertionFailedError: Not yet implemented
	at com.bytmasoft.um.services.SchoolServiceTest.testDeactivateAll(SchoolServiceTest.java:199)
</failure>
  </testcase>
  <testcase name="testUpdate" classname="com.bytmasoft.um.services.SchoolServiceTest" time="0.002">
    <failure message="Not yet implemented" type="org.opentest4j.AssertionFailedError">org.opentest4j.AssertionFailedError: Not yet implemented
	at com.bytmasoft.um.services.SchoolServiceTest.testUpdate(SchoolServiceTest.java:109)
</failure>
  </testcase>
</testsuite>